Cadence Genus(TM) Synthesis Solution.
Copyright 2017 Cadence Design Systems, Inc. All rights reserved worldwide.
Cadence and the Cadence logo are registered trademarks and Genus is a trademark
of Cadence Design Systems, Inc. in the United States and other countries.

Version: 17.21-s010_1, built Wed Feb 07 2018
Options: 
Date:    Thu Apr 29 16:48:20 2021
Host:    cad54 (x86_64 w/Linux 2.6.32-71.el6.x86_64) (2cores*4cpus*1physical cpu*Intel(R) Core(TM) i3-2120 CPU @ 3.30GHz 3072KB) (7955092KB)
OS:      Red Hat Enterprise Linux Server release 6.0 (Santiago)

Checking out license: Genus_Synthesis

Loading tool scripts...

Finished loading tool scripts (26 seconds elapsed).

WARNING: This version of the tool is 1177 days old.
@genus:root: 1> set_db library slow.lib

Threads Configured:3

  Message Summary for Library slow.lib:
  *************************************
  Could not find an attribute in the library. [LBR-436]: 639
  Missing a function attribute in the output pin definition. [LBR-518]: 1
  An unsupported construct was detected in this library. [LBR-40]: 1
  *************************************
 
Info    : Created nominal operating condition. [LBR-412]
        : Operating condition '_nominal_' was created for the PVT values (1.000000, 1.620000, 125.000000) in library 'slow.lib'.
        : The nominal operating condition represents either the nominal PVT values if specified in the library source, or the default PVT values (1.0, 1.0, 1.0).
  Setting attribute of root '/': 'library' = slow.lib
1 slow.lib
@genus:root: 2> read_sdc mux32four.v
Error   : Unknown TCL command in the SDC file. [SDC-234] [read_sdc]
        : Invalid command 'module'
        : The 'read_sdc' command encountered a problem while trying to evaluate a command in the SDC file.
Error   : Could not interpret SDC command. [SDC-202] [read_sdc]
        : The TCL interpreter encountered the following error while processing line '1' of the SDC file 'mux32four.v': invalid command name 'module'.
        : The 'read_sdc' command encountered a problem while trying to evaluate an SDC command. This SDC command will be added to the Tcl variable $::dc::sdc_failed_commands.
Error   : Unknown TCL command in the SDC file. [SDC-234] [read_sdc]
        : Invalid command '31:0'
Error   : Unknown TCL command in the SDC file. [SDC-234] [read_sdc]
        : Invalid command 'input'
Error   : Could not interpret SDC command. [SDC-202] [read_sdc]
        : The TCL interpreter encountered the following error while processing line '2' of the SDC file 'mux32four.v': invalid command name 'input'.
Error   : Unknown TCL command in the SDC file. [SDC-234] [read_sdc]
        : Invalid command '1:0'
Error   : Unknown TCL command in the SDC file. [SDC-234] [read_sdc]
        : Invalid command 'input'
Error   : Could not interpret SDC command. [SDC-202] [read_sdc]
        : The TCL interpreter encountered the following error while processing line '3' of the SDC file 'mux32four.v': invalid command name 'input'.
Error   : Unknown TCL command in the SDC file. [SDC-234] [read_sdc]
        : Invalid command '31:0'
Error   : Unknown TCL command in the SDC file. [SDC-234] [read_sdc]
        : Invalid command 'output'
Error   : Could not interpret SDC command. [SDC-202] [read_sdc]
        : The TCL interpreter encountered the following error while processing line '4' of the SDC file 'mux32four.v': invalid command name 'output'.
Error   : Unknown TCL command in the SDC file. [SDC-234] [read_sdc]
        : Invalid command 'assign'
Error   : Could not interpret SDC command. [SDC-202] [read_sdc]
        : The TCL interpreter encountered the following error while processing line '6' of the SDC file 'mux32four.v': invalid command name 'assign'.
Error   : Unknown TCL command in the SDC file. [SDC-234] [read_sdc]
        : Invalid command '(sel==2'b10)'
Error   : Could not interpret SDC command. [SDC-202] [read_sdc]
        : The TCL interpreter encountered the following error while processing line '7' of the SDC file 'mux32four.v': invalid command name '(sel==2'b10)'.
Error   : Unknown TCL command in the SDC file. [SDC-234] [read_sdc]
        : Invalid command '(sel==2'b01)'
Error   : Could not interpret SDC command. [SDC-202] [read_sdc]
        : The TCL interpreter encountered the following error while processing line '8' of the SDC file 'mux32four.v': invalid command name '(sel==2'b01)'.
Error   : Unknown TCL command in the SDC file. [SDC-234] [read_sdc]
        : Invalid command 'i0'
Error   : Could not interpret SDC command. [SDC-202] [read_sdc]
        : The TCL interpreter encountered the following error while processing line '9' of the SDC file 'mux32four.v': invalid command name 'i0'.
Error   : Unknown TCL command in the SDC file. [SDC-234] [read_sdc]
        : Invalid command 'endmodule'
Error   : Could not interpret SDC command. [SDC-202] [read_sdc]
        : The TCL interpreter encountered the following error while processing line '11' of the SDC file 'mux32four.v': invalid command name 'endmodule'.
Error   : No designs are available. A design must first be read in and elaborated. [TUI-10] [read_sdc]
        : There is no design here.
        : A design must first be read in with 'read_hdl' command and elaborated with 'elaborate' command.
Warning : One or more commands failed when these constraints were applied. [SDC-209]
        : The 'read_sdc' command encountered a problem while processing commands.
        : You can examine the failed commands or save them to a file by querying the Tcl variable $::dc::sdc_failed_commands.
Total runtime 0
@genus:root: 3> read_hdl mux32four.v
@genus:root: 4> elaborate
Info    : Elaborating Design. [ELAB-1]
        : Elaborating top-level block 'mux32four' from file 'mux32four.v'.
Info    : Done Elaborating Design. [ELAB-3]
        : Done elaborating 'mux32four'.
Checking for analog nets...
Check completed for analog nets.
Checking for source RTL...
Check completed for source RTL.
UM:  flow.cputime  flow.realtime  timing.setup.tns  timing.setup.wns  snapshot
UM:            12            381                                      elaborate
design:mux32four
@genus:root: 5> read_sdc counter_constraints.g
Warning : Could not find requested search value. [SDC-208] [get_ports]
        : The 'get_ports' command on line '1' of the SDC file 'counter_constraints.g'  cannot find any ports named 'clk'
        : Use the 'vcd' and 'vls' commands to browse the virtual directories to find the object because the specified name and/or location does not exist.
Error   : A required object parameter could not be found. [TUI-61] [parse_options]
        : An object of type 'port|pin|hpin' named '' could not be found.
        : Check to make sure that the object exists and is of the correct type.  The 'what_is' command can be used to determine the type of an object.
Error   : Could not interpret SDC command. [SDC-202] [read_sdc]
        : The 'read_sdc' command encountered an error while processing this command on line '1' of the SDC file 'counter_constraints.g': create_clock -name clk -period 50 -waveform {0 25} [get_ports 'clk'].
Warning : Could not find requested search value. [SDC-208] [get_clocks]
        : The 'get_clocks' command on line '2' of the SDC file 'counter_constraints.g'  cannot find any clocks named 'clk'
Error   : A required object parameter could not be found. [TUI-61] [parse_options]
        : An object of type 'clock' named '' could not be found.
Error   : Could not interpret SDC command. [SDC-202] [read_sdc]
        : The 'read_sdc' command encountered an error while processing this command on line '2' of the SDC file 'counter_constraints.g': set_clock_transition -rise 0.1 [get_clocks 'clk'].
Warning : Could not find requested search value. [SDC-208] [get_clocks]
        : The 'get_clocks' command on line '3' of the SDC file 'counter_constraints.g'  cannot find any clocks named 'clk'
Error   : A required object parameter could not be found. [TUI-61] [parse_options]
        : An object of type 'clock' named '' could not be found.
Error   : Could not interpret SDC command. [SDC-202] [read_sdc]
        : The 'read_sdc' command encountered an error while processing this command on line '3' of the SDC file 'counter_constraints.g': set_clock_transition -fall 0.1 [get_clocks 'clk'].
Warning : Could not find requested search value. [SDC-208] [get_ports]
        : The 'get_ports' command on line '4' of the SDC file 'counter_constraints.g'  cannot find any ports named 'clk'
Error   : Option missing for SDC command. [SDC-203] [set_clock_uncertainty]
        : The 'set_clock_uncertainty' command on line '4' of the SDC file 'counter_constraints.g' requires '-from', '-to', '-rise_from', '-fall_from', '-rise_to', '-fall_to', or list of objects option.
        : This SDC command requires the indicated options.  Check the SDC command and contact Cadence customer support if you believe this option combination should be supported.
Error   : Could not interpret SDC command. [SDC-202] [read_sdc]
        : The 'read_sdc' command encountered an error while processing this command on line '4' of the SDC file 'counter_constraints.g': set_clock_uncertainty 0.1 [get_ports 'clk'].
Statistics for commands executed by read_sdc:
 "create_clock"             - successful      0 , failed      1 (runtime  0.00)
 "get_clocks"               - successful      0 , failed      2 (runtime  0.00)
 "get_ports"                - successful      0 , failed      2 (runtime  0.00)
 "set_clock_transition"     - successful      0 , failed      2 (runtime  0.00)
 "set_clock_uncertainty"    - successful      0 , failed      1 (runtime  0.00)
Warning : Total failed commands during read_sdc are 8
Warning : One or more commands failed when these constraints were applied. [SDC-209]
        : The 'read_sdc' command encountered a problem while processing commands.
Total runtime 0
@genus:root: 6> synthesize -to_mapped -effort medium
Warning : This command will be obsolete in a next major release. [TUI-37]
        : command: 'synthesize'
        : The synthesize command is obsolete. Use the syn_gen, syn_map or syn_opt commands instead.
Info    : Synthesizing. [SYNTH-1]
        : Synthesizing 'mux32four' to generic gates using 'medium' effort.
Info    : Pre-processed datapath logic. [DPOPT-6]
        : No pre-processing optimizations applied to datapath logic in 'mux32four'.
Info    : Optimizing datapath logic. [DPOPT-1]
        : Optimizing datapath logic in 'mux32four'.
Info    : Implementing datapath configurations. [DPOPT-3]
        : Implementing datapath configurations for 'CDN_DP_region'
Info    : Done implementing datapath configurations. [DPOPT-4]
        : Selected 'very_fast' configuration 4 for module 'CDN_DP_region'.
          Optimizations applied to 'very_fast' configuration:
            rewriting(0), factoring(0), sharing(0), cmultcse(0), downsizing(0), speculation(0)
Info    : Done optimizing datapath logic. [DPOPT-2]
        : Done optimizing datapath logic in 'mux32four'.
Info    : Done synthesizing. [SYNTH-2]
        : Done synthesizing 'mux32four' to generic gates.
Info    : Mapping. [SYNTH-4]
        : Mapping 'mux32four' using 'medium' effort.
Mapper: Libraries have:
	domain _default_: 278 combo usable cells and 172 sequential usable cells
Multi-threaded constant propagation [1|0] ...
Multi-threaded Virtual Mapping    (4 threads, 4 of 4 CPUs usable)
 
Global mapping target info
==========================
Cost Group 'default' target slack: Unconstrained

Multi-threaded Virtual Mapping    (4 threads, 4 of 4 CPUs usable)
Multi-threaded Technology Mapping (4 threads, 4 of 4 CPUs usable)
 
Global mapping status
=====================
                                    Worst 
                           Total  Weighted
Operation                   Area  Neg Slk Worst Path
-------------------------------------------------------------------------------
 global_map                 1434        0  N/A

    Cost Group            Target    Slack    Diff.  Constr.
-----------------------------------------------------------
       default          unconst. unconst.              N.A. 

 
Global incremental target info
==============================
Cost Group 'default' target slack: Unconstrained

 
Global incremental optimization status
======================================
                                    Worst 
                           Total  Weighted
Operation                   Area  Neg Slk Worst Path
-------------------------------------------------------------------------------
 global_incr                1434        0  N/A

    Cost Group            Target    Slack    Diff.  Constr.
-----------------------------------------------------------
       default          unconst. unconst.              N.A. 

Info    : Done mapping. [SYNTH-5]
        : Done mapping 'mux32four'.
Info    : Incrementally optimizing. [SYNTH-7]
        : Incrementally optimizing 'mux32four' using 'medium' effort.
 
Incremental optimization status
===============================
                                    Worst     Total - - DRC Totals - -
                           Total  Weighted     Neg      Max       Max 
Operation                   Area  Neg Slk     Slack    Trans      Cap 
-------------------------------------------------------------------------------
 init_iopt                  1434        0         0         0        0
 const_prop                 1434        0         0         0        0
 
Incremental optimization status
===============================
                                    Worst     Total - - DRC Totals - -
                           Total  Weighted     Neg      Max       Max 
Operation                   Area  Neg Slk     Slack    Trans      Cap 
-------------------------------------------------------------------------------
 init_delay                 1434        0         0         0        0

           Trick     Calls     Accepts   Attempts    Time(secs) 
-----------------------------------------------------------
       crit_upsz         0  (        0 /        0 )  0.00
    plc_bal_star         0  (        0 /        0 )  0.00
     drc_buftimb         0  (        0 /        0 )  0.00
          plc_st         0  (        0 /        0 )  0.00
       plc_lo_st         0  (        0 /        0 )  0.00
        plc_star         0  (        0 /        0 )  0.00
     drc_buftims         0  (        0 /        0 )  0.00
       plc_lo_st         0  (        0 /        0 )  0.00
            fopt         0  (        0 /        0 )  0.00
       crit_dnsz         0  (        0 /        0 )  0.00
             dup         0  (        0 /        0 )  0.00
            fopt         0  (        0 /        0 )  0.00
        setup_dn         0  (        0 /        0 )  0.00
         buf2inv         0  (        0 /        0 )  0.00
             exp         0  (        0 /        0 )  0.00
       gate_deco         0  (        0 /        0 )  0.00
       gcomp_tim         0  (        0 /        0 )  0.00
  inv_pair_2_buf         0  (        0 /        0 )  0.00

 init_drc                   1434        0         0         0        0

           Trick     Calls     Accepts   Attempts    Time(secs) 
-----------------------------------------------------------
          plc_st         0  (        0 /        0 )  0.00
        plc_star         0  (        0 /        0 )  0.00
        drc_bufs         0  (        0 /        0 )  0.00
        drc_fopt         0  (        0 /        0 )  0.00
        drc_bufb         0  (        0 /        0 )  0.00
      simple_buf         0  (        0 /        0 )  0.00
             dup         0  (        0 /        0 )  0.00
       crit_dnsz         0  (        0 /        0 )  0.00
       crit_upsz         0  (        0 /        0 )  0.00


           Trick     Calls     Accepts   Attempts    Time(secs) 
-----------------------------------------------------------
          plc_st         0  (        0 /        0 )  0.00
        plc_star         0  (        0 /        0 )  0.00
      drc_buf_sp         0  (        0 /        0 )  0.00
        drc_bufs         0  (        0 /        0 )  0.00
        drc_fopt         0  (        0 /        0 )  0.00
        drc_bufb         0  (        0 /        0 )  0.00
      simple_buf         0  (        0 /        0 )  0.00
             dup         0  (        0 /        0 )  0.00
       crit_dnsz         0  (        0 /        0 )  0.00
       crit_upsz         0  (        0 /        0 )  0.00


           Trick     Calls     Accepts   Attempts    Time(secs) 
-----------------------------------------------------------
          plc_st         0  (        0 /        0 )  0.00
        plc_star         0  (        0 /        0 )  0.00
      drc_buf_sp         0  (        0 /        0 )  0.00
        drc_bufs         0  (        0 /        0 )  0.00
        drc_fopt         0  (        0 /        0 )  0.00
        drc_bufb         0  (        0 /        0 )  0.00
             dup         0  (        0 /        0 )  0.00
       crit_dnsz         0  (        0 /        0 )  0.00
       crit_upsz         0  (        0 /        0 )  0.00

 init_tns                   1434        0         0         0        0

           Trick     Calls     Accepts   Attempts    Time(secs) 
-----------------------------------------------------------
    plc_bal_star         0  (        0 /        0 )  0.00
     drc_buftimb         0  (        0 /        0 )  0.00
     drc_buftims         0  (        0 /        0 )  0.00
       crit_upsz         0  (        0 /        0 )  0.00
       plc_lo_st         0  (        0 /        0 )  0.00
            fopt         0  (        0 /        0 )  0.00
       crit_dnsz         0  (        0 /        0 )  0.00
             dup         0  (        0 /        0 )  0.00
        setup_dn         0  (        0 /        0 )  0.00
         buf2inv         0  (        0 /        0 )  0.00

 init_area                  1434        0         0         0        0

           Trick     Calls     Accepts   Attempts    Time(secs) 
-----------------------------------------------------------
           undup         0  (        0 /        0 )  0.00
         rem_buf         0  (        0 /        0 )  0.00
         rem_inv         0  (        0 /        0 )  0.00
        merge_bi         0  (        0 /        0 )  0.00
      rem_inv_qb         0  (        0 /        0 )  0.00
        io_phase         0  (        0 /        0 )  0.00
       gate_comp         0  (        0 /        0 )  0.01
       gcomp_mog         0  (        0 /        0 )  0.01
       glob_area         3  (        0 /        3 )  0.00
       area_down         0  (        0 /        0 )  0.00
      size_n_buf         0  (        0 /        0 )  0.00
  gate_deco_area         0  (        0 /        0 )  0.00
         rem_buf         0  (        0 /        0 )  0.00
         rem_inv         0  (        0 /        0 )  0.00
        merge_bi         0  (        0 /        0 )  0.00
      rem_inv_qb         0  (        0 /        0 )  0.00

 
Incremental optimization status
===============================
                                    Worst     Total - - DRC Totals - -
                           Total  Weighted     Neg      Max       Max 
Operation                   Area  Neg Slk     Slack    Trans      Cap 
-------------------------------------------------------------------------------
 init_delay                 1434        0         0         0        0

           Trick     Calls     Accepts   Attempts    Time(secs) 
-----------------------------------------------------------
       crit_upsz         0  (        0 /        0 )  0.00
    plc_bal_star         0  (        0 /        0 )  0.00
     drc_buftimb         0  (        0 /        0 )  0.00
          plc_st         0  (        0 /        0 )  0.00
       plc_lo_st         0  (        0 /        0 )  0.00
        plc_star         0  (        0 /        0 )  0.00
     drc_buftims         0  (        0 /        0 )  0.00
       plc_lo_st         0  (        0 /        0 )  0.00
            fopt         0  (        0 /        0 )  0.00
       crit_dnsz         0  (        0 /        0 )  0.00
             dup         0  (        0 /        0 )  0.00
            fopt         0  (        0 /        0 )  0.00
        setup_dn         0  (        0 /        0 )  0.00
         buf2inv         0  (        0 /        0 )  0.00
             exp         0  (        0 /        0 )  0.00
       gate_deco         0  (        0 /        0 )  0.00
       gcomp_tim         0  (        0 /        0 )  0.00
  inv_pair_2_buf         0  (        0 /        0 )  0.00

 init_drc                   1434        0         0         0        0

           Trick     Calls     Accepts   Attempts    Time(secs) 
-----------------------------------------------------------
          plc_st         0  (        0 /        0 )  0.00
        plc_star         0  (        0 /        0 )  0.00
        drc_bufs         0  (        0 /        0 )  0.00
        drc_fopt         0  (        0 /        0 )  0.00
        drc_bufb         0  (        0 /        0 )  0.00
      simple_buf         0  (        0 /        0 )  0.00
             dup         0  (        0 /        0 )  0.00
       crit_dnsz         0  (        0 /        0 )  0.00
       crit_upsz         0  (        0 /        0 )  0.00


           Trick     Calls     Accepts   Attempts    Time(secs) 
-----------------------------------------------------------
          plc_st         0  (        0 /        0 )  0.00
        plc_star         0  (        0 /        0 )  0.00
        drc_bufs         0  (        0 /        0 )  0.00
        drc_fopt         0  (        0 /        0 )  0.00
        drc_bufb         0  (        0 /        0 )  0.00
      simple_buf         0  (        0 /        0 )  0.00
             dup         0  (        0 /        0 )  0.00
       crit_dnsz         0  (        0 /        0 )  0.00
       crit_upsz         0  (        0 /        0 )  0.00


           Trick     Calls     Accepts   Attempts    Time(secs) 
-----------------------------------------------------------
          plc_st         0  (        0 /        0 )  0.00
        plc_star         0  (        0 /        0 )  0.00
        drc_bufs         0  (        0 /        0 )  0.00
        drc_fopt         0  (        0 /        0 )  0.00
        drc_bufb         0  (        0 /        0 )  0.00
             dup         0  (        0 /        0 )  0.00
       crit_dnsz         0  (        0 /        0 )  0.00
       crit_upsz         0  (        0 /        0 )  0.00

 init_area                  1434        0         0         0        0

           Trick     Calls     Accepts   Attempts    Time(secs) 
-----------------------------------------------------------
           undup         0  (        0 /        0 )  0.00
         rem_buf         0  (        0 /        0 )  0.00
         rem_inv         0  (        0 /        0 )  0.00
        merge_bi         0  (        0 /        0 )  0.00
      rem_inv_qb         0  (        0 /        0 )  0.00
        io_phase         0  (        0 /        0 )  0.00
       gate_comp         0  (        0 /        0 )  0.01
       gcomp_mog         0  (        0 /        0 )  0.01
       glob_area         3  (        0 /        3 )  0.00
       area_down         0  (        0 /        0 )  0.00
      size_n_buf         0  (        0 /        0 )  0.00
  gate_deco_area         0  (        0 /        0 )  0.00

Info    : Done incrementally optimizing. [SYNTH-8]
        : Done incrementally optimizing 'mux32four'.
     flow.cputime  flow.realtime  timing.setup.tns  timing.setup.wns  snapshot
UM:             2             30                                      synthesize
@genus:root: 7> report area
============================================================
  Generated by:           Genus(TM) Synthesis Solution 17.21-s010_1
  Generated on:           Apr 29 2021  04:55:10 pm
  Module:                 mux32four
  Technology library:     tsmc18 1.0
  Operating conditions:   slow (balanced_tree)
  Wireload mode:          enclosed
  Area mode:              timing library
============================================================

 Instance Module  Cell Count  Cell Area  Net Area   Total Area  Wireload     
-----------------------------------------------------------------------------
mux32four                100   1433.678     0.000     1433.678    <none> (D) 

 (D) = wireload is default in technology library
@genus:root: 8> report timing
Warning : Possible timing problems have been detected in this design. [TIM-11]
        : The design is 'mux32four'.
        : Use 'report timing -lint' for more information.
============================================================
  Generated by:           Genus(TM) Synthesis Solution 17.21-s010_1
  Generated on:           Apr 29 2021  04:55:15 pm
  Module:                 mux32four
  Operating conditions:   slow (balanced_tree)
  Wireload mode:          enclosed
  Area mode:              timing library
============================================================

Some unconstrained paths have not been displayed.
Use -unconstrained or set the root attribute 'timing_report_unconstrained' to 'true' to see only these unconstrained paths.

@genus:root: 9> report power
============================================================
  Generated by:           Genus(TM) Synthesis Solution 17.21-s010_1
  Generated on:           Apr 29 2021  04:55:20 pm
  Module:                 mux32four
  Operating conditions:   slow (balanced_tree)
  Wireload mode:          enclosed
  Area mode:              timing library
============================================================

                 Leakage   Dynamic    Total   
 Instance Cells Power(nW) Power(nW) Power(nW) 
----------------------------------------------
mux32four   100    26.012 63575.673 63601.685 

@genus:root: 10> exit
Normal exit.