Cadence Genus(TM) Synthesis Solution.
Copyright 2017 Cadence Design Systems, Inc. All rights reserved worldwide.
Cadence and the Cadence logo are registered trademarks and Genus is a trademark
of Cadence Design Systems, Inc. in the United States and other countries.

Version: 17.21-s010_1, built Wed Feb 07 2018
Options: 
Date:    Wed Apr 28 22:15:08 2021
Host:    cad54 (x86_64 w/Linux 2.6.32-71.el6.x86_64) (2cores*4cpus*1physical cpu*Intel(R) Core(TM) i3-2120 CPU @ 3.30GHz 3072KB) (7955092KB)
OS:      Red Hat Enterprise Linux Server release 6.0 (Santiago)

Checking out license: Genus_Synthesis

Loading tool scripts...

Finished loading tool scripts (24 seconds elapsed).

WARNING: This version of the tool is 1176 days old.
@genus:root: 1> set_db library fast.lib

Threads Configured:3
Warning : Missing clock pin in the sequential cell. [LBR-525]
        : Clock pin absent in sequential cell(s) 'RSLATNX1' (File /home/student/Desktop/17BEC1073 Bitmanip_slow/fast.lib, Line 147265)
Warning : Missing clock pin in the sequential cell. [LBR-525]
        : Clock pin absent in sequential cell(s) 'RSLATNX2' (File /home/student/Desktop/17BEC1073 Bitmanip_slow/fast.lib, Line 147568)
Warning : Missing clock pin in the sequential cell. [LBR-525]
        : Clock pin absent in sequential cell(s) 'RSLATNX4' (File /home/student/Desktop/17BEC1073 Bitmanip_slow/fast.lib, Line 147871)
Warning : Missing clock pin in the sequential cell. [LBR-525]
        : Clock pin absent in sequential cell(s) 'RSLATNXL' (File /home/student/Desktop/17BEC1073 Bitmanip_slow/fast.lib, Line 148174)
Warning : Missing clock pin in the sequential cell. [LBR-525]
        : Clock pin absent in sequential cell(s) 'RSLATX1' (File /home/student/Desktop/17BEC1073 Bitmanip_slow/fast.lib, Line 148477)
Warning : Missing clock pin in the sequential cell. [LBR-525]
        : Clock pin absent in sequential cell(s) 'RSLATX2' (File /home/student/Desktop/17BEC1073 Bitmanip_slow/fast.lib, Line 148841)
Warning : Missing clock pin in the sequential cell. [LBR-525]
        : Clock pin absent in sequential cell(s) 'RSLATX4' (File /home/student/Desktop/17BEC1073 Bitmanip_slow/fast.lib, Line 149205)
Warning : Missing clock pin in the sequential cell. [LBR-525]
        : Clock pin absent in sequential cell(s) 'RSLATXL' (File /home/student/Desktop/17BEC1073 Bitmanip_slow/fast.lib, Line 149569)

  Message Summary for Library fast.lib:
  *************************************
  Could not find an attribute in the library. [LBR-436]: 655
  Missing clock pin in the sequential cell. [LBR-525]: 8
  Missing a function attribute in the output pin definition. [LBR-518]: 1
  An unsupported construct was detected in this library. [LBR-40]: 1
  *************************************
 
Info    : Created nominal operating condition. [LBR-412]
        : Operating condition '_nominal_' was created for the PVT values (1.000000, 1.980000, 0.000000) in library 'fast.lib'.
        : The nominal operating condition represents either the nominal PVT values if specified in the library source, or the default PVT values (1.0, 1.0, 1.0).
  Setting attribute of root '/': 'library' = fast.lib
1 fast.lib
@genus:root: 2> read_hdl {add32.v alu.v control_unit.v data_mem.v imm_sx.v insn_mem.v load_stall.v mbr_sx_load.v mbr_sx_store.v mux32four.v mux32three.v mux32two.v program_counter.v register_bank.v riscv_crypto_fu_saes32_32.v riscv_crypto_fu_sboxes_aes_32.v riscv_crypto_fu_sboxes_sm4_32.v riscv_crypto_fu_ssha256_32.v riscv_crypto_fu_ssha512_32.v riscv_crypto_fu_ssm3_32.v riscv_crypto_fu_ssm4_32.v riscv_crypto_fu_32.v rvb_clmul.v rvb_xperm.v bitmanip_top.v core_top.v core.v}
@genus:root: 3> elaborate core
Info    : Elaborating Design. [ELAB-1]
        : Elaborating top-level block 'core' from file 'core.v'.
Warning : Using default parameter value for module elaboration. [CDFG-818]
        : Elaborating block 'core' with default parameters value.
Warning : Referenced signal not in sensitivity list.  This may cause simulation mismatches between the original and synthesized designs. [CDFG-360]
        : Signal 'sz' in module 'rvb_xperm' in file 'rvb_xperm.v' on line 15.
Warning : Referenced signal not in sensitivity list.  This may cause simulation mismatches between the original and synthesized designs. [CDFG-360]
        : Signal 'rs2' in module 'rvb_xperm' in file 'rvb_xperm.v' on line 15.
Warning : Referenced signal not in sensitivity list.  This may cause simulation mismatches between the original and synthesized designs. [CDFG-360]
        : Signal 'mask' in module 'rvb_xperm' in file 'rvb_xperm.v' on line 15.
Warning : Referenced signal not in sensitivity list.  This may cause simulation mismatches between the original and synthesized designs. [CDFG-360]
        : Signal 'sz_log2' in module 'rvb_xperm' in file 'rvb_xperm.v' on line 15.
Warning : Referenced signal not in sensitivity list.  This may cause simulation mismatches between the original and synthesized designs. [CDFG-360]
        : Signal 'rs1' in module 'rvb_xperm' in file 'rvb_xperm.v' on line 15.
Warning : Referenced signal not in sensitivity list.  This may cause simulation mismatches between the original and synthesized designs. [CDFG-360]
        : Signal 'res' in module 'rvb_xperm' in file 'rvb_xperm.v' on line 15.
Warning : Connected signal is wider than input port. [CDFG-464]
        : Signal width (23) does not match width of port 'instruction' (21) of instance 'bitmanip_fu' of module 'bitmanip_top' in file 'core.v' on line 193.
        : This may cause simulation mismatches between the original and synthesized designs.
Info    : Done Elaborating Design. [ELAB-3]
        : Done elaborating 'core'.
Checking for analog nets...
Check completed for analog nets.
Checking for source RTL...
Check completed for source RTL.
UM:  flow.cputime  flow.realtime  timing.setup.tns  timing.setup.wns  snapshot
UM:            14             62                                      elaborate
design:core
@genus:root: 4> read_sdc counter_constraints.g
Statistics for commands executed by read_sdc:
 "create_clock"             - successful      1 , failed      0 (runtime  0.00)
 "get_clocks"               - successful      2 , failed      0 (runtime  0.00)
 "get_ports"                - successful      2 , failed      0 (runtime  0.00)
 "set_clock_transition"     - successful      2 , failed      0 (runtime  0.00)
 "set_clock_uncertainty"    - successful      1 , failed      0 (runtime  0.00)
Total runtime 0
@genus:root: 5> synthesize -to_mapped -effort medium
Warning : This command will be obsolete in a next major release. [TUI-37]
        : command: 'synthesize'
        : The synthesize command is obsolete. Use the syn_gen, syn_map or syn_opt commands instead.
Info    : Synthesizing. [SYNTH-1]
        : Synthesizing 'core' to generic gates using 'medium' effort.
Info    : Deleting instances not driving any primary outputs. [GLO-34]
        : Deleting 31 sequential instances.
        : Optimizations such as constant propagation or redundancy removal could change the connections so a hierarchical instance does not drive any primary outputs anymore. To see the list of deleted hierarchical instances, set the 'information_level' attribute to 2 or above. If the message is truncated set the message attribute 'truncate' to false to see the complete list. To prevent this optimization, set the 'delete_unloaded_insts' root/subdesign attribute to 'false' or 'preserve' instance attribute to 'true'.
Info    : Deleting instances not driving any primary outputs. [GLO-34]
        : Deleting 34 hierarchical instances.
Info    : Pre-processed datapath logic. [DPOPT-6]
        : No pre-processing optimizations applied to datapath logic in 'core'.
Info    : Optimizing datapath logic. [DPOPT-1]
        : Optimizing datapath logic in 'core'.
Info    : Implementing datapath configurations. [DPOPT-3]
        : Implementing datapath configurations for 'CDN_DP_region_4565'
Info    : Done implementing datapath configurations. [DPOPT-4]
        : Selected 'very_fast' configuration 4 for module 'CDN_DP_region_4565'.
          Optimizations applied to 'very_fast' configuration:
            rewriting(0), factoring(0), sharing(0), cmultcse(0), downsizing(0), speculation(0)
Info    : Implementing datapath configurations. [DPOPT-3]
        : Implementing datapath configurations for 'CDN_DP_region_4570'
Info    : Done implementing datapath configurations. [DPOPT-4]
        : Selected 'very_fast' configuration 4 for module 'CDN_DP_region_4570'.
          Optimizations applied to 'very_fast' configuration:
            rewriting(0), factoring(0), sharing(0), cmultcse(0), downsizing(0), speculation(0)
Info    : Implementing datapath configurations. [DPOPT-3]
        : Implementing datapath configurations for 'CDN_DP_region_4566'
Info    : Done implementing datapath configurations. [DPOPT-4]
        : Selected 'very_fast' configuration 4 for module 'CDN_DP_region_4566'.
          Optimizations applied to 'very_fast' configuration:
            rewriting(0), factoring(0), sharing(0), cmultcse(0), downsizing(0), speculation(0)
Info    : Implementing datapath configurations. [DPOPT-3]
        : Implementing datapath configurations for 'CDN_DP_region_4562'
Info    : Accepted resource sharing opportunity. [RTLOPT-30]
        : Merged the following sets of instances in 'CDN_DP_region_4562_c1 in core':
	  (bitmanip_fu_sll_62_35, bitmanip_fu_sll_61_43)
	  (core_alu_sub_42_28, core_alu_add_41_29)

Info    : Accepted resource sharing opportunity. [RTLOPT-30]
        : Merged the following sets of instances in 'CDN_DP_region_4562_c2 in core':
	  (bitmanip_fu_sll_62_35, bitmanip_fu_sll_61_43)
	  (core_alu_sub_42_28, core_alu_add_41_29)

Info    : Accepted resource sharing opportunity. [RTLOPT-30]
        : Merged the following sets of instances in 'CDN_DP_region_4562_c3 in core':
	  (bitmanip_fu_sll_62_35, bitmanip_fu_sll_61_43)
	  (core_alu_sub_42_28, core_alu_add_41_29)

Info    : Accepted resource sharing opportunity. [RTLOPT-30]
        : Merged the following sets of instances in 'CDN_DP_region_4562_c4 in core':
	  (bitmanip_fu_sll_62_35, bitmanip_fu_sll_61_43)
	  (core_alu_sub_42_28, core_alu_add_41_29)

Info    : Done implementing datapath configurations. [DPOPT-4]
        : Selected 'very_fast' configuration 4 for module 'CDN_DP_region_4562'.
          Optimizations applied to 'very_fast' configuration:
            rewriting(0), factoring(0), sharing(2), cmultcse(0), downsizing(0), speculation(0)
Info    : Implementing datapath configurations. [DPOPT-3]
        : Implementing datapath configurations for 'CDN_DP_region_4569'
Info    : Done implementing datapath configurations. [DPOPT-4]
        : Selected 'very_fast' configuration 4 for module 'CDN_DP_region_4569'.
          Optimizations applied to 'very_fast' configuration:
            rewriting(0), factoring(0), sharing(0), cmultcse(0), downsizing(0), speculation(0)
Info    : Implementing datapath configurations. [DPOPT-3]
        : Implementing datapath configurations for 'CDN_DP_region_4568'
Info    : Done implementing datapath configurations. [DPOPT-4]
        : Selected 'very_fast' configuration 4 for module 'CDN_DP_region_4568'.
          Optimizations applied to 'very_fast' configuration:
            rewriting(0), factoring(0), sharing(0), cmultcse(0), downsizing(0), speculation(0)
Info    : Implementing datapath configurations. [DPOPT-3]
        : Implementing datapath configurations for 'CDN_DP_region_4567'
Info    : Done implementing datapath configurations. [DPOPT-4]
        : Selected 'very_fast' configuration 4 for module 'CDN_DP_region_4567'.
          Optimizations applied to 'very_fast' configuration:
            rewriting(0), factoring(0), sharing(0), cmultcse(0), downsizing(0), speculation(0)
Info    : Implementing datapath configurations. [DPOPT-3]
        : Implementing datapath configurations for 'CDN_DP_region'
Info    : Done implementing datapath configurations. [DPOPT-4]
        : Selected 'very_fast' configuration 4 for module 'CDN_DP_region'.
          Optimizations applied to 'very_fast' configuration:
            rewriting(0), factoring(0), sharing(0), cmultcse(0), downsizing(0), speculation(0)
Info    : Implementing datapath configurations. [DPOPT-3]
        : Implementing datapath configurations for 'CDN_DP_region_4564'
Info    : Done implementing datapath configurations. [DPOPT-4]
        : Selected 'very_fast' configuration 4 for module 'CDN_DP_region_4564'.
          Optimizations applied to 'very_fast' configuration:
            rewriting(0), factoring(0), sharing(0), cmultcse(0), downsizing(0), speculation(0)
Info    : Implementing datapath configurations. [DPOPT-3]
        : Implementing datapath configurations for 'CDN_DP_region_4563'
Info    : Done implementing datapath configurations. [DPOPT-4]
        : Selected 'very_fast' configuration 4 for module 'CDN_DP_region_4563'.
          Optimizations applied to 'very_fast' configuration:
            rewriting(0), factoring(0), sharing(0), cmultcse(0), downsizing(0), speculation(0)
Info    : Done optimizing datapath logic. [DPOPT-2]
        : Done optimizing datapath logic in 'core'.
Warning : Not obtained requested number of super thread servers. [ST-136]
        : The tool is running on a 4 cpu machine.
        : The requested number of cpus are not available on machine.
Info    : Deleting instances not driving any primary outputs. [GLO-34]
        : Deleting 32 sequential instances.
Info    : Deleting instances not driving any primary outputs. [GLO-34]
        : Deleting 1 sequential instance.
Info    : Done synthesizing. [SYNTH-2]
        : Done synthesizing 'core' to generic gates.
Info    : Mapping. [SYNTH-4]
        : Mapping 'core' using 'medium' effort.
Mapper: Libraries have:
	domain _default_: 278 combo usable cells and 172 sequential usable cells
Warning : Not obtained requested number of super thread servers. [ST-136]
        : The tool is running on a 4 cpu machine.
Multi-threaded constant propagation [1|0] ...
Info    : Replacing the synchronous part of an always feeding back flip-flop with a logic constant. [GLO-45]
        : The instance is 'bitmanip_fu_i_rvb_xperm/res_reg[3]'. The constant is '1'.
        : To prevent this optimization, set 'optimize_constant_feedback_seqs' root attribute to 'false'. The instance attribute 'optimize_constant_feedback_seq' controls this optimization. 
Info    : Replacing the synchronous part of an always feeding back flip-flop with a logic constant. [GLO-45]
        : The instance is 'bitmanip_fu_i_rvb_xperm/res_reg[2]'. The constant is '1'.
Info    : Replacing the synchronous part of an always feeding back flip-flop with a logic constant. [GLO-45]
        : The instance is 'bitmanip_fu_i_rvb_xperm/res_reg[1]'. The constant is '1'.
Info    : Replacing the synchronous part of an always feeding back flip-flop with a logic constant. [GLO-45]
        : The instance is 'bitmanip_fu_i_rvb_xperm/res_reg[0]'. The constant is '1'.
Info    : Replacing the synchronous part of an always feeding back flip-flop with a logic constant. [GLO-45]
        : The instance is 'bitmanip_fu_i_rvb_xperm/res_reg[7]'. The constant is '1'.
Info    : Replacing the synchronous part of an always feeding back flip-flop with a logic constant. [GLO-45]
        : The instance is 'bitmanip_fu_i_rvb_xperm/res_reg[6]'. The constant is '1'.
Info    : Replacing the synchronous part of an always feeding back flip-flop with a logic constant. [GLO-45]
        : The instance is 'bitmanip_fu_i_rvb_xperm/res_reg[5]'. The constant is '1'.
Info    : Replacing the synchronous part of an always feeding back flip-flop with a logic constant. [GLO-45]
        : The instance is 'bitmanip_fu_i_rvb_xperm/res_reg[4]'. The constant is '1'.
Info    : Replacing the synchronous part of an always feeding back flip-flop with a logic constant. [GLO-45]
        : The instance is 'bitmanip_fu_i_rvb_xperm/res_reg[11]'. The constant is '1'.
Info    : Replacing the synchronous part of an always feeding back flip-flop with a logic constant. [GLO-45]
        : The instance is 'bitmanip_fu_i_rvb_xperm/res_reg[10]'. The constant is '1'.
Info    : Replacing the synchronous part of an always feeding back flip-flop with a logic constant. [GLO-45]
        : The instance is 'bitmanip_fu_i_rvb_xperm/res_reg[9]'. The constant is '1'.
Info    : Replacing the synchronous part of an always feeding back flip-flop with a logic constant. [GLO-45]
        : The instance is 'bitmanip_fu_i_rvb_xperm/res_reg[8]'. The constant is '1'.
Info    : Replacing the synchronous part of an always feeding back flip-flop with a logic constant. [GLO-45]
        : The instance is 'bitmanip_fu_i_rvb_xperm/res_reg[19]'. The constant is '1'.
Info    : Replacing the synchronous part of an always feeding back flip-flop with a logic constant. [GLO-45]
        : The instance is 'bitmanip_fu_i_rvb_xperm/res_reg[18]'. The constant is '1'.
Info    : Replacing the synchronous part of an always feeding back flip-flop with a logic constant. [GLO-45]
        : The instance is 'bitmanip_fu_i_rvb_xperm/res_reg[17]'. The constant is '1'.
Info    : Replacing the synchronous part of an always feeding back flip-flop with a logic constant. [GLO-45]
        : The instance is 'bitmanip_fu_i_rvb_xperm/res_reg[16]'. The constant is '1'.
Info    : Replacing the synchronous part of an always feeding back flip-flop with a logic constant. [GLO-45]
        : The instance is 'bitmanip_fu_i_rvb_xperm/res_reg[12]'. The constant is '1'.
Info    : Replacing the synchronous part of an always feeding back flip-flop with a logic constant. [GLO-45]
        : The instance is 'bitmanip_fu_i_rvb_xperm/res_reg[13]'. The constant is '1'.
Info    : Replacing the synchronous part of an always feeding back flip-flop with a logic constant. [GLO-45]
        : The instance is 'bitmanip_fu_i_rvb_xperm/res_reg[14]'. The constant is '1'.
Info    : Replacing the synchronous part of an always feeding back flip-flop with a logic constant. [GLO-45]
        : The instance is 'bitmanip_fu_i_rvb_xperm/res_reg[15]'. The constant is '1'.
Info    : Replacing the synchronous part of an always feeding back flip-flop with a logic constant. [GLO-45]
        : The instance is 'bitmanip_fu_i_rvb_xperm/res_reg[20]'. The constant is '1'.
Info    : Replacing the synchronous part of an always feeding back flip-flop with a logic constant. [GLO-45]
        : The instance is 'bitmanip_fu_i_rvb_xperm/res_reg[21]'. The constant is '1'.
Info    : Replacing the synchronous part of an always feeding back flip-flop with a logic constant. [GLO-45]
        : The instance is 'bitmanip_fu_i_rvb_xperm/res_reg[22]'. The constant is '1'.
Info    : Replacing the synchronous part of an always feeding back flip-flop with a logic constant. [GLO-45]
        : The instance is 'bitmanip_fu_i_rvb_xperm/res_reg[23]'. The constant is '1'.
Info    : Deleting instances not driving any primary outputs. [GLO-34]
        : Deleting 5 hierarchical instances.
Info    : Replacing a flip-flop with a logic constant 0. [GLO-12]
        : The instance is 'bitmanip_fu_i_rvb_clmul/state_reg[3]'.
        : To prevent this optimization, set the 'optimize_constant_0_flops' root attribute to 'false' or 'optimize_constant_0_seq' instance attribute to 'false'.
Info    : Replacing a latch with a logic constant 1. [GLO-15]
        : The instance is 'bitmanip_fu_i_rvb_xperm/res_reg[0]'.
        : This optimization was enabled by the root attribute 'optimize_constant_latches'.
Info    : Replacing a latch with a logic constant 1. [GLO-15]
        : The instance is 'bitmanip_fu_i_rvb_xperm/res_reg[1]'.
Info    : Replacing a latch with a logic constant 1. [GLO-15]
        : The instance is 'bitmanip_fu_i_rvb_xperm/res_reg[2]'.
Info    : Replacing a latch with a logic constant 1. [GLO-15]
        : The instance is 'bitmanip_fu_i_rvb_xperm/res_reg[3]'.
Info    : Replacing a latch with a logic constant 1. [GLO-15]
        : The instance is 'bitmanip_fu_i_rvb_xperm/res_reg[4]'.
Info    : Replacing a latch with a logic constant 1. [GLO-15]
        : The instance is 'bitmanip_fu_i_rvb_xperm/res_reg[5]'.
Info    : Replacing a latch with a logic constant 1. [GLO-15]
        : The instance is 'bitmanip_fu_i_rvb_xperm/res_reg[6]'.
Info    : Replacing a latch with a logic constant 1. [GLO-15]
        : The instance is 'bitmanip_fu_i_rvb_xperm/res_reg[7]'.
Info    : Replacing a latch with a logic constant 1. [GLO-15]
        : The instance is 'bitmanip_fu_i_rvb_xperm/res_reg[8]'.
Info    : Replacing a latch with a logic constant 1. [GLO-15]
        : The instance is 'bitmanip_fu_i_rvb_xperm/res_reg[9]'.
Info    : Replacing a latch with a logic constant 1. [GLO-15]
        : The instance is 'bitmanip_fu_i_rvb_xperm/res_reg[10]'.
Info    : Replacing a latch with a logic constant 1. [GLO-15]
        : The instance is 'bitmanip_fu_i_rvb_xperm/res_reg[11]'.
Info    : Replacing a latch with a logic constant 1. [GLO-15]
        : The instance is 'bitmanip_fu_i_rvb_xperm/res_reg[12]'.
Info    : Replacing a latch with a logic constant 1. [GLO-15]
        : The instance is 'bitmanip_fu_i_rvb_xperm/res_reg[13]'.
Info    : Replacing a latch with a logic constant 1. [GLO-15]
        : The instance is 'bitmanip_fu_i_rvb_xperm/res_reg[14]'.
Info    : Replacing a latch with a logic constant 1. [GLO-15]
        : The instance is 'bitmanip_fu_i_rvb_xperm/res_reg[15]'.
Info    : Replacing a latch with a logic constant 1. [GLO-15]
        : The instance is 'bitmanip_fu_i_rvb_xperm/res_reg[16]'.
Info    : Replacing a latch with a logic constant 1. [GLO-15]
        : The instance is 'bitmanip_fu_i_rvb_xperm/res_reg[17]'.
Info    : Replacing a latch with a logic constant 1. [GLO-15]
        : The instance is 'bitmanip_fu_i_rvb_xperm/res_reg[18]'.
Info    : Replacing a latch with a logic constant 1. [GLO-15]
        : The instance is 'bitmanip_fu_i_rvb_xperm/res_reg[19]'.
Info    : Replacing a latch with a logic constant 1. [GLO-15]
        : The instance is 'bitmanip_fu_i_rvb_xperm/res_reg[20]'.
Info    : Replacing a latch with a logic constant 1. [GLO-15]
        : The instance is 'bitmanip_fu_i_rvb_xperm/res_reg[21]'.
Info    : Replacing a latch with a logic constant 1. [GLO-15]
        : The instance is 'bitmanip_fu_i_rvb_xperm/res_reg[22]'.
Info    : Replacing a latch with a logic constant 1. [GLO-15]
        : The instance is 'bitmanip_fu_i_rvb_xperm/res_reg[23]'.
Info    : Replacing a latch with a logic constant 1. [GLO-15]
        : The instance is 'bitmanip_fu_i_rvb_xperm/res_reg[24]'.
Info    : Replacing a latch with a logic constant 1. [GLO-15]
        : The instance is 'bitmanip_fu_i_rvb_xperm/res_reg[25]'.
Info    : Replacing a latch with a logic constant 1. [GLO-15]
        : The instance is 'bitmanip_fu_i_rvb_xperm/res_reg[26]'.
Info    : Replacing a latch with a logic constant 1. [GLO-15]
        : The instance is 'bitmanip_fu_i_rvb_xperm/res_reg[27]'.
Info    : Replacing a latch with a logic constant 1. [GLO-15]
        : The instance is 'bitmanip_fu_i_rvb_xperm/res_reg[28]'.
Info    : Replacing a latch with a logic constant 1. [GLO-15]
        : The instance is 'bitmanip_fu_i_rvb_xperm/res_reg[29]'.
Info    : Replacing a latch with a logic constant 1. [GLO-15]
        : The instance is 'bitmanip_fu_i_rvb_xperm/res_reg[30]'.
Info    : Replacing a latch with a logic constant 1. [GLO-15]
        : The instance is 'bitmanip_fu_i_rvb_xperm/res_reg[31]'.
Info    : Deleting instances not driving any primary outputs. [GLO-34]
        : Deleting 1 sequential instance.
Info    : Deleting instances not driving any primary outputs. [GLO-34]
        : Deleting 3 hierarchical instances.
Info    : Deleting instances not driving any primary outputs. [GLO-34]
        : Deleting 1 hierarchical instance.
Multi-threaded Virtual Mapping    (4 threads per ST process, 4 of 4 CPUs usable)
 
Global mapping target info
==========================
Cost Group 'clk' target slack: 29995 ps
Target path end-point (Pin: register_file/regFile_reg[31][30]/d)

Multi-threaded Technology Mapping (4 threads per ST process, 4 of 4 CPUs usable)
 
Global mapping status
=====================
                                   Group   
                                  Tot Wrst 
                           Total  Weighted 
Operation                   Area   Slacks  
-------------------------------------------------------------------------------
 global_map               192449        0 

    Cost Group            Target    Slack    Diff.  Constr.
-----------------------------------------------------------
           clk             29995   990343           1000000 

 
Global incremental target info
==============================
Cost Group 'clk' target slack: 19997 ps
Target path end-point (Pin: register_file/regFile_reg[31][31]/D (DFFHQX1/D))

 
Global incremental optimization status
======================================
                                   Group   
                                  Tot Wrst 
                           Total  Weighted 
Operation                   Area   Slacks  
-------------------------------------------------------------------------------
 global_incr              190400        0 

    Cost Group            Target    Slack    Diff.  Constr.
-----------------------------------------------------------
           clk             19997   989925           1000000 

Info    : Done mapping. [SYNTH-5]
        : Done mapping 'core'.
Info    : Incrementally optimizing. [SYNTH-7]
        : Incrementally optimizing 'core' using 'medium' effort.
 
Incremental optimization status
===============================
                                   Group   
                                  Tot Wrst     Total - - DRC Totals - -
                           Total  Weighted      Neg      Max       Max 
Operation                   Area   Slacks      Slack    Trans      Cap 
-------------------------------------------------------------------------------
 init_iopt                190400        0         0         0        0
 const_prop               190400        0         0         0        0
 
Incremental optimization status
===============================
                                   Group   
                                  Tot Wrst     Total - - DRC Totals - -
                           Total  Weighted      Neg      Max       Max 
Operation                   Area   Slacks      Slack    Trans      Cap 
-------------------------------------------------------------------------------
 init_delay               190380        0         0         0        0

           Trick     Calls     Accepts   Attempts    Time(secs) 
-----------------------------------------------------------
       crit_upsz         0  (        0 /        0 )  0.00
    plc_bal_star         0  (        0 /        0 )  0.00
     drc_buftimb         0  (        0 /        0 )  0.00
          plc_st         0  (        0 /        0 )  0.00
       plc_lo_st         0  (        0 /        0 )  0.00
        plc_star         0  (        0 /        0 )  0.00
     drc_buftims         0  (        0 /        0 )  0.00
       plc_lo_st         0  (        0 /        0 )  0.00
            fopt         0  (        0 /        0 )  0.00
       crit_dnsz         0  (        0 /        0 )  0.00
             dup         0  (        0 /        0 )  0.00
            fopt         0  (        0 /        0 )  0.00
        setup_dn         0  (        0 /        0 )  0.00
         buf2inv         0  (        0 /        0 )  0.00
             exp         0  (        0 /        0 )  0.00
       gate_deco         0  (        0 /        0 )  0.00
       gcomp_tim         0  (        0 /        0 )  0.00
  inv_pair_2_buf         0  (        0 /        0 )  0.00

 init_drc                 190380        0         0         0        0

           Trick     Calls     Accepts   Attempts    Time(secs) 
-----------------------------------------------------------
          plc_st         0  (        0 /        0 )  0.00
        plc_star         0  (        0 /        0 )  0.00
        drc_bufs         0  (        0 /        0 )  0.00
        drc_fopt         0  (        0 /        0 )  0.00
        drc_bufb         0  (        0 /        0 )  0.00
      simple_buf         0  (        0 /        0 )  0.00
             dup         0  (        0 /        0 )  0.00
       crit_dnsz         0  (        0 /        0 )  0.00
       crit_upsz         0  (        0 /        0 )  0.00


           Trick     Calls     Accepts   Attempts    Time(secs) 
-----------------------------------------------------------
          plc_st         0  (        0 /        0 )  0.00
        plc_star         0  (        0 /        0 )  0.00
      drc_buf_sp         0  (        0 /        0 )  0.00
        drc_bufs         0  (        0 /        0 )  0.00
        drc_fopt         0  (        0 /        0 )  0.00
        drc_bufb         0  (        0 /        0 )  0.00
      simple_buf         0  (        0 /        0 )  0.00
             dup         0  (        0 /        0 )  0.00
       crit_dnsz         0  (        0 /        0 )  0.00
       crit_upsz         0  (        0 /        0 )  0.00


           Trick     Calls     Accepts   Attempts    Time(secs) 
-----------------------------------------------------------
          plc_st         0  (        0 /        0 )  0.00
        plc_star         0  (        0 /        0 )  0.00
      drc_buf_sp         0  (        0 /        0 )  0.00
        drc_bufs         0  (        0 /        0 )  0.00
        drc_fopt         0  (        0 /        0 )  0.00
        drc_bufb         0  (        0 /        0 )  0.00
             dup         0  (        0 /        0 )  0.00
       crit_dnsz         0  (        0 /        0 )  0.00
       crit_upsz         0  (        0 /        0 )  0.00

 init_tns                 190380        0         0         0        0

           Trick     Calls     Accepts   Attempts    Time(secs) 
-----------------------------------------------------------
    plc_bal_star         0  (        0 /        0 )  0.00
     drc_buftimb         0  (        0 /        0 )  0.00
     drc_buftims         0  (        0 /        0 )  0.00
       crit_upsz         0  (        0 /        0 )  0.00
       plc_lo_st         0  (        0 /        0 )  0.00
            fopt         0  (        0 /        0 )  0.00
       crit_dnsz         0  (        0 /        0 )  0.00
             dup         0  (        0 /        0 )  0.00
        setup_dn         0  (        0 /        0 )  0.00
         buf2inv         0  (        0 /        0 )  0.00

 init_area                190380        0         0         0        0
 glob_area                190120        0         0         0        0
 area_down                190037        0         0         0        0

           Trick     Calls     Accepts   Attempts    Time(secs) 
-----------------------------------------------------------
           undup         1  (        1 /        1 )  0.04
         rem_buf         1  (        1 /        1 )  0.01
         rem_inv         2  (        1 /        1 )  0.03
        merge_bi         1  (        1 /        1 )  0.06
      rem_inv_qb         0  (        0 /        0 )  0.00
        io_phase        11  (        1 /        1 )  0.08
       gate_comp       516  (        1 /        1 )  1.89
       gcomp_mog         4  (        0 /        0 )  0.50
       glob_area        59  (        3 /       59 )  0.08
       area_down        13  (       10 /       10 )  0.38
      size_n_buf         0  (        0 /        0 )  0.03
  gate_deco_area         0  (        0 /        0 )  0.01
         rem_buf         0  (        0 /        0 )  0.00
         rem_inv         1  (        0 /        0 )  0.00
        merge_bi         0  (        0 /        0 )  0.02
      rem_inv_qb         0  (        0 /        0 )  0.00

 
Incremental optimization status
===============================
                                   Group   
                                  Tot Wrst     Total - - DRC Totals - -
                           Total  Weighted      Neg      Max       Max 
Operation                   Area   Slacks      Slack    Trans      Cap 
-------------------------------------------------------------------------------
 init_delay               190037        0         0         0        0

           Trick     Calls     Accepts   Attempts    Time(secs) 
-----------------------------------------------------------
       crit_upsz         0  (        0 /        0 )  0.00
    plc_bal_star         0  (        0 /        0 )  0.00
     drc_buftimb         0  (        0 /        0 )  0.00
          plc_st         0  (        0 /        0 )  0.00
       plc_lo_st         0  (        0 /        0 )  0.00
        plc_star         0  (        0 /        0 )  0.00
     drc_buftims         0  (        0 /        0 )  0.00
       plc_lo_st         0  (        0 /        0 )  0.00
            fopt         0  (        0 /        0 )  0.00
       crit_dnsz         0  (        0 /        0 )  0.00
             dup         0  (        0 /        0 )  0.00
            fopt         0  (        0 /        0 )  0.00
        setup_dn         0  (        0 /        0 )  0.00
         buf2inv         0  (        0 /        0 )  0.00
             exp         0  (        0 /        0 )  0.00
       gate_deco         0  (        0 /        0 )  0.00
       gcomp_tim         0  (        0 /        0 )  0.00
  inv_pair_2_buf         0  (        0 /        0 )  0.00

 init_drc                 190037        0         0         0        0

           Trick     Calls     Accepts   Attempts    Time(secs) 
-----------------------------------------------------------
          plc_st         0  (        0 /        0 )  0.00
        plc_star         0  (        0 /        0 )  0.00
        drc_bufs         0  (        0 /        0 )  0.00
        drc_fopt         0  (        0 /        0 )  0.00
        drc_bufb         0  (        0 /        0 )  0.00
      simple_buf         0  (        0 /        0 )  0.00
             dup         0  (        0 /        0 )  0.00
       crit_dnsz         0  (        0 /        0 )  0.00
       crit_upsz         0  (        0 /        0 )  0.00


           Trick     Calls     Accepts   Attempts    Time(secs) 
-----------------------------------------------------------
          plc_st         0  (        0 /        0 )  0.00
        plc_star         0  (        0 /        0 )  0.00
        drc_bufs         0  (        0 /        0 )  0.00
        drc_fopt         0  (        0 /        0 )  0.00
        drc_bufb         0  (        0 /        0 )  0.00
      simple_buf         0  (        0 /        0 )  0.00
             dup         0  (        0 /        0 )  0.00
       crit_dnsz         0  (        0 /        0 )  0.00
       crit_upsz         0  (        0 /        0 )  0.00


           Trick     Calls     Accepts   Attempts    Time(secs) 
-----------------------------------------------------------
          plc_st         0  (        0 /        0 )  0.00
        plc_star         0  (        0 /        0 )  0.00
        drc_bufs         0  (        0 /        0 )  0.00
        drc_fopt         0  (        0 /        0 )  0.00
        drc_bufb         0  (        0 /        0 )  0.00
             dup         0  (        0 /        0 )  0.00
       crit_dnsz         0  (        0 /        0 )  0.00
       crit_upsz         0  (        0 /        0 )  0.00

 init_area                190037        0         0         0        0
 area_down                189974        0         0         0        0

           Trick     Calls     Accepts   Attempts    Time(secs) 
-----------------------------------------------------------
           undup         0  (        0 /        0 )  0.02
         rem_buf         0  (        0 /        0 )  0.00
         rem_inv         1  (        0 /        0 )  0.00
        merge_bi         0  (        0 /        0 )  0.02
      rem_inv_qb         0  (        0 /        0 )  0.00
        io_phase        10  (        0 /        0 )  0.06
       gate_comp       515  (        0 /        0 )  1.92
       gcomp_mog         4  (        0 /        0 )  0.48
       glob_area        50  (        0 /       50 )  0.03
       area_down        12  (        8 /        8 )  0.27
      size_n_buf         0  (        0 /        0 )  0.03
  gate_deco_area         0  (        0 /        0 )  0.00

Info    : Done incrementally optimizing. [SYNTH-8]
        : Done incrementally optimizing 'core'.
     flow.cputime  flow.realtime  timing.setup.tns  timing.setup.wns  snapshot
UM:           159            143                                      synthesize
@genus:root: 6> report area
============================================================
  Generated by:           Genus(TM) Synthesis Solution 17.21-s010_1
  Generated on:           Apr 28 2021  10:37:38 pm
  Module:                 core
  Technology library:     tsmc18 1.0
  Operating conditions:   fast (balanced_tree)
  Wireload mode:          enclosed
  Area mode:              timing library
============================================================

                    Instance                                  Module                Cell Count  Cell Area  Net Area   Total Area  Wireload     
-----------------------------------------------------------------------------------------------------------------------------------------------
core                                                                                      9538 189974.032     0.000   189974.032    <none> (D) 
  register_file                                 register_bank                             4530 100320.899     0.000   100320.899    <none> (D) 
  crypto_fu                                     riscv_crypto_fu                           1798  31873.565     0.000    31873.565    <none> (D) 
    i_riscv_crypto_fu_ssha512                   riscv_crypto_fu_ssha512                    358   6290.222     0.000     6290.222    <none> (D) 
    i_riscv_crypto_fu_aes32_i_aes_sbox_fwd      riscv_crypto_aes_fwd_sbox                  143   2701.037     0.000     2701.037    <none> (D) 
      mid                                       riscv_crypto_sbox_inv_mid_4581              65   1130.976     0.000     1130.976    <none> (D) 
      out                                       riscv_crypto_sbox_aes_out                   40    931.392     0.000      931.392    <none> (D) 
      top                                       riscv_crypto_sbox_aes_top                   38    638.669     0.000      638.669    <none> (D) 
    i_riscv_crypto_fu_ssm4_i_sm4_sbox           riscv_crypto_sm4_sbox                      137   2701.037     0.000     2701.037    <none> (D) 
      mid                                       riscv_crypto_sbox_inv_mid                   63   1117.670     0.000     1117.670    <none> (D) 
      bot                                       riscv_crypto_sbox_sm4_out                   40    931.392     0.000      931.392    <none> (D) 
      top                                       riscv_crypto_sbox_sm4_top                   34    651.974     0.000      651.974    <none> (D) 
    i_riscv_crypto_fu_aes32_i_aes_sbox_inv      riscv_crypto_aes_inv_sbox                  127   2611.224     0.000     2611.224    <none> (D) 
      mid                                       riscv_crypto_sbox_inv_mid_4580              63   1097.712     0.000     1097.712    <none> (D) 
      out                                       riscv_crypto_sbox_aesi_out                  36    884.822     0.000      884.822    <none> (D) 
      top                                       riscv_crypto_sbox_aesi_top                  28    628.690     0.000      628.690    <none> (D) 
  bitmanip_fu_i_rvb_clmul                       rvb_clmul                                  778  16558.819     0.000    16558.819    <none> (D) 
  core_control                                  control_unit                               221   2980.454     0.000     2980.454    <none> (D) 
  core_alu_sub_42_28_Y_core_alu_add_41_29       addsub_unsigned_367                         66   2963.822     0.000     2963.822    <none> (D) 
  core_alu_srl_47_28                            shift_right_vlog_unsigned                  159   2574.634     0.000     2574.634    <none> (D) 
  core_alu_sll_43_28                            shift_left_vlog_unsigned_2455              159   2574.634     0.000     2574.634    <none> (D) 
  pc_adder_add_4_17                             add_unsigned                                34   2175.466     0.000     2175.466    <none> (D) 
  pc_latch                                      program_counter                             32   1809.562     0.000     1809.562    <none> (D) 
  core_alu_lt_27_20                             lt_unsigned_2060                            90   1167.566     0.000     1167.566    <none> (D) 
  core_alu_lt_26_29                             lt_signed_2062                              90   1167.566     0.000     1167.566    <none> (D) 
  reg_to_mem                                    mbr_sx_store                                71    878.170     0.000      878.170    <none> (D) 
  bitmanip_fu_sll_62_35_Y_bitmanip_fu_sll_61_43 shift_left_vlog_unsigned_2455_4599          69    848.232     0.000      848.232    <none> (D) 
  bitmanip_fu_srl_62_35                         shift_right_vlog_unsigned_4600              32    439.085     0.000      439.085    <none> (D) 
  stall_unit                                    load_stall                                   8    429.106     0.000      429.106    <none> (D) 

 (D) = wireload is default in technology library
@genus:root: 7> report power
============================================================
  Generated by:           Genus(TM) Synthesis Solution 17.21-s010_1
  Generated on:           Apr 28 2021  10:37:41 pm
  Module:                 core
  Technology library:     tsmc18 1.0
  Operating conditions:   fast (balanced_tree)
  Wireload mode:          enclosed
  Area mode:              timing library
============================================================

                                     Leakage    Dynamic      Total    
           Instance           Cells Power(nW)  Power(nW)   Power(nW)  
----------------------------------------------------------------------
core                           9538  3294.832 3374012.522 3377307.354 
  register_file                4530  1808.522 2165029.703 2166838.225 
  crypto_fu                    1798   615.893  237867.955  238483.848 
    i_riscv_crypto_fu_ssha512   358   113.874       0.000     113.874 
    i_riscv_cr.._aes_sbox_inv   127    83.037       0.000      83.037 
      out                        36    32.041       0.000      32.041 
      mid                        63    31.296       0.000      31.296 
      top                        28    19.701       0.000      19.701 
    i_riscv_cr..m4_i_sm4_sbox   137    81.263       0.000      81.263 
      mid                        63    32.993       0.000      32.993 
      bot                        40    32.743       0.000      32.743 
      top                        34    15.527       0.000      15.527 
    i_riscv_cr.._aes_sbox_fwd   143    78.219       0.000      78.219 
      out                        40    32.284       0.000      32.284 
      mid                        65    30.923       0.000      30.923 
      top                        38    15.011       0.000      15.011 
  bitmanip_fu_i_rvb_clmul       778   318.989   85974.503   86293.492 
  core_alu_s..alu_add_41_29      66   109.029   64873.272   64982.301 
  pc_adder_add_4_17              34    80.824   48970.092   49050.916 
  core_control                  221    53.166   78506.248   78559.414 
  pc_latch                       32    38.912   72098.553   72137.466 
  core_alu_lt_26_29              90    17.818   25470.738   25488.555 
  core_alu_lt_27_20              90    17.818   26233.265   26251.083 
  bitmanip_fu_srl_62_35          32    16.202    3975.223    3991.425 
  core_alu_sll_43_28            159    13.292   28888.822   28902.113 
  core_alu_srl_47_28            159    13.290   29132.745   29146.035 
  stall_unit                      8    12.721    8020.658    8033.380 
  reg_to_mem                     71     9.617    3171.778    3181.395 
  bitmanip_f.._fu_sll_61_43      69     5.469    5807.739    5813.208 

@genus:root: 8> report timing
Warning : Possible timing problems have been detected in this design. [TIM-11]
        : The design is 'core'.
        : Use 'report timing -lint' for more information.
============================================================
  Generated by:           Genus(TM) Synthesis Solution 17.21-s010_1
  Generated on:           Apr 28 2021  10:37:47 pm
  Module:                 core
  Operating conditions:   fast (balanced_tree)
  Wireload mode:          enclosed
  Area mode:              timing library
============================================================


Path 1: MET (988830 ps) Setup Check with Pin register_file/regFile_reg[31][31]/CK->D
          Group: clk
     Startpoint: (R) stall_unit/delayed_load_reg/CK
          Clock: (R) clk
       Endpoint: (R) register_file/regFile_reg[31][31]/D
          Clock: (R) clk

                      Capture       Launch     
        Clock Edge:+  1000000            0     
       Src Latency:+        0            0     
       Net Latency:+        0 (I)        0 (I) 
           Arrival:=  1000000            0     
                                               
             Setup:-       67                  
       Uncertainty:-      100                  
     Required Time:=   999833                  
      Launch Clock:-        0                  
         Data Path:-    11004                  
             Slack:=   988830                  

#--------------------------------------------------------------------------------------------------------------
#            Timing Point             Flags    Arc   Edge   Cell     Fanout  Load Trans Delay Arrival Instance 
#                                                                            (fF)  (ps)  (ps)   (ps)  Location 
#--------------------------------------------------------------------------------------------------------------
  stall_unit/delayed_load_reg/CK      -       -      R     (arrival)   1135     -   100     -       0    (-,-) 
  stall_unit/delayed_load_reg/Q       -       CK->Q  R     DFFTRX1       41 164.3  1034   714     714    (-,-) 
  g9539/Y                             -       B->Y   F     NOR2BX1        7  26.7   311    95     809    (-,-) 
  core_control/g3191/Y                -       A->Y   R     INVX1          2   8.4   100   110     919    (-,-) 
  core_control/g3189/Y                -       A->Y   F     NOR2X1         3  10.8    67    41     960    (-,-) 
  core_control/g3183/Y                -       A->Y   R     NAND2X1        4  14.6   149    82    1042    (-,-) 
  core_control/g3175/Y                -       AN->Y  R     NAND2BX1       3  11.8   134    95    1137    (-,-) 
  core_control/g3167/Y                -       AN->Y  R     NOR2BX1        2   9.6   132   108    1246    (-,-) 
  core_control/g3159/Y                -       B0->Y  F     AOI211X1       6  26.7   163    84    1330    (-,-) 
  core_control/g3134/Y                -       A->Y   F     OR3XL          1   3.6    56   150    1480    (-,-) 
  g9325/Y                             -       A->Y   R     INVX1         28 135.9   855   484    1964    (-,-) 
  g12584/Y                            -       A->Y   F     INVX1         32 153.9   585   426    2390    (-,-) 
  g12516/Y                            -       S0->Y  F     MX2X1         70 284.6   920   779    3169    (-,-) 
  core_alu_lt_26_29/g923/Y            -       B->Y   R     NAND2BX1       2   7.3   173   252    3421    (-,-) 
  core_alu_lt_26_29/g897/Y            -       A0N->Y R     AOI2BB1X1      1   4.6   134    90    3511    (-,-) 
  core_alu_lt_26_29/g896/Y            -       B0->Y  F     AOI21X1        1   4.7    94    26    3536    (-,-) 
  core_alu_lt_26_29/g895/Y            -       A0->Y  R     OAI22X1        1   4.8   189    76    3612    (-,-) 
  core_alu_lt_26_29/g894/Y            -       A0->Y  F     AOI22X1        1   4.7    98    28    3640    (-,-) 
  core_alu_lt_26_29/g893/Y            -       A0->Y  R     OAI22X1        1   4.8   163    77    3717    (-,-) 
  core_alu_lt_26_29/g892/Y            -       A0->Y  F     AOI22X1        1   4.7    98    28    3745    (-,-) 
  core_alu_lt_26_29/g891/Y            -       A0->Y  R     OAI22X1        2   7.3   162    89    3835    (-,-) 
  core_alu_lt_26_29/g890/Y            -       A0N->Y R     AOI2BB1X1      1   4.6    90    89    3924    (-,-) 
  core_alu_lt_26_29/g889/Y            -       B0->Y  F     AOI21X1        1   4.7    98    27    3951    (-,-) 
  core_alu_lt_26_29/g888/Y            -       A0->Y  R     OAI22X1        1   4.8   140    77    4028    (-,-) 
  core_alu_lt_26_29/g887/Y            -       A0->Y  F     AOI22X1        1   4.7    99    29    4057    (-,-) 
  core_alu_lt_26_29/g886/Y            -       A0->Y  R     OAI22X1        1   4.8   140    77    4135    (-,-) 
  core_alu_lt_26_29/g885/Y            -       A0->Y  F     AOI22X1        1   4.7    99    29    4164    (-,-) 
  core_alu_lt_26_29/g884/Y            -       A0->Y  R     OAI22X1        2   7.3   162    90    4253    (-,-) 
  core_alu_lt_26_29/g883/Y            -       A0N->Y R     AOI2BB1X1      1   4.6    90    89    4342    (-,-) 
  core_alu_lt_26_29/g882/Y            -       B0->Y  F     AOI21X1        1   4.7    97    27    4369    (-,-) 
  core_alu_lt_26_29/g881/Y            -       A0->Y  R     OAI22X1        1   4.8   140    77    4446    (-,-) 
  core_alu_lt_26_29/g880/Y            -       A0->Y  F     AOI22X1        1   4.7    99    29    4475    (-,-) 
  core_alu_lt_26_29/g879/Y            -       A0->Y  R     OAI22X1        1   4.8   140    77    4553    (-,-) 
  core_alu_lt_26_29/g878/Y            -       A0->Y  F     AOI22X1        1   4.7    98    29    4582    (-,-) 
  core_alu_lt_26_29/g877/Y            -       A0->Y  R     OAI22X1        1   4.8   140    77    4659    (-,-) 
  core_alu_lt_26_29/g876/Y            -       A0->Y  F     AOI22X1        1   4.7    98    29    4688    (-,-) 
  core_alu_lt_26_29/g875/Y            -       A0->Y  R     OAI22X1        1   4.8   140    77    4765    (-,-) 
  core_alu_lt_26_29/g874/Y            -       A0->Y  F     AOI22X1        1   4.7    98    29    4794    (-,-) 
  core_alu_lt_26_29/g873/Y            -       A0->Y  R     OAI22X1        1   4.8   140    77    4871    (-,-) 
  core_alu_lt_26_29/g872/Y            -       A0->Y  F     AOI22X1        1   4.7    98    29    4900    (-,-) 
  core_alu_lt_26_29/g871/Y            -       A0->Y  R     OAI22X1        2   6.8   158    87    4987    (-,-) 
  core_alu_lt_26_29/g870/Y            -       A->Y   F     NOR2X1         1   4.8    91    23    5010    (-,-) 
  core_alu_lt_26_29/g869/Y            -       B0->Y  R     OAI2BB2X1      1   4.8   120    89    5098    (-,-) 
  core_alu_lt_26_29/g868/Y            -       A0->Y  F     AOI22X1        1   4.7    97    30    5128    (-,-) 
  core_alu_lt_26_29/g867/Y            -       A0->Y  R     OAI22X1        1   4.8   140    77    5205    (-,-) 
  core_alu_lt_26_29/g866/Y            -       A0->Y  F     AOI22X1        1   3.8    95    27    5232    (-,-) 
  core_alu_lt_26_29/g865/Y            -       A0->Y  R     OAI222XL       1   3.2   220   127    5358    (-,-) 
  core_alu_lt_26_29/g864/Y            -       B0->Y  F     OAI21XL        1   3.5    95    26    5385    (-,-) 
  core_alu_lt_26_29/g863/Y            -       B0->Y  R     OAI2BB1X1      1   3.2    63    58    5442    (-,-) 
  core_alu_lt_26_29/g862/Y            -       B0->Y  F     OAI21XL        3  13.0   108    57    5499    (-,-) 
  core_control/g2249/Y                -       B0->Y  R     AOI22X1        1   4.7    96    80    5579    (-,-) 
  core_control/g2246/Y                -       B->Y   F     NAND3X1       32  84.6   343   214    5794    (-,-) 
  g9504/Y                             -       A->Y   F     AND2X2         2   5.8    39   141    5935    (-,-) 
  pc_adder_add_4_17/g783/Y            -       A->Y   F     AND2X2         2  10.7    41    75    6010    (-,-) 
  pc_adder_add_4_17/g780/CO           -       CI->CO F     ADDFX1         1   6.5    68   124    6133    (-,-) 
  pc_adder_add_4_17/g779/CO           -       CI->CO F     ADDFX1         1   6.5    68   130    6263    (-,-) 
  pc_adder_add_4_17/g778/CO           -       CI->CO F     ADDFX1         1   6.5    68   130    6393    (-,-) 
  pc_adder_add_4_17/g777/CO           -       CI->CO F     ADDFX1         1   6.5    68   130    6523    (-,-) 
  pc_adder_add_4_17/g776/CO           -       CI->CO F     ADDFX1         1   6.5    68   130    6653    (-,-) 
  pc_adder_add_4_17/g775/CO           -       CI->CO F     ADDFX1         1   6.5    68   130    6783    (-,-) 
  pc_adder_add_4_17/g774/CO           -       CI->CO F     ADDFX1         1   6.5    68   130    6913    (-,-) 
  pc_adder_add_4_17/g773/CO           -       CI->CO F     ADDFX1         1   6.5    68   130    7043    (-,-) 
  pc_adder_add_4_17/g772/CO           -       CI->CO F     ADDFX1         1   6.5    68   130    7173    (-,-) 
  pc_adder_add_4_17/g771/CO           -       CI->CO F     ADDFX1         1   6.5    68   130    7302    (-,-) 
  pc_adder_add_4_17/g770/CO           -       CI->CO F     ADDFX1         1   6.5    68   130    7432    (-,-) 
  pc_adder_add_4_17/g769/CO           -       CI->CO F     ADDFX1         1   6.5    68   130    7562    (-,-) 
  pc_adder_add_4_17/g768/CO           -       CI->CO F     ADDFX1         1   6.5    68   130    7692    (-,-) 
  pc_adder_add_4_17/g767/CO           -       CI->CO F     ADDFX1         1   6.5    68   130    7822    (-,-) 
  pc_adder_add_4_17/g766/CO           -       CI->CO F     ADDFX1         1   6.5    68   130    7952    (-,-) 
  pc_adder_add_4_17/g765/CO           -       CI->CO F     ADDFX1         1   6.5    68   130    8082    (-,-) 
  pc_adder_add_4_17/g764/CO           -       CI->CO F     ADDFX1         1   6.5    68   130    8212    (-,-) 
  pc_adder_add_4_17/g763/CO           -       CI->CO F     ADDFX1         1   6.5    68   130    8342    (-,-) 
  pc_adder_add_4_17/g762/CO           -       CI->CO F     ADDFX1         1   6.5    68   130    8472    (-,-) 
  pc_adder_add_4_17/g761/CO           -       CI->CO F     ADDFX1         1   6.5    68   130    8602    (-,-) 
  pc_adder_add_4_17/g760/CO           -       CI->CO F     ADDFX1         1   6.5    68   130    8731    (-,-) 
  pc_adder_add_4_17/g759/CO           -       CI->CO F     ADDFX1         1   6.5    68   130    8861    (-,-) 
  pc_adder_add_4_17/g758/CO           -       CI->CO F     ADDFX1         1   6.5    68   130    8991    (-,-) 
  pc_adder_add_4_17/g757/CO           -       CI->CO F     ADDFX1         1   6.5    68   130    9121    (-,-) 
  pc_adder_add_4_17/g756/CO           -       CI->CO F     ADDFX1         1   6.5    68   130    9251    (-,-) 
  pc_adder_add_4_17/g755/CO           -       CI->CO F     ADDFX1         1   6.5    68   130    9381    (-,-) 
  pc_adder_add_4_17/g754/CO           -       CI->CO F     ADDFX1         1   6.5    68   130    9511    (-,-) 
  pc_adder_add_4_17/g753/CO           -       CI->CO F     ADDFX1         1   6.5    68   130    9641    (-,-) 
  pc_adder_add_4_17/g752/CO           -       C->CO  F     CMPR32X1       1   6.5    68   130    9771    (-,-) 
  pc_adder_add_4_17/g751/CO           -       CI->CO F     ADDFX1         2   7.1    70   132    9902    (-,-) 
  pc_adder_add_4_17/g750/Y            -       B0->Y  R     OAI2BB2X1      2   8.6   150   102   10004    (-,-) 
  g38857/Y                            -       A0->Y  F     OAI221XL       1   5.0   104    44   10048    (-,-) 
  g38702/Y                            -       A0->Y  R     OAI31X1       31 139.5  1637   926   10973    (-,-) 
  register_file/g29045/Y              -       B0->Y  F     AOI22X1        1   3.6   282   -47   10927    (-,-) 
  register_file/g28549/Y              -       A->Y   R     INVX1          1   2.2    63    77   11004    (-,-) 
  register_file/regFile_reg[31][31]/D <<<     -      R     DFFHQX1        1     -     -     0   11004    (-,-) 
#--------------------------------------------------------------------------------------------------------------

@genus:root: 9> exit
Normal exit.