Cadence Genus(TM) Synthesis Solution.
Copyright 2017 Cadence Design Systems, Inc. All rights reserved worldwide.
Cadence and the Cadence logo are registered trademarks and Genus is a trademark
of Cadence Design Systems, Inc. in the United States and other countries.

Version: 17.21-s010_1, built Wed Feb 07 2018
Options: 
Date:    Sat May 01 19:08:26 2021
Host:    cad54 (x86_64 w/Linux 2.6.32-71.el6.x86_64) (2cores*4cpus*1physical cpu*Intel(R) Core(TM) i3-2120 CPU @ 3.30GHz 3072KB) (7955092KB)
OS:      Red Hat Enterprise Linux Server release 6.0 (Santiago)

Checking out license: Genus_Synthesis

Loading tool scripts...

Finished loading tool scripts (47 seconds elapsed).

WARNING: This version of the tool is 1179 days old.
@genus:root: 1> set_db library slow.lib

Threads Configured:3

  Message Summary for Library slow.lib:
  *************************************
  Could not find an attribute in the library. [LBR-436]: 639
  Missing a function attribute in the output pin definition. [LBR-518]: 1
  An unsupported construct was detected in this library. [LBR-40]: 1
  *************************************
 
Info    : Created nominal operating condition. [LBR-412]
        : Operating condition '_nominal_' was created for the PVT values (1.000000, 1.620000, 125.000000) in library 'slow.lib'.
        : The nominal operating condition represents either the nominal PVT values if specified in the library source, or the default PVT values (1.0, 1.0, 1.0).
  Setting attribute of root '/': 'library' = slow.lib
1 slow.lib
@genus:root: 2> read_hdl {add32.v alu.v control_unit.v data_mem.v imm_sx.v insn_mem.v load_stall.v mbr_sx_load.v mbr_sx_store.v mux32four.v mux32three.v mux32two.v program_counter.v register_bank.v riscv_crypto_fu_saes32_32.v riscv_crypto_fu_sboxes_aes_32.v riscv_crypto_fu_sboxes_sm4_32.v riscv_crypto_fu_ssha256_32.v riscv_crypto_fu_ssha512_32.v riscv_crypto_fu_ssm3_32.v riscv_crypto_fu_ssm4_32.v riscv_crypto_fu_32.v rvb_clmul.v rvb_xperm.v bitmanip_top.v core_top.v core.v}
@genus:root: 3> elaborate core
Info    : Elaborating Design. [ELAB-1]
        : Elaborating top-level block 'core' from file 'core.v'.
Warning : Using default parameter value for module elaboration. [CDFG-818]
        : Elaborating block 'core' with default parameters value.
Warning : Referenced signal not in sensitivity list.  This may cause simulation mismatches between the original and synthesized designs. [CDFG-360]
        : Signal 'sz' in module 'rvb_xperm' in file 'rvb_xperm.v' on line 15.
Warning : Referenced signal not in sensitivity list.  This may cause simulation mismatches between the original and synthesized designs. [CDFG-360]
        : Signal 'rs2' in module 'rvb_xperm' in file 'rvb_xperm.v' on line 15.
Warning : Referenced signal not in sensitivity list.  This may cause simulation mismatches between the original and synthesized designs. [CDFG-360]
        : Signal 'mask' in module 'rvb_xperm' in file 'rvb_xperm.v' on line 15.
Warning : Referenced signal not in sensitivity list.  This may cause simulation mismatches between the original and synthesized designs. [CDFG-360]
        : Signal 'sz_log2' in module 'rvb_xperm' in file 'rvb_xperm.v' on line 15.
Warning : Referenced signal not in sensitivity list.  This may cause simulation mismatches between the original and synthesized designs. [CDFG-360]
        : Signal 'rs1' in module 'rvb_xperm' in file 'rvb_xperm.v' on line 15.
Warning : Referenced signal not in sensitivity list.  This may cause simulation mismatches between the original and synthesized designs. [CDFG-360]
        : Signal 'res' in module 'rvb_xperm' in file 'rvb_xperm.v' on line 15.
Warning : Connected signal is wider than input port. [CDFG-464]
        : Signal width (23) does not match width of port 'instruction' (21) of instance 'bitmanip_fu' of module 'bitmanip_top' in file 'core.v' on line 193.
        : This may cause simulation mismatches between the original and synthesized designs.
Info    : Done Elaborating Design. [ELAB-3]
        : Done elaborating 'core'.
Checking for analog nets...
Check completed for analog nets.
Checking for source RTL...
Check completed for source RTL.
UM:  flow.cputime  flow.realtime  timing.setup.tns  timing.setup.wns  snapshot
UM:            14             95                                      elaborate
design:core
@genus:root: 4> read_sdc counter_constraints.g
Statistics for commands executed by read_sdc:
 "create_clock"             - successful      1 , failed      0 (runtime  0.00)
 "get_clocks"               - successful      2 , failed      0 (runtime  0.00)
 "get_ports"                - successful      2 , failed      0 (runtime  0.00)
 "set_clock_transition"     - successful      2 , failed      0 (runtime  0.00)
 "set_clock_uncertainty"    - successful      1 , failed      0 (runtime  0.00)
Total runtime 0
@genus:root: 5> synthesize -to_mapped -effort medium
Warning : This command will be obsolete in a next major release. [TUI-37]
        : command: 'synthesize'
        : The synthesize command is obsolete. Use the syn_gen, syn_map or syn_opt commands instead.
Info    : Synthesizing. [SYNTH-1]
        : Synthesizing 'core' to generic gates using 'medium' effort.
Info    : Deleting instances not driving any primary outputs. [GLO-34]
        : Deleting 31 sequential instances.
        : Optimizations such as constant propagation or redundancy removal could change the connections so a hierarchical instance does not drive any primary outputs anymore. To see the list of deleted hierarchical instances, set the 'information_level' attribute to 2 or above. If the message is truncated set the message attribute 'truncate' to false to see the complete list. To prevent this optimization, set the 'delete_unloaded_insts' root/subdesign attribute to 'false' or 'preserve' instance attribute to 'true'.
Info    : Deleting instances not driving any primary outputs. [GLO-34]
        : Deleting 34 hierarchical instances.
Info    : Pre-processed datapath logic. [DPOPT-6]
        : No pre-processing optimizations applied to datapath logic in 'core'.
Info    : Optimizing datapath logic. [DPOPT-1]
        : Optimizing datapath logic in 'core'.
Info    : Implementing datapath configurations. [DPOPT-3]
        : Implementing datapath configurations for 'CDN_DP_region_4565'
Info    : Done implementing datapath configurations. [DPOPT-4]
        : Selected 'very_fast' configuration 4 for module 'CDN_DP_region_4565'.
          Optimizations applied to 'very_fast' configuration:
            rewriting(0), factoring(0), sharing(0), cmultcse(0), downsizing(0), speculation(0)
Info    : Implementing datapath configurations. [DPOPT-3]
        : Implementing datapath configurations for 'CDN_DP_region_4570'
Info    : Done implementing datapath configurations. [DPOPT-4]
        : Selected 'very_fast' configuration 4 for module 'CDN_DP_region_4570'.
          Optimizations applied to 'very_fast' configuration:
            rewriting(0), factoring(0), sharing(0), cmultcse(0), downsizing(0), speculation(0)
Info    : Implementing datapath configurations. [DPOPT-3]
        : Implementing datapath configurations for 'CDN_DP_region_4566'
Info    : Done implementing datapath configurations. [DPOPT-4]
        : Selected 'very_fast' configuration 4 for module 'CDN_DP_region_4566'.
          Optimizations applied to 'very_fast' configuration:
            rewriting(0), factoring(0), sharing(0), cmultcse(0), downsizing(0), speculation(0)
Info    : Implementing datapath configurations. [DPOPT-3]
        : Implementing datapath configurations for 'CDN_DP_region_4562'
Info    : Accepted resource sharing opportunity. [RTLOPT-30]
        : Merged the following sets of instances in 'CDN_DP_region_4562_c1 in core':
	  (bitmanip_fu_sll_62_35, bitmanip_fu_sll_61_43)
	  (core_alu_sub_42_28, core_alu_add_41_29)

Info    : Accepted resource sharing opportunity. [RTLOPT-30]
        : Merged the following sets of instances in 'CDN_DP_region_4562_c2 in core':
	  (bitmanip_fu_sll_62_35, bitmanip_fu_sll_61_43)
	  (core_alu_sub_42_28, core_alu_add_41_29)

Info    : Accepted resource sharing opportunity. [RTLOPT-30]
        : Merged the following sets of instances in 'CDN_DP_region_4562_c3 in core':
	  (bitmanip_fu_sll_62_35, bitmanip_fu_sll_61_43)
	  (core_alu_sub_42_28, core_alu_add_41_29)

Info    : Accepted resource sharing opportunity. [RTLOPT-30]
        : Merged the following sets of instances in 'CDN_DP_region_4562_c4 in core':
	  (bitmanip_fu_sll_62_35, bitmanip_fu_sll_61_43)
	  (core_alu_sub_42_28, core_alu_add_41_29)

Info    : Done implementing datapath configurations. [DPOPT-4]
        : Selected 'very_fast' configuration 4 for module 'CDN_DP_region_4562'.
          Optimizations applied to 'very_fast' configuration:
            rewriting(0), factoring(0), sharing(2), cmultcse(0), downsizing(0), speculation(0)
Info    : Implementing datapath configurations. [DPOPT-3]
        : Implementing datapath configurations for 'CDN_DP_region_4569'
Info    : Done implementing datapath configurations. [DPOPT-4]
        : Selected 'very_fast' configuration 4 for module 'CDN_DP_region_4569'.
          Optimizations applied to 'very_fast' configuration:
            rewriting(0), factoring(0), sharing(0), cmultcse(0), downsizing(0), speculation(0)
Info    : Implementing datapath configurations. [DPOPT-3]
        : Implementing datapath configurations for 'CDN_DP_region_4568'
Info    : Done implementing datapath configurations. [DPOPT-4]
        : Selected 'very_fast' configuration 4 for module 'CDN_DP_region_4568'.
          Optimizations applied to 'very_fast' configuration:
            rewriting(0), factoring(0), sharing(0), cmultcse(0), downsizing(0), speculation(0)
Info    : Implementing datapath configurations. [DPOPT-3]
        : Implementing datapath configurations for 'CDN_DP_region_4567'
Info    : Done implementing datapath configurations. [DPOPT-4]
        : Selected 'very_fast' configuration 4 for module 'CDN_DP_region_4567'.
          Optimizations applied to 'very_fast' configuration:
            rewriting(0), factoring(0), sharing(0), cmultcse(0), downsizing(0), speculation(0)
Info    : Implementing datapath configurations. [DPOPT-3]
        : Implementing datapath configurations for 'CDN_DP_region'
Info    : Done implementing datapath configurations. [DPOPT-4]
        : Selected 'very_fast' configuration 4 for module 'CDN_DP_region'.
          Optimizations applied to 'very_fast' configuration:
            rewriting(0), factoring(0), sharing(0), cmultcse(0), downsizing(0), speculation(0)
Info    : Implementing datapath configurations. [DPOPT-3]
        : Implementing datapath configurations for 'CDN_DP_region_4564'
Info    : Done implementing datapath configurations. [DPOPT-4]
        : Selected 'very_fast' configuration 4 for module 'CDN_DP_region_4564'.
          Optimizations applied to 'very_fast' configuration:
            rewriting(0), factoring(0), sharing(0), cmultcse(0), downsizing(0), speculation(0)
Info    : Implementing datapath configurations. [DPOPT-3]
        : Implementing datapath configurations for 'CDN_DP_region_4563'
Info    : Done implementing datapath configurations. [DPOPT-4]
        : Selected 'very_fast' configuration 4 for module 'CDN_DP_region_4563'.
          Optimizations applied to 'very_fast' configuration:
            rewriting(0), factoring(0), sharing(0), cmultcse(0), downsizing(0), speculation(0)
Info    : Done optimizing datapath logic. [DPOPT-2]
        : Done optimizing datapath logic in 'core'.
Warning : Not obtained requested number of super thread servers. [ST-136]
        : The tool is running on a 4 cpu machine.
        : The requested number of cpus are not available on machine.
Info    : Deleting instances not driving any primary outputs. [GLO-34]
        : Deleting 32 sequential instances.
Info    : Deleting instances not driving any primary outputs. [GLO-34]
        : Deleting 1 sequential instance.
Info    : Done synthesizing. [SYNTH-2]
        : Done synthesizing 'core' to generic gates.
Info    : Mapping. [SYNTH-4]
        : Mapping 'core' using 'medium' effort.
Mapper: Libraries have:
	domain _default_: 278 combo usable cells and 172 sequential usable cells
Warning : Not obtained requested number of super thread servers. [ST-136]
        : The tool is running on a 4 cpu machine.
Multi-threaded constant propagation [1|0] ...
Info    : Replacing the synchronous part of an always feeding back flip-flop with a logic constant. [GLO-45]
        : The instance is 'bitmanip_fu_i_rvb_xperm/res_reg[3]'. The constant is '1'.
        : To prevent this optimization, set 'optimize_constant_feedback_seqs' root attribute to 'false'. The instance attribute 'optimize_constant_feedback_seq' controls this optimization. 
Info    : Replacing the synchronous part of an always feeding back flip-flop with a logic constant. [GLO-45]
        : The instance is 'bitmanip_fu_i_rvb_xperm/res_reg[2]'. The constant is '1'.
Info    : Replacing the synchronous part of an always feeding back flip-flop with a logic constant. [GLO-45]
        : The instance is 'bitmanip_fu_i_rvb_xperm/res_reg[1]'. The constant is '1'.
Info    : Replacing the synchronous part of an always feeding back flip-flop with a logic constant. [GLO-45]
        : The instance is 'bitmanip_fu_i_rvb_xperm/res_reg[0]'. The constant is '1'.
Info    : Replacing the synchronous part of an always feeding back flip-flop with a logic constant. [GLO-45]
        : The instance is 'bitmanip_fu_i_rvb_xperm/res_reg[7]'. The constant is '1'.
Info    : Replacing the synchronous part of an always feeding back flip-flop with a logic constant. [GLO-45]
        : The instance is 'bitmanip_fu_i_rvb_xperm/res_reg[6]'. The constant is '1'.
Info    : Replacing the synchronous part of an always feeding back flip-flop with a logic constant. [GLO-45]
        : The instance is 'bitmanip_fu_i_rvb_xperm/res_reg[5]'. The constant is '1'.
Info    : Replacing the synchronous part of an always feeding back flip-flop with a logic constant. [GLO-45]
        : The instance is 'bitmanip_fu_i_rvb_xperm/res_reg[4]'. The constant is '1'.
Info    : Replacing the synchronous part of an always feeding back flip-flop with a logic constant. [GLO-45]
        : The instance is 'bitmanip_fu_i_rvb_xperm/res_reg[11]'. The constant is '1'.
Info    : Replacing the synchronous part of an always feeding back flip-flop with a logic constant. [GLO-45]
        : The instance is 'bitmanip_fu_i_rvb_xperm/res_reg[10]'. The constant is '1'.
Info    : Replacing the synchronous part of an always feeding back flip-flop with a logic constant. [GLO-45]
        : The instance is 'bitmanip_fu_i_rvb_xperm/res_reg[9]'. The constant is '1'.
Info    : Replacing the synchronous part of an always feeding back flip-flop with a logic constant. [GLO-45]
        : The instance is 'bitmanip_fu_i_rvb_xperm/res_reg[8]'. The constant is '1'.
Info    : Replacing the synchronous part of an always feeding back flip-flop with a logic constant. [GLO-45]
        : The instance is 'bitmanip_fu_i_rvb_xperm/res_reg[19]'. The constant is '1'.
Info    : Replacing the synchronous part of an always feeding back flip-flop with a logic constant. [GLO-45]
        : The instance is 'bitmanip_fu_i_rvb_xperm/res_reg[18]'. The constant is '1'.
Info    : Replacing the synchronous part of an always feeding back flip-flop with a logic constant. [GLO-45]
        : The instance is 'bitmanip_fu_i_rvb_xperm/res_reg[17]'. The constant is '1'.
Info    : Replacing the synchronous part of an always feeding back flip-flop with a logic constant. [GLO-45]
        : The instance is 'bitmanip_fu_i_rvb_xperm/res_reg[16]'. The constant is '1'.
Info    : Replacing the synchronous part of an always feeding back flip-flop with a logic constant. [GLO-45]
        : The instance is 'bitmanip_fu_i_rvb_xperm/res_reg[12]'. The constant is '1'.
Info    : Replacing the synchronous part of an always feeding back flip-flop with a logic constant. [GLO-45]
        : The instance is 'bitmanip_fu_i_rvb_xperm/res_reg[13]'. The constant is '1'.
Info    : Replacing the synchronous part of an always feeding back flip-flop with a logic constant. [GLO-45]
        : The instance is 'bitmanip_fu_i_rvb_xperm/res_reg[14]'. The constant is '1'.
Info    : Replacing the synchronous part of an always feeding back flip-flop with a logic constant. [GLO-45]
        : The instance is 'bitmanip_fu_i_rvb_xperm/res_reg[15]'. The constant is '1'.
Info    : Replacing the synchronous part of an always feeding back flip-flop with a logic constant. [GLO-45]
        : The instance is 'bitmanip_fu_i_rvb_xperm/res_reg[20]'. The constant is '1'.
Info    : Replacing the synchronous part of an always feeding back flip-flop with a logic constant. [GLO-45]
        : The instance is 'bitmanip_fu_i_rvb_xperm/res_reg[21]'. The constant is '1'.
Info    : Replacing the synchronous part of an always feeding back flip-flop with a logic constant. [GLO-45]
        : The instance is 'bitmanip_fu_i_rvb_xperm/res_reg[22]'. The constant is '1'.
Info    : Replacing the synchronous part of an always feeding back flip-flop with a logic constant. [GLO-45]
        : The instance is 'bitmanip_fu_i_rvb_xperm/res_reg[23]'. The constant is '1'.
Info    : Deleting instances not driving any primary outputs. [GLO-34]
        : Deleting 5 hierarchical instances.
Info    : Replacing a flip-flop with a logic constant 0. [GLO-12]
        : The instance is 'bitmanip_fu_i_rvb_clmul/state_reg[3]'.
        : To prevent this optimization, set the 'optimize_constant_0_flops' root attribute to 'false' or 'optimize_constant_0_seq' instance attribute to 'false'.
Info    : Replacing a latch with a logic constant 1. [GLO-15]
        : The instance is 'bitmanip_fu_i_rvb_xperm/res_reg[0]'.
        : This optimization was enabled by the root attribute 'optimize_constant_latches'.
Info    : Replacing a latch with a logic constant 1. [GLO-15]
        : The instance is 'bitmanip_fu_i_rvb_xperm/res_reg[1]'.
Info    : Replacing a latch with a logic constant 1. [GLO-15]
        : The instance is 'bitmanip_fu_i_rvb_xperm/res_reg[2]'.
Info    : Replacing a latch with a logic constant 1. [GLO-15]
        : The instance is 'bitmanip_fu_i_rvb_xperm/res_reg[3]'.
Info    : Replacing a latch with a logic constant 1. [GLO-15]
        : The instance is 'bitmanip_fu_i_rvb_xperm/res_reg[4]'.
Info    : Replacing a latch with a logic constant 1. [GLO-15]
        : The instance is 'bitmanip_fu_i_rvb_xperm/res_reg[5]'.
Info    : Replacing a latch with a logic constant 1. [GLO-15]
        : The instance is 'bitmanip_fu_i_rvb_xperm/res_reg[6]'.
Info    : Replacing a latch with a logic constant 1. [GLO-15]
        : The instance is 'bitmanip_fu_i_rvb_xperm/res_reg[7]'.
Info    : Replacing a latch with a logic constant 1. [GLO-15]
        : The instance is 'bitmanip_fu_i_rvb_xperm/res_reg[8]'.
Info    : Replacing a latch with a logic constant 1. [GLO-15]
        : The instance is 'bitmanip_fu_i_rvb_xperm/res_reg[9]'.
Info    : Replacing a latch with a logic constant 1. [GLO-15]
        : The instance is 'bitmanip_fu_i_rvb_xperm/res_reg[10]'.
Info    : Replacing a latch with a logic constant 1. [GLO-15]
        : The instance is 'bitmanip_fu_i_rvb_xperm/res_reg[11]'.
Info    : Replacing a latch with a logic constant 1. [GLO-15]
        : The instance is 'bitmanip_fu_i_rvb_xperm/res_reg[12]'.
Info    : Replacing a latch with a logic constant 1. [GLO-15]
        : The instance is 'bitmanip_fu_i_rvb_xperm/res_reg[13]'.
Info    : Replacing a latch with a logic constant 1. [GLO-15]
        : The instance is 'bitmanip_fu_i_rvb_xperm/res_reg[14]'.
Info    : Replacing a latch with a logic constant 1. [GLO-15]
        : The instance is 'bitmanip_fu_i_rvb_xperm/res_reg[15]'.
Info    : Replacing a latch with a logic constant 1. [GLO-15]
        : The instance is 'bitmanip_fu_i_rvb_xperm/res_reg[16]'.
Info    : Replacing a latch with a logic constant 1. [GLO-15]
        : The instance is 'bitmanip_fu_i_rvb_xperm/res_reg[17]'.
Info    : Replacing a latch with a logic constant 1. [GLO-15]
        : The instance is 'bitmanip_fu_i_rvb_xperm/res_reg[18]'.
Info    : Replacing a latch with a logic constant 1. [GLO-15]
        : The instance is 'bitmanip_fu_i_rvb_xperm/res_reg[19]'.
Info    : Replacing a latch with a logic constant 1. [GLO-15]
        : The instance is 'bitmanip_fu_i_rvb_xperm/res_reg[20]'.
Info    : Replacing a latch with a logic constant 1. [GLO-15]
        : The instance is 'bitmanip_fu_i_rvb_xperm/res_reg[21]'.
Info    : Replacing a latch with a logic constant 1. [GLO-15]
        : The instance is 'bitmanip_fu_i_rvb_xperm/res_reg[22]'.
Info    : Replacing a latch with a logic constant 1. [GLO-15]
        : The instance is 'bitmanip_fu_i_rvb_xperm/res_reg[23]'.
Info    : Replacing a latch with a logic constant 1. [GLO-15]
        : The instance is 'bitmanip_fu_i_rvb_xperm/res_reg[24]'.
Info    : Replacing a latch with a logic constant 1. [GLO-15]
        : The instance is 'bitmanip_fu_i_rvb_xperm/res_reg[25]'.
Info    : Replacing a latch with a logic constant 1. [GLO-15]
        : The instance is 'bitmanip_fu_i_rvb_xperm/res_reg[26]'.
Info    : Replacing a latch with a logic constant 1. [GLO-15]
        : The instance is 'bitmanip_fu_i_rvb_xperm/res_reg[27]'.
Info    : Replacing a latch with a logic constant 1. [GLO-15]
        : The instance is 'bitmanip_fu_i_rvb_xperm/res_reg[28]'.
Info    : Replacing a latch with a logic constant 1. [GLO-15]
        : The instance is 'bitmanip_fu_i_rvb_xperm/res_reg[29]'.
Info    : Replacing a latch with a logic constant 1. [GLO-15]
        : The instance is 'bitmanip_fu_i_rvb_xperm/res_reg[30]'.
Info    : Replacing a latch with a logic constant 1. [GLO-15]
        : The instance is 'bitmanip_fu_i_rvb_xperm/res_reg[31]'.
Info    : Deleting instances not driving any primary outputs. [GLO-34]
        : Deleting 1 sequential instance.
Info    : Deleting instances not driving any primary outputs. [GLO-34]
        : Deleting 3 hierarchical instances.
Info    : Deleting instances not driving any primary outputs. [GLO-34]
        : Deleting 1 hierarchical instance.
Multi-threaded Virtual Mapping    (4 threads per ST process, 4 of 4 CPUs usable)
 
Global mapping target info
==========================
Cost Group 'clk' target slack:  1492 ps
Target path end-point (Pin: register_file/regFile_reg[31][30]/d)

Multi-threaded Technology Mapping (4 threads per ST process, 4 of 4 CPUs usable)
 
Global mapping status
=====================
                                   Group   
                                  Tot Wrst 
                           Total  Weighted 
Operation                   Area   Slacks  
-------------------------------------------------------------------------------
 global_map               192495        0 

    Cost Group            Target    Slack    Diff.  Constr.
-----------------------------------------------------------
           clk              1492    24833             50000 

 
Global incremental target info
==============================
Cost Group 'clk' target slack:   995 ps
Target path end-point (Pin: register_file/regFile_reg[31][31]/D (DFFHQX1/D))

 
Global incremental optimization status
======================================
                                   Group   
                                  Tot Wrst 
                           Total  Weighted 
Operation                   Area   Slacks  
-------------------------------------------------------------------------------
 global_incr              190387        0 

    Cost Group            Target    Slack    Diff.  Constr.
-----------------------------------------------------------
           clk               995    24629             50000 

Info    : Done mapping. [SYNTH-5]
        : Done mapping 'core'.
Info    : Incrementally optimizing. [SYNTH-7]
        : Incrementally optimizing 'core' using 'medium' effort.
 
Incremental optimization status
===============================
                                   Group   
                                  Tot Wrst     Total - - DRC Totals - -
                           Total  Weighted      Neg      Max       Max 
Operation                   Area   Slacks      Slack    Trans      Cap 
-------------------------------------------------------------------------------
 init_iopt                190387        0         0         0        0
 const_prop               190387        0         0         0        0
 
Incremental optimization status
===============================
                                   Group   
                                  Tot Wrst     Total - - DRC Totals - -
                           Total  Weighted      Neg      Max       Max 
Operation                   Area   Slacks      Slack    Trans      Cap 
-------------------------------------------------------------------------------
 init_delay               190353        0         0         0        0

           Trick     Calls     Accepts   Attempts    Time(secs) 
-----------------------------------------------------------
       crit_upsz         0  (        0 /        0 )  0.00
    plc_bal_star         0  (        0 /        0 )  0.00
     drc_buftimb         0  (        0 /        0 )  0.00
          plc_st         0  (        0 /        0 )  0.00
       plc_lo_st         0  (        0 /        0 )  0.00
        plc_star         0  (        0 /        0 )  0.00
     drc_buftims         0  (        0 /        0 )  0.00
       plc_lo_st         0  (        0 /        0 )  0.00
            fopt         0  (        0 /        0 )  0.00
       crit_dnsz         0  (        0 /        0 )  0.00
             dup         0  (        0 /        0 )  0.00
            fopt         0  (        0 /        0 )  0.00
        setup_dn         0  (        0 /        0 )  0.00
         buf2inv         0  (        0 /        0 )  0.00
             exp         0  (        0 /        0 )  0.00
       gate_deco         0  (        0 /        0 )  0.00
       gcomp_tim         0  (        0 /        0 )  0.00
  inv_pair_2_buf         0  (        0 /        0 )  0.00

 init_drc                 190353        0         0         0        0

           Trick     Calls     Accepts   Attempts    Time(secs) 
-----------------------------------------------------------
          plc_st         0  (        0 /        0 )  0.00
        plc_star         0  (        0 /        0 )  0.00
        drc_bufs         0  (        0 /        0 )  0.00
        drc_fopt         0  (        0 /        0 )  0.00
        drc_bufb         0  (        0 /        0 )  0.00
      simple_buf         0  (        0 /        0 )  0.00
             dup         0  (        0 /        0 )  0.00
       crit_dnsz         0  (        0 /        0 )  0.00
       crit_upsz         0  (        0 /        0 )  0.00


           Trick     Calls     Accepts   Attempts    Time(secs) 
-----------------------------------------------------------
          plc_st         0  (        0 /        0 )  0.00
        plc_star         0  (        0 /        0 )  0.00
      drc_buf_sp         0  (        0 /        0 )  0.00
        drc_bufs         0  (        0 /        0 )  0.00
        drc_fopt         0  (        0 /        0 )  0.00
        drc_bufb         0  (        0 /        0 )  0.00
      simple_buf         0  (        0 /        0 )  0.00
             dup         0  (        0 /        0 )  0.00
       crit_dnsz         0  (        0 /        0 )  0.00
       crit_upsz         0  (        0 /        0 )  0.00


           Trick     Calls     Accepts   Attempts    Time(secs) 
-----------------------------------------------------------
          plc_st         0  (        0 /        0 )  0.00
        plc_star         0  (        0 /        0 )  0.00
      drc_buf_sp         0  (        0 /        0 )  0.00
        drc_bufs         0  (        0 /        0 )  0.00
        drc_fopt         0  (        0 /        0 )  0.00
        drc_bufb         0  (        0 /        0 )  0.00
             dup         0  (        0 /        0 )  0.00
       crit_dnsz         0  (        0 /        0 )  0.00
       crit_upsz         0  (        0 /        0 )  0.00

 init_tns                 190353        0         0         0        0

           Trick     Calls     Accepts   Attempts    Time(secs) 
-----------------------------------------------------------
    plc_bal_star         0  (        0 /        0 )  0.00
     drc_buftimb         0  (        0 /        0 )  0.00
     drc_buftims         0  (        0 /        0 )  0.00
       crit_upsz         0  (        0 /        0 )  0.00
       plc_lo_st         0  (        0 /        0 )  0.00
            fopt         0  (        0 /        0 )  0.00
       crit_dnsz         0  (        0 /        0 )  0.00
             dup         0  (        0 /        0 )  0.00
        setup_dn         0  (        0 /        0 )  0.00
         buf2inv         0  (        0 /        0 )  0.00

 init_area                190353        0         0         0        0
 glob_area                190170        0         0         0        0
 area_down                190084        0         0         0        0

           Trick     Calls     Accepts   Attempts    Time(secs) 
-----------------------------------------------------------
           undup         1  (        1 /        1 )  0.04
         rem_buf         1  (        1 /        1 )  0.01
         rem_inv         2  (        2 /        2 )  0.05
        merge_bi         1  (        1 /        1 )  0.06
      rem_inv_qb         0  (        0 /        0 )  0.00
        io_phase         8  (        1 /        1 )  0.07
       gate_comp       496  (        1 /        1 )  1.82
       gcomp_mog         4  (        0 /        0 )  0.51
       glob_area        55  (        2 /       55 )  0.06
       area_down        15  (       10 /       10 )  0.35
      size_n_buf         0  (        0 /        0 )  0.03
  gate_deco_area         0  (        0 /        0 )  0.01
         rem_buf         0  (        0 /        0 )  0.00
         rem_inv         0  (        0 /        0 )  0.00
        merge_bi         0  (        0 /        0 )  0.02
      rem_inv_qb         0  (        0 /        0 )  0.00

 
Incremental optimization status
===============================
                                   Group   
                                  Tot Wrst     Total - - DRC Totals - -
                           Total  Weighted      Neg      Max       Max 
Operation                   Area   Slacks      Slack    Trans      Cap 
-------------------------------------------------------------------------------
 init_delay               190084        0         0         0        0

           Trick     Calls     Accepts   Attempts    Time(secs) 
-----------------------------------------------------------
       crit_upsz         0  (        0 /        0 )  0.00
    plc_bal_star         0  (        0 /        0 )  0.00
     drc_buftimb         0  (        0 /        0 )  0.00
          plc_st         0  (        0 /        0 )  0.00
       plc_lo_st         0  (        0 /        0 )  0.00
        plc_star         0  (        0 /        0 )  0.00
     drc_buftims         0  (        0 /        0 )  0.00
       plc_lo_st         0  (        0 /        0 )  0.00
            fopt         0  (        0 /        0 )  0.00
       crit_dnsz         0  (        0 /        0 )  0.00
             dup         0  (        0 /        0 )  0.00
            fopt         0  (        0 /        0 )  0.00
        setup_dn         0  (        0 /        0 )  0.00
         buf2inv         0  (        0 /        0 )  0.00
             exp         0  (        0 /        0 )  0.00
       gate_deco         0  (        0 /        0 )  0.00
       gcomp_tim         0  (        0 /        0 )  0.00
  inv_pair_2_buf         0  (        0 /        0 )  0.00

 init_drc                 190084        0         0         0        0

           Trick     Calls     Accepts   Attempts    Time(secs) 
-----------------------------------------------------------
          plc_st         0  (        0 /        0 )  0.00
        plc_star         0  (        0 /        0 )  0.00
        drc_bufs         0  (        0 /        0 )  0.00
        drc_fopt         0  (        0 /        0 )  0.00
        drc_bufb         0  (        0 /        0 )  0.00
      simple_buf         0  (        0 /        0 )  0.00
             dup         0  (        0 /        0 )  0.00
       crit_dnsz         0  (        0 /        0 )  0.00
       crit_upsz         0  (        0 /        0 )  0.00


           Trick     Calls     Accepts   Attempts    Time(secs) 
-----------------------------------------------------------
          plc_st         0  (        0 /        0 )  0.00
        plc_star         0  (        0 /        0 )  0.00
        drc_bufs         0  (        0 /        0 )  0.00
        drc_fopt         0  (        0 /        0 )  0.00
        drc_bufb         0  (        0 /        0 )  0.00
      simple_buf         0  (        0 /        0 )  0.00
             dup         0  (        0 /        0 )  0.00
       crit_dnsz         0  (        0 /        0 )  0.00
       crit_upsz         0  (        0 /        0 )  0.00


           Trick     Calls     Accepts   Attempts    Time(secs) 
-----------------------------------------------------------
          plc_st         0  (        0 /        0 )  0.00
        plc_star         0  (        0 /        0 )  0.00
        drc_bufs         0  (        0 /        0 )  0.00
        drc_fopt         0  (        0 /        0 )  0.00
        drc_bufb         0  (        0 /        0 )  0.00
             dup         0  (        0 /        0 )  0.00
       crit_dnsz         0  (        0 /        0 )  0.00
       crit_upsz         0  (        0 /        0 )  0.00

 init_area                190084        0         0         0        0
 area_down                190021        0         0         0        0

           Trick     Calls     Accepts   Attempts    Time(secs) 
-----------------------------------------------------------
           undup         0  (        0 /        0 )  0.02
         rem_buf         0  (        0 /        0 )  0.00
         rem_inv         0  (        0 /        0 )  0.00
        merge_bi         0  (        0 /        0 )  0.02
      rem_inv_qb         0  (        0 /        0 )  0.00
        io_phase         7  (        0 /        0 )  0.06
       gate_comp       495  (        0 /        0 )  1.81
       gcomp_mog         4  (        0 /        0 )  0.49
       glob_area        50  (        0 /       50 )  0.03
       area_down        12  (        8 /        8 )  0.23
      size_n_buf         0  (        0 /        0 )  0.03
  gate_deco_area         0  (        0 /        0 )  0.00

Info    : Done incrementally optimizing. [SYNTH-8]
        : Done incrementally optimizing 'core'.
     flow.cputime  flow.realtime  timing.setup.tns  timing.setup.wns  snapshot
UM:           158            148                                      synthesize
@genus:root: 6> write_hdl > netlist.v
@genus:root: 7> write_sdc > timing.sdc
Finished SDC export (command execution time mm:ss (real) = 00:01).
@genus:root: 8> exit
Normal exit.