Cadence Genus(TM) Synthesis Solution.
Copyright 2017 Cadence Design Systems, Inc. All rights reserved worldwide.
Cadence and the Cadence logo are registered trademarks and Genus is a trademark
of Cadence Design Systems, Inc. in the United States and other countries.

Version: 17.21-s010_1, built Wed Feb 07 2018
Options: 
Date:    Wed Apr 28 19:42:04 2021
Host:    cad54 (x86_64 w/Linux 2.6.32-71.el6.x86_64) (2cores*4cpus*1physical cpu*Intel(R) Core(TM) i3-2120 CPU @ 3.30GHz 3072KB) (7955092KB)
OS:      Red Hat Enterprise Linux Server release 6.0 (Santiago)

Checking out license: Genus_Synthesis

Loading tool scripts...

Finished loading tool scripts (25 seconds elapsed).

WARNING: This version of the tool is 1176 days old.
@genus:root: 1> set_db library slow.lib

Threads Configured:3

  Message Summary for Library slow.lib:
  *************************************
  Could not find an attribute in the library. [LBR-436]: 639
  Missing a function attribute in the output pin definition. [LBR-518]: 1
  An unsupported construct was detected in this library. [LBR-40]: 1
  *************************************
 
Info    : Created nominal operating condition. [LBR-412]
        : Operating condition '_nominal_' was created for the PVT values (1.000000, 1.620000, 125.000000) in library 'slow.lib'.
        : The nominal operating condition represents either the nominal PVT values if specified in the library source, or the default PVT values (1.0, 1.0, 1.0).
  Setting attribute of root '/': 'library' = slow.lib
1 slow.lib
@genus:root: 2> read_hdl {add32.v alu.v control_unit.v data_mem.v imm_sx.v insn_mem.v load_stall.v mbr_sx_load.v mbr_sx_store.v mux32four.v mux32three.v mux32two.v program_counter.v register_bank.v riscv_crypto_fu_saes32_32.v riscv_crypto_fu_sboxes_aes_32.v riscv_crypto_fu_sboxes_sm4_32.v riscv_crypto_fu_ssha256_32.v riscv_crypto_fu_ssha512_32.v riscv_crypto_fu_ssm3_32.v riscv_crypto_fu_ssm4_32.v riscv_crypto_fu_32.v rvb_clmul.v rvb_xperm.v bitmanip_top.v core_top.v core.v}
@genus:root: 3> elaborate core
Info    : Elaborating Design. [ELAB-1]
        : Elaborating top-level block 'core' from file 'core.v'.
Warning : Using default parameter value for module elaboration. [CDFG-818]
        : Elaborating block 'core' with default parameters value.
Warning : Referenced signal not in sensitivity list.  This may cause simulation mismatches between the original and synthesized designs. [CDFG-360]
        : Signal 'sz' in module 'rvb_xperm' in file 'rvb_xperm.v' on line 15.
Warning : Referenced signal not in sensitivity list.  This may cause simulation mismatches between the original and synthesized designs. [CDFG-360]
        : Signal 'rs2' in module 'rvb_xperm' in file 'rvb_xperm.v' on line 15.
Warning : Referenced signal not in sensitivity list.  This may cause simulation mismatches between the original and synthesized designs. [CDFG-360]
        : Signal 'mask' in module 'rvb_xperm' in file 'rvb_xperm.v' on line 15.
Warning : Referenced signal not in sensitivity list.  This may cause simulation mismatches between the original and synthesized designs. [CDFG-360]
        : Signal 'sz_log2' in module 'rvb_xperm' in file 'rvb_xperm.v' on line 15.
Warning : Referenced signal not in sensitivity list.  This may cause simulation mismatches between the original and synthesized designs. [CDFG-360]
        : Signal 'rs1' in module 'rvb_xperm' in file 'rvb_xperm.v' on line 15.
Warning : Referenced signal not in sensitivity list.  This may cause simulation mismatches between the original and synthesized designs. [CDFG-360]
        : Signal 'res' in module 'rvb_xperm' in file 'rvb_xperm.v' on line 15.
Warning : Connected signal is wider than input port. [CDFG-464]
        : Signal width (23) does not match width of port 'instruction' (21) of instance 'bitmanip_fu' of module 'bitmanip_top' in file 'core.v' on line 193.
        : This may cause simulation mismatches between the original and synthesized designs.
Info    : Done Elaborating Design. [ELAB-3]
        : Done elaborating 'core'.
Checking for analog nets...
Check completed for analog nets.
Checking for source RTL...
Check completed for source RTL.
UM:  flow.cputime  flow.realtime  timing.setup.tns  timing.setup.wns  snapshot
UM:            14            118                                      elaborate
design:core
@genus:root: 4> read_sdc counter_constraints.g
Statistics for commands executed by read_sdc:
 "create_clock"             - successful      1 , failed      0 (runtime  0.00)
 "get_clocks"               - successful      2 , failed      0 (runtime  0.00)
 "get_ports"                - successful      2 , failed      0 (runtime  0.00)
 "set_clock_transition"     - successful      2 , failed      0 (runtime  0.00)
 "set_clock_uncertainty"    - successful      1 , failed      0 (runtime  0.00)
Total runtime 0
@genus:root: 5> synthesize -to_mapped -effort medium
Warning : This command will be obsolete in a next major release. [TUI-37]
        : command: 'synthesize'
        : The synthesize command is obsolete. Use the syn_gen, syn_map or syn_opt commands instead.
Info    : Synthesizing. [SYNTH-1]
        : Synthesizing 'core' to generic gates using 'medium' effort.
Info    : Deleting instances not driving any primary outputs. [GLO-34]
        : Deleting 31 sequential instances.
        : Optimizations such as constant propagation or redundancy removal could change the connections so a hierarchical instance does not drive any primary outputs anymore. To see the list of deleted hierarchical instances, set the 'information_level' attribute to 2 or above. If the message is truncated set the message attribute 'truncate' to false to see the complete list. To prevent this optimization, set the 'delete_unloaded_insts' root/subdesign attribute to 'false' or 'preserve' instance attribute to 'true'.
Info    : Deleting instances not driving any primary outputs. [GLO-34]
        : Deleting 34 hierarchical instances.
Info    : Pre-processed datapath logic. [DPOPT-6]
        : No pre-processing optimizations applied to datapath logic in 'core'.
Info    : Optimizing datapath logic. [DPOPT-1]
        : Optimizing datapath logic in 'core'.
Info    : Implementing datapath configurations. [DPOPT-3]
        : Implementing datapath configurations for 'CDN_DP_region_4565'
Info    : Done implementing datapath configurations. [DPOPT-4]
        : Selected 'very_fast' configuration 4 for module 'CDN_DP_region_4565'.
          Optimizations applied to 'very_fast' configuration:
            rewriting(0), factoring(0), sharing(0), cmultcse(0), downsizing(0), speculation(0)
Info    : Implementing datapath configurations. [DPOPT-3]
        : Implementing datapath configurations for 'CDN_DP_region_4570'
Info    : Done implementing datapath configurations. [DPOPT-4]
        : Selected 'very_fast' configuration 4 for module 'CDN_DP_region_4570'.
          Optimizations applied to 'very_fast' configuration:
            rewriting(0), factoring(0), sharing(0), cmultcse(0), downsizing(0), speculation(0)
Info    : Implementing datapath configurations. [DPOPT-3]
        : Implementing datapath configurations for 'CDN_DP_region_4566'
Info    : Done implementing datapath configurations. [DPOPT-4]
        : Selected 'very_fast' configuration 4 for module 'CDN_DP_region_4566'.
          Optimizations applied to 'very_fast' configuration:
            rewriting(0), factoring(0), sharing(0), cmultcse(0), downsizing(0), speculation(0)
Info    : Implementing datapath configurations. [DPOPT-3]
        : Implementing datapath configurations for 'CDN_DP_region_4562'
Info    : Accepted resource sharing opportunity. [RTLOPT-30]
        : Merged the following sets of instances in 'CDN_DP_region_4562_c1 in core':
	  (bitmanip_fu_sll_62_35, bitmanip_fu_sll_61_43)
	  (core_alu_sub_42_28, core_alu_add_41_29)

Info    : Accepted resource sharing opportunity. [RTLOPT-30]
        : Merged the following sets of instances in 'CDN_DP_region_4562_c2 in core':
	  (bitmanip_fu_sll_62_35, bitmanip_fu_sll_61_43)
	  (core_alu_sub_42_28, core_alu_add_41_29)

Info    : Accepted resource sharing opportunity. [RTLOPT-30]
        : Merged the following sets of instances in 'CDN_DP_region_4562_c3 in core':
	  (bitmanip_fu_sll_62_35, bitmanip_fu_sll_61_43)
	  (core_alu_sub_42_28, core_alu_add_41_29)

Info    : Accepted resource sharing opportunity. [RTLOPT-30]
        : Merged the following sets of instances in 'CDN_DP_region_4562_c4 in core':
	  (bitmanip_fu_sll_62_35, bitmanip_fu_sll_61_43)
	  (core_alu_sub_42_28, core_alu_add_41_29)

Info    : Done implementing datapath configurations. [DPOPT-4]
        : Selected 'very_fast' configuration 4 for module 'CDN_DP_region_4562'.
          Optimizations applied to 'very_fast' configuration:
            rewriting(0), factoring(0), sharing(2), cmultcse(0), downsizing(0), speculation(0)
Info    : Implementing datapath configurations. [DPOPT-3]
        : Implementing datapath configurations for 'CDN_DP_region_4569'
Info    : Done implementing datapath configurations. [DPOPT-4]
        : Selected 'very_fast' configuration 4 for module 'CDN_DP_region_4569'.
          Optimizations applied to 'very_fast' configuration:
            rewriting(0), factoring(0), sharing(0), cmultcse(0), downsizing(0), speculation(0)
Info    : Implementing datapath configurations. [DPOPT-3]
        : Implementing datapath configurations for 'CDN_DP_region_4568'
Info    : Done implementing datapath configurations. [DPOPT-4]
        : Selected 'very_fast' configuration 4 for module 'CDN_DP_region_4568'.
          Optimizations applied to 'very_fast' configuration:
            rewriting(0), factoring(0), sharing(0), cmultcse(0), downsizing(0), speculation(0)
Info    : Implementing datapath configurations. [DPOPT-3]
        : Implementing datapath configurations for 'CDN_DP_region_4567'
Info    : Done implementing datapath configurations. [DPOPT-4]
        : Selected 'very_fast' configuration 4 for module 'CDN_DP_region_4567'.
          Optimizations applied to 'very_fast' configuration:
            rewriting(0), factoring(0), sharing(0), cmultcse(0), downsizing(0), speculation(0)
Info    : Implementing datapath configurations. [DPOPT-3]
        : Implementing datapath configurations for 'CDN_DP_region'
Info    : Done implementing datapath configurations. [DPOPT-4]
        : Selected 'very_fast' configuration 4 for module 'CDN_DP_region'.
          Optimizations applied to 'very_fast' configuration:
            rewriting(0), factoring(0), sharing(0), cmultcse(0), downsizing(0), speculation(0)
Info    : Implementing datapath configurations. [DPOPT-3]
        : Implementing datapath configurations for 'CDN_DP_region_4564'
Info    : Done implementing datapath configurations. [DPOPT-4]
        : Selected 'very_fast' configuration 4 for module 'CDN_DP_region_4564'.
          Optimizations applied to 'very_fast' configuration:
            rewriting(0), factoring(0), sharing(0), cmultcse(0), downsizing(0), speculation(0)
Info    : Implementing datapath configurations. [DPOPT-3]
        : Implementing datapath configurations for 'CDN_DP_region_4563'
Info    : Done implementing datapath configurations. [DPOPT-4]
        : Selected 'very_fast' configuration 4 for module 'CDN_DP_region_4563'.
          Optimizations applied to 'very_fast' configuration:
            rewriting(0), factoring(0), sharing(0), cmultcse(0), downsizing(0), speculation(0)
Info    : Done optimizing datapath logic. [DPOPT-2]
        : Done optimizing datapath logic in 'core'.
Warning : Not obtained requested number of super thread servers. [ST-136]
        : The tool is running on a 4 cpu machine.
        : The requested number of cpus are not available on machine.
Info    : Deleting instances not driving any primary outputs. [GLO-34]
        : Deleting 32 sequential instances.
Info    : Deleting instances not driving any primary outputs. [GLO-34]
        : Deleting 1 sequential instance.
Info    : Done synthesizing. [SYNTH-2]
        : Done synthesizing 'core' to generic gates.
Info    : Mapping. [SYNTH-4]
        : Mapping 'core' using 'medium' effort.
Mapper: Libraries have:
	domain _default_: 278 combo usable cells and 172 sequential usable cells
Warning : Not obtained requested number of super thread servers. [ST-136]
        : The tool is running on a 4 cpu machine.
Multi-threaded constant propagation [1|0] ...
Info    : Replacing the synchronous part of an always feeding back flip-flop with a logic constant. [GLO-45]
        : The instance is 'bitmanip_fu_i_rvb_xperm/res_reg[3]'. The constant is '1'.
        : To prevent this optimization, set 'optimize_constant_feedback_seqs' root attribute to 'false'. The instance attribute 'optimize_constant_feedback_seq' controls this optimization. 
Info    : Replacing the synchronous part of an always feeding back flip-flop with a logic constant. [GLO-45]
        : The instance is 'bitmanip_fu_i_rvb_xperm/res_reg[2]'. The constant is '1'.
Info    : Replacing the synchronous part of an always feeding back flip-flop with a logic constant. [GLO-45]
        : The instance is 'bitmanip_fu_i_rvb_xperm/res_reg[1]'. The constant is '1'.
Info    : Replacing the synchronous part of an always feeding back flip-flop with a logic constant. [GLO-45]
        : The instance is 'bitmanip_fu_i_rvb_xperm/res_reg[0]'. The constant is '1'.
Info    : Replacing the synchronous part of an always feeding back flip-flop with a logic constant. [GLO-45]
        : The instance is 'bitmanip_fu_i_rvb_xperm/res_reg[7]'. The constant is '1'.
Info    : Replacing the synchronous part of an always feeding back flip-flop with a logic constant. [GLO-45]
        : The instance is 'bitmanip_fu_i_rvb_xperm/res_reg[6]'. The constant is '1'.
Info    : Replacing the synchronous part of an always feeding back flip-flop with a logic constant. [GLO-45]
        : The instance is 'bitmanip_fu_i_rvb_xperm/res_reg[5]'. The constant is '1'.
Info    : Replacing the synchronous part of an always feeding back flip-flop with a logic constant. [GLO-45]
        : The instance is 'bitmanip_fu_i_rvb_xperm/res_reg[4]'. The constant is '1'.
Info    : Replacing the synchronous part of an always feeding back flip-flop with a logic constant. [GLO-45]
        : The instance is 'bitmanip_fu_i_rvb_xperm/res_reg[11]'. The constant is '1'.
Info    : Replacing the synchronous part of an always feeding back flip-flop with a logic constant. [GLO-45]
        : The instance is 'bitmanip_fu_i_rvb_xperm/res_reg[10]'. The constant is '1'.
Info    : Replacing the synchronous part of an always feeding back flip-flop with a logic constant. [GLO-45]
        : The instance is 'bitmanip_fu_i_rvb_xperm/res_reg[9]'. The constant is '1'.
Info    : Replacing the synchronous part of an always feeding back flip-flop with a logic constant. [GLO-45]
        : The instance is 'bitmanip_fu_i_rvb_xperm/res_reg[8]'. The constant is '1'.
Info    : Replacing the synchronous part of an always feeding back flip-flop with a logic constant. [GLO-45]
        : The instance is 'bitmanip_fu_i_rvb_xperm/res_reg[19]'. The constant is '1'.
Info    : Replacing the synchronous part of an always feeding back flip-flop with a logic constant. [GLO-45]
        : The instance is 'bitmanip_fu_i_rvb_xperm/res_reg[18]'. The constant is '1'.
Info    : Replacing the synchronous part of an always feeding back flip-flop with a logic constant. [GLO-45]
        : The instance is 'bitmanip_fu_i_rvb_xperm/res_reg[17]'. The constant is '1'.
Info    : Replacing the synchronous part of an always feeding back flip-flop with a logic constant. [GLO-45]
        : The instance is 'bitmanip_fu_i_rvb_xperm/res_reg[16]'. The constant is '1'.
Info    : Replacing the synchronous part of an always feeding back flip-flop with a logic constant. [GLO-45]
        : The instance is 'bitmanip_fu_i_rvb_xperm/res_reg[12]'. The constant is '1'.
Info    : Replacing the synchronous part of an always feeding back flip-flop with a logic constant. [GLO-45]
        : The instance is 'bitmanip_fu_i_rvb_xperm/res_reg[13]'. The constant is '1'.
Info    : Replacing the synchronous part of an always feeding back flip-flop with a logic constant. [GLO-45]
        : The instance is 'bitmanip_fu_i_rvb_xperm/res_reg[14]'. The constant is '1'.
Info    : Replacing the synchronous part of an always feeding back flip-flop with a logic constant. [GLO-45]
        : The instance is 'bitmanip_fu_i_rvb_xperm/res_reg[15]'. The constant is '1'.
Info    : Replacing the synchronous part of an always feeding back flip-flop with a logic constant. [GLO-45]
        : The instance is 'bitmanip_fu_i_rvb_xperm/res_reg[20]'. The constant is '1'.
Info    : Replacing the synchronous part of an always feeding back flip-flop with a logic constant. [GLO-45]
        : The instance is 'bitmanip_fu_i_rvb_xperm/res_reg[21]'. The constant is '1'.
Info    : Replacing the synchronous part of an always feeding back flip-flop with a logic constant. [GLO-45]
        : The instance is 'bitmanip_fu_i_rvb_xperm/res_reg[22]'. The constant is '1'.
Info    : Replacing the synchronous part of an always feeding back flip-flop with a logic constant. [GLO-45]
        : The instance is 'bitmanip_fu_i_rvb_xperm/res_reg[23]'. The constant is '1'.
Info    : Deleting instances not driving any primary outputs. [GLO-34]
        : Deleting 5 hierarchical instances.
Info    : Replacing a flip-flop with a logic constant 0. [GLO-12]
        : The instance is 'bitmanip_fu_i_rvb_clmul/state_reg[3]'.
        : To prevent this optimization, set the 'optimize_constant_0_flops' root attribute to 'false' or 'optimize_constant_0_seq' instance attribute to 'false'.
Info    : Replacing a latch with a logic constant 1. [GLO-15]
        : The instance is 'bitmanip_fu_i_rvb_xperm/res_reg[0]'.
        : This optimization was enabled by the root attribute 'optimize_constant_latches'.
Info    : Replacing a latch with a logic constant 1. [GLO-15]
        : The instance is 'bitmanip_fu_i_rvb_xperm/res_reg[1]'.
Info    : Replacing a latch with a logic constant 1. [GLO-15]
        : The instance is 'bitmanip_fu_i_rvb_xperm/res_reg[2]'.
Info    : Replacing a latch with a logic constant 1. [GLO-15]
        : The instance is 'bitmanip_fu_i_rvb_xperm/res_reg[3]'.
Info    : Replacing a latch with a logic constant 1. [GLO-15]
        : The instance is 'bitmanip_fu_i_rvb_xperm/res_reg[4]'.
Info    : Replacing a latch with a logic constant 1. [GLO-15]
        : The instance is 'bitmanip_fu_i_rvb_xperm/res_reg[5]'.
Info    : Replacing a latch with a logic constant 1. [GLO-15]
        : The instance is 'bitmanip_fu_i_rvb_xperm/res_reg[6]'.
Info    : Replacing a latch with a logic constant 1. [GLO-15]
        : The instance is 'bitmanip_fu_i_rvb_xperm/res_reg[7]'.
Info    : Replacing a latch with a logic constant 1. [GLO-15]
        : The instance is 'bitmanip_fu_i_rvb_xperm/res_reg[8]'.
Info    : Replacing a latch with a logic constant 1. [GLO-15]
        : The instance is 'bitmanip_fu_i_rvb_xperm/res_reg[9]'.
Info    : Replacing a latch with a logic constant 1. [GLO-15]
        : The instance is 'bitmanip_fu_i_rvb_xperm/res_reg[10]'.
Info    : Replacing a latch with a logic constant 1. [GLO-15]
        : The instance is 'bitmanip_fu_i_rvb_xperm/res_reg[11]'.
Info    : Replacing a latch with a logic constant 1. [GLO-15]
        : The instance is 'bitmanip_fu_i_rvb_xperm/res_reg[12]'.
Info    : Replacing a latch with a logic constant 1. [GLO-15]
        : The instance is 'bitmanip_fu_i_rvb_xperm/res_reg[13]'.
Info    : Replacing a latch with a logic constant 1. [GLO-15]
        : The instance is 'bitmanip_fu_i_rvb_xperm/res_reg[14]'.
Info    : Replacing a latch with a logic constant 1. [GLO-15]
        : The instance is 'bitmanip_fu_i_rvb_xperm/res_reg[15]'.
Info    : Replacing a latch with a logic constant 1. [GLO-15]
        : The instance is 'bitmanip_fu_i_rvb_xperm/res_reg[16]'.
Info    : Replacing a latch with a logic constant 1. [GLO-15]
        : The instance is 'bitmanip_fu_i_rvb_xperm/res_reg[17]'.
Info    : Replacing a latch with a logic constant 1. [GLO-15]
        : The instance is 'bitmanip_fu_i_rvb_xperm/res_reg[18]'.
Info    : Replacing a latch with a logic constant 1. [GLO-15]
        : The instance is 'bitmanip_fu_i_rvb_xperm/res_reg[19]'.
Info    : Replacing a latch with a logic constant 1. [GLO-15]
        : The instance is 'bitmanip_fu_i_rvb_xperm/res_reg[20]'.
Info    : Replacing a latch with a logic constant 1. [GLO-15]
        : The instance is 'bitmanip_fu_i_rvb_xperm/res_reg[21]'.
Info    : Replacing a latch with a logic constant 1. [GLO-15]
        : The instance is 'bitmanip_fu_i_rvb_xperm/res_reg[22]'.
Info    : Replacing a latch with a logic constant 1. [GLO-15]
        : The instance is 'bitmanip_fu_i_rvb_xperm/res_reg[23]'.
Info    : Replacing a latch with a logic constant 1. [GLO-15]
        : The instance is 'bitmanip_fu_i_rvb_xperm/res_reg[24]'.
Info    : Replacing a latch with a logic constant 1. [GLO-15]
        : The instance is 'bitmanip_fu_i_rvb_xperm/res_reg[25]'.
Info    : Replacing a latch with a logic constant 1. [GLO-15]
        : The instance is 'bitmanip_fu_i_rvb_xperm/res_reg[26]'.
Info    : Replacing a latch with a logic constant 1. [GLO-15]
        : The instance is 'bitmanip_fu_i_rvb_xperm/res_reg[27]'.
Info    : Replacing a latch with a logic constant 1. [GLO-15]
        : The instance is 'bitmanip_fu_i_rvb_xperm/res_reg[28]'.
Info    : Replacing a latch with a logic constant 1. [GLO-15]
        : The instance is 'bitmanip_fu_i_rvb_xperm/res_reg[29]'.
Info    : Replacing a latch with a logic constant 1. [GLO-15]
        : The instance is 'bitmanip_fu_i_rvb_xperm/res_reg[30]'.
Info    : Replacing a latch with a logic constant 1. [GLO-15]
        : The instance is 'bitmanip_fu_i_rvb_xperm/res_reg[31]'.
Info    : Deleting instances not driving any primary outputs. [GLO-34]
        : Deleting 1 sequential instance.
Info    : Deleting instances not driving any primary outputs. [GLO-34]
        : Deleting 3 hierarchical instances.
Info    : Deleting instances not driving any primary outputs. [GLO-34]
        : Deleting 1 hierarchical instance.
Multi-threaded Virtual Mapping    (4 threads per ST process, 4 of 4 CPUs usable)
 
Global mapping target info
==========================
Cost Group 'clk' target slack: 29992 ps
Target path end-point (Pin: register_file/regFile_reg[31][30]/d)

Multi-threaded Technology Mapping (4 threads per ST process, 4 of 4 CPUs usable)
 
Global mapping status
=====================
                                   Group   
                                  Tot Wrst 
                           Total  Weighted 
Operation                   Area   Slacks  
-------------------------------------------------------------------------------
 global_map               192402        0 

    Cost Group            Target    Slack    Diff.  Constr.
-----------------------------------------------------------
           clk             29992   974660           1000000 

 
Global incremental target info
==============================
Cost Group 'clk' target slack: 19995 ps
Target path end-point (Pin: register_file/regFile_reg[31][31]/D (DFFHQX1/D))

 
Global incremental optimization status
======================================
                                   Group   
                                  Tot Wrst 
                           Total  Weighted 
Operation                   Area   Slacks  
-------------------------------------------------------------------------------
 global_incr              190313        0 

    Cost Group            Target    Slack    Diff.  Constr.
-----------------------------------------------------------
           clk             19995   974478           1000000 

Info    : Done mapping. [SYNTH-5]
        : Done mapping 'core'.
Info    : Incrementally optimizing. [SYNTH-7]
        : Incrementally optimizing 'core' using 'medium' effort.
 
Incremental optimization status
===============================
                                   Group   
                                  Tot Wrst     Total - - DRC Totals - -
                           Total  Weighted      Neg      Max       Max 
Operation                   Area   Slacks      Slack    Trans      Cap 
-------------------------------------------------------------------------------
 init_iopt                190313        0         0         0        0
 const_prop               190313        0         0         0        0
 
Incremental optimization status
===============================
                                   Group   
                                  Tot Wrst     Total - - DRC Totals - -
                           Total  Weighted      Neg      Max       Max 
Operation                   Area   Slacks      Slack    Trans      Cap 
-------------------------------------------------------------------------------
 init_delay               190287        0         0         0        0

           Trick     Calls     Accepts   Attempts    Time(secs) 
-----------------------------------------------------------
       crit_upsz         0  (        0 /        0 )  0.00
    plc_bal_star         0  (        0 /        0 )  0.00
     drc_buftimb         0  (        0 /        0 )  0.00
          plc_st         0  (        0 /        0 )  0.00
       plc_lo_st         0  (        0 /        0 )  0.00
        plc_star         0  (        0 /        0 )  0.00
     drc_buftims         0  (        0 /        0 )  0.00
       plc_lo_st         0  (        0 /        0 )  0.00
            fopt         0  (        0 /        0 )  0.00
       crit_dnsz         0  (        0 /        0 )  0.00
             dup         0  (        0 /        0 )  0.00
            fopt         0  (        0 /        0 )  0.00
        setup_dn         0  (        0 /        0 )  0.00
         buf2inv         0  (        0 /        0 )  0.00
             exp         0  (        0 /        0 )  0.00
       gate_deco         0  (        0 /        0 )  0.00
       gcomp_tim         0  (        0 /        0 )  0.00
  inv_pair_2_buf         0  (        0 /        0 )  0.00

 init_drc                 190287        0         0         0        0

           Trick     Calls     Accepts   Attempts    Time(secs) 
-----------------------------------------------------------
          plc_st         0  (        0 /        0 )  0.00
        plc_star         0  (        0 /        0 )  0.00
        drc_bufs         0  (        0 /        0 )  0.00
        drc_fopt         0  (        0 /        0 )  0.00
        drc_bufb         0  (        0 /        0 )  0.00
      simple_buf         0  (        0 /        0 )  0.00
             dup         0  (        0 /        0 )  0.00
       crit_dnsz         0  (        0 /        0 )  0.00
       crit_upsz         0  (        0 /        0 )  0.00


           Trick     Calls     Accepts   Attempts    Time(secs) 
-----------------------------------------------------------
          plc_st         0  (        0 /        0 )  0.00
        plc_star         0  (        0 /        0 )  0.00
      drc_buf_sp         0  (        0 /        0 )  0.00
        drc_bufs         0  (        0 /        0 )  0.00
        drc_fopt         0  (        0 /        0 )  0.00
        drc_bufb         0  (        0 /        0 )  0.00
      simple_buf         0  (        0 /        0 )  0.00
             dup         0  (        0 /        0 )  0.00
       crit_dnsz         0  (        0 /        0 )  0.00
       crit_upsz         0  (        0 /        0 )  0.00


           Trick     Calls     Accepts   Attempts    Time(secs) 
-----------------------------------------------------------
          plc_st         0  (        0 /        0 )  0.00
        plc_star         0  (        0 /        0 )  0.00
      drc_buf_sp         0  (        0 /        0 )  0.00
        drc_bufs         0  (        0 /        0 )  0.00
        drc_fopt         0  (        0 /        0 )  0.00
        drc_bufb         0  (        0 /        0 )  0.00
             dup         0  (        0 /        0 )  0.00
       crit_dnsz         0  (        0 /        0 )  0.00
       crit_upsz         0  (        0 /        0 )  0.00

 init_tns                 190287        0         0         0        0

           Trick     Calls     Accepts   Attempts    Time(secs) 
-----------------------------------------------------------
    plc_bal_star         0  (        0 /        0 )  0.00
     drc_buftimb         0  (        0 /        0 )  0.00
     drc_buftims         0  (        0 /        0 )  0.00
       crit_upsz         0  (        0 /        0 )  0.00
       plc_lo_st         0  (        0 /        0 )  0.00
            fopt         0  (        0 /        0 )  0.00
       crit_dnsz         0  (        0 /        0 )  0.00
             dup         0  (        0 /        0 )  0.00
        setup_dn         0  (        0 /        0 )  0.00
         buf2inv         0  (        0 /        0 )  0.00

 init_area                190287        0         0         0        0
 glob_area                190110        0         0         0        0
 area_down                190027        0         0         0        0

           Trick     Calls     Accepts   Attempts    Time(secs) 
-----------------------------------------------------------
           undup         1  (        1 /        1 )  0.04
         rem_buf         1  (        1 /        1 )  0.01
         rem_inv         2  (        2 /        2 )  0.05
        merge_bi         1  (        1 /        1 )  0.06
      rem_inv_qb         0  (        0 /        0 )  0.00
        io_phase         9  (        1 /        1 )  0.08
       gate_comp       508  (        1 /        1 )  1.82
       gcomp_mog         4  (        0 /        0 )  0.50
       glob_area        55  (        2 /       55 )  0.06
       area_down        15  (       10 /       10 )  0.38
      size_n_buf         0  (        0 /        0 )  0.03
  gate_deco_area         0  (        0 /        0 )  0.01
         rem_buf         0  (        0 /        0 )  0.00
         rem_inv         0  (        0 /        0 )  0.00
        merge_bi         0  (        0 /        0 )  0.02
      rem_inv_qb         0  (        0 /        0 )  0.00

 
Incremental optimization status
===============================
                                   Group   
                                  Tot Wrst     Total - - DRC Totals - -
                           Total  Weighted      Neg      Max       Max 
Operation                   Area   Slacks      Slack    Trans      Cap 
-------------------------------------------------------------------------------
 init_delay               190027        0         0         0        0

           Trick     Calls     Accepts   Attempts    Time(secs) 
-----------------------------------------------------------
       crit_upsz         0  (        0 /        0 )  0.00
    plc_bal_star         0  (        0 /        0 )  0.00
     drc_buftimb         0  (        0 /        0 )  0.00
          plc_st         0  (        0 /        0 )  0.00
       plc_lo_st         0  (        0 /        0 )  0.00
        plc_star         0  (        0 /        0 )  0.00
     drc_buftims         0  (        0 /        0 )  0.00
       plc_lo_st         0  (        0 /        0 )  0.00
            fopt         0  (        0 /        0 )  0.00
       crit_dnsz         0  (        0 /        0 )  0.00
             dup         0  (        0 /        0 )  0.00
            fopt         0  (        0 /        0 )  0.00
        setup_dn         0  (        0 /        0 )  0.00
         buf2inv         0  (        0 /        0 )  0.00
             exp         0  (        0 /        0 )  0.00
       gate_deco         0  (        0 /        0 )  0.00
       gcomp_tim         0  (        0 /        0 )  0.00
  inv_pair_2_buf         0  (        0 /        0 )  0.00

 init_drc                 190027        0         0         0        0

           Trick     Calls     Accepts   Attempts    Time(secs) 
-----------------------------------------------------------
          plc_st         0  (        0 /        0 )  0.00
        plc_star         0  (        0 /        0 )  0.00
        drc_bufs         0  (        0 /        0 )  0.00
        drc_fopt         0  (        0 /        0 )  0.00
        drc_bufb         0  (        0 /        0 )  0.00
      simple_buf         0  (        0 /        0 )  0.00
             dup         0  (        0 /        0 )  0.00
       crit_dnsz         0  (        0 /        0 )  0.00
       crit_upsz         0  (        0 /        0 )  0.00


           Trick     Calls     Accepts   Attempts    Time(secs) 
-----------------------------------------------------------
          plc_st         0  (        0 /        0 )  0.00
        plc_star         0  (        0 /        0 )  0.00
        drc_bufs         0  (        0 /        0 )  0.00
        drc_fopt         0  (        0 /        0 )  0.00
        drc_bufb         0  (        0 /        0 )  0.00
      simple_buf         0  (        0 /        0 )  0.00
             dup         0  (        0 /        0 )  0.00
       crit_dnsz         0  (        0 /        0 )  0.00
       crit_upsz         0  (        0 /        0 )  0.00


           Trick     Calls     Accepts   Attempts    Time(secs) 
-----------------------------------------------------------
          plc_st         0  (        0 /        0 )  0.00
        plc_star         0  (        0 /        0 )  0.00
        drc_bufs         0  (        0 /        0 )  0.00
        drc_fopt         0  (        0 /        0 )  0.00
        drc_bufb         0  (        0 /        0 )  0.00
             dup         0  (        0 /        0 )  0.00
       crit_dnsz         0  (        0 /        0 )  0.00
       crit_upsz         0  (        0 /        0 )  0.00

 init_area                190027        0         0         0        0
 area_down                189964        0         0         0        0

           Trick     Calls     Accepts   Attempts    Time(secs) 
-----------------------------------------------------------
           undup         0  (        0 /        0 )  0.02
         rem_buf         0  (        0 /        0 )  0.00
         rem_inv         0  (        0 /        0 )  0.00
        merge_bi         0  (        0 /        0 )  0.02
      rem_inv_qb         0  (        0 /        0 )  0.00
        io_phase         8  (        0 /        0 )  0.06
       gate_comp       507  (        0 /        0 )  1.86
       gcomp_mog         4  (        0 /        0 )  0.49
       glob_area        50  (        0 /       50 )  0.03
       area_down        12  (        8 /        8 )  0.24
      size_n_buf         0  (        0 /        0 )  0.03
  gate_deco_area         0  (        0 /        0 )  0.00

Info    : Done incrementally optimizing. [SYNTH-8]
        : Done incrementally optimizing 'core'.
     flow.cputime  flow.realtime  timing.setup.tns  timing.setup.wns  snapshot
UM:           160            189                                      synthesize
@genus:root: 6> report area
============================================================
  Generated by:           Genus(TM) Synthesis Solution 17.21-s010_1
  Generated on:           Apr 28 2021  07:47:31 pm
  Module:                 core
  Technology library:     tsmc18 1.0
  Operating conditions:   slow (balanced_tree)
  Wireload mode:          enclosed
  Area mode:              timing library
============================================================

                    Instance                                  Module                Cell Count  Cell Area  Net Area   Total Area  Wireload     
-----------------------------------------------------------------------------------------------------------------------------------------------
core                                                                                      9524 189964.053     0.000   189964.053    <none> (D) 
  register_file                                 register_bank                             4526 100297.614     0.000   100297.614    <none> (D) 
  crypto_fu                                     riscv_crypto_fu                           1793  31880.218     0.000    31880.218    <none> (D) 
    i_riscv_crypto_fu_ssha512                   riscv_crypto_fu_ssha512                    358   6296.875     0.000     6296.875    <none> (D) 
    i_riscv_crypto_fu_aes32_i_aes_sbox_fwd      riscv_crypto_aes_fwd_sbox                  142   2697.710     0.000     2697.710    <none> (D) 
      mid                                       riscv_crypto_sbox_inv_mid_4581              62   1120.997     0.000     1120.997    <none> (D) 
      out                                       riscv_crypto_sbox_aes_out                   42    938.045     0.000      938.045    <none> (D) 
      top                                       riscv_crypto_sbox_aes_top                   38    638.669     0.000      638.669    <none> (D) 
    i_riscv_crypto_fu_ssm4_i_sm4_sbox           riscv_crypto_sm4_sbox                      135   2694.384     0.000     2694.384    <none> (D) 
      mid                                       riscv_crypto_sbox_inv_mid                   63   1117.670     0.000     1117.670    <none> (D) 
      bot                                       riscv_crypto_sbox_sm4_out                   38    924.739     0.000      924.739    <none> (D) 
      top                                       riscv_crypto_sbox_sm4_top                   34    651.974     0.000      651.974    <none> (D) 
    i_riscv_crypto_fu_aes32_i_aes_sbox_inv      riscv_crypto_aes_inv_sbox                  126   2627.856     0.000     2627.856    <none> (D) 
      mid                                       riscv_crypto_sbox_inv_mid_4580              62   1114.344     0.000     1114.344    <none> (D) 
      out                                       riscv_crypto_sbox_aesi_out                  36    884.822     0.000      884.822    <none> (D) 
      top                                       riscv_crypto_sbox_aesi_top                  28    628.690     0.000      628.690    <none> (D) 
  bitmanip_fu_i_rvb_clmul                       rvb_clmul                                  778  16558.819     0.000    16558.819    <none> (D) 
  core_control                                  control_unit                               219   2980.454     0.000     2980.454    <none> (D) 
  core_alu_sub_42_28_Y_core_alu_add_41_29       addsub_unsigned_367                         66   2963.822     0.000     2963.822    <none> (D) 
  core_alu_srl_47_28                            shift_right_vlog_unsigned                  159   2574.634     0.000     2574.634    <none> (D) 
  core_alu_sll_43_28                            shift_left_vlog_unsigned_2455              159   2574.634     0.000     2574.634    <none> (D) 
  pc_adder_add_4_17                             add_unsigned                                34   2175.466     0.000     2175.466    <none> (D) 
  pc_latch                                      program_counter                             32   1809.562     0.000     1809.562    <none> (D) 
  core_alu_lt_27_20                             lt_unsigned_2060                            90   1167.566     0.000     1167.566    <none> (D) 
  core_alu_lt_26_29                             lt_signed_2062                              90   1167.566     0.000     1167.566    <none> (D) 
  reg_to_mem                                    mbr_sx_store                                71    878.170     0.000      878.170    <none> (D) 
  bitmanip_fu_sll_62_35_Y_bitmanip_fu_sll_61_43 shift_left_vlog_unsigned_2455_4599          69    848.232     0.000      848.232    <none> (D) 
  bitmanip_fu_srl_62_35                         shift_right_vlog_unsigned_4600              32    439.085     0.000      439.085    <none> (D) 
  stall_unit                                    load_stall                                   8    429.106     0.000      429.106    <none> (D) 

 (D) = wireload is default in technology library
@genus:root: 7> report timing
Warning : Possible timing problems have been detected in this design. [TIM-11]
        : The design is 'core'.
        : Use 'report timing -lint' for more information.
============================================================
  Generated by:           Genus(TM) Synthesis Solution 17.21-s010_1
  Generated on:           Apr 28 2021  07:47:35 pm
  Module:                 core
  Operating conditions:   slow (balanced_tree)
  Wireload mode:          enclosed
  Area mode:              timing library
============================================================


Path 1: MET (972864 ps) Setup Check with Pin register_file/regFile_reg[31][31]/CK->D
          Group: clk
     Startpoint: (R) stall_unit/delayed_load_reg/CK
          Clock: (R) clk
       Endpoint: (R) register_file/regFile_reg[31][31]/D
          Clock: (R) clk

                      Capture       Launch     
        Clock Edge:+  1000000            0     
       Src Latency:+        0            0     
       Net Latency:+        0 (I)        0 (I) 
           Arrival:=  1000000            0     
                                               
             Setup:-      159                  
       Uncertainty:-      100                  
     Required Time:=   999741                  
      Launch Clock:-        0                  
         Data Path:-    26878                  
             Slack:=   972864                  

#--------------------------------------------------------------------------------------------------------------
#            Timing Point             Flags    Arc   Edge   Cell     Fanout  Load Trans Delay Arrival Instance 
#                                                                            (fF)  (ps)  (ps)   (ps)  Location 
#--------------------------------------------------------------------------------------------------------------
  stall_unit/delayed_load_reg/CK      -       -      R     (arrival)   1135     -   100     -       0    (-,-) 
  stall_unit/delayed_load_reg/Q       -       CK->Q  R     DFFTRX1       41 162.0  2005  1440    1440    (-,-) 
  g9534/Y                             -       B->Y   F     NOR2BX1       17  63.0   750   651    2091    (-,-) 
  register_file/g51966/Y              -       AN->Y  F     NAND2BX1       7  26.3   341   457    2548    (-,-) 
  register_file/g51901/Y              -       B->Y   R     NOR2X1        32 121.8  2274  1374    3922    (-,-) 
  register_file/g51278/Y              -       B1->Y  F     AOI22X1        1   4.6   398   217    4138    (-,-) 
  register_file/g50804/Y              -       C->Y   R     NAND4X1        1   3.4   210   206    4344    (-,-) 
  register_file/g50702/Y              -       A->Y   R     OR2X2          1   3.5    70   147    4492    (-,-) 
  register_file/g50649/Y              -       B0->Y  F     AOI211XL       1   4.8   248    71    4562    (-,-) 
  register_file/g50602/Y              -       A->Y   R     NAND4X1       13  45.7   663   407    4969    (-,-) 
  g12516/Y                            -       A->Y   R     MX2X1         70 288.8  3533  2172    7142    (-,-) 
  core_alu_lt_26_29/g923/Y            -       B->Y   F     NAND2BX1       2   7.1   419    48    7190    (-,-) 
  core_alu_lt_26_29/g897/Y            -       A0N->Y F     AOI2BB1XL      1   4.4   464   334    7524    (-,-) 
  core_alu_lt_26_29/g896/Y            -       B0->Y  R     AOI21X1        1   4.6   230   222    7746    (-,-) 
  core_alu_lt_26_29/g895/Y            -       A0->Y  F     OAI22X1        1   4.7   384   111    7857    (-,-) 
  core_alu_lt_26_29/g894/Y            -       A0->Y  R     AOI22X1        1   4.6   261   216    8073    (-,-) 
  core_alu_lt_26_29/g893/Y            -       A0->Y  F     OAI22X1        1   4.7   281   114    8188    (-,-) 
  core_alu_lt_26_29/g892/Y            -       A0->Y  R     AOI22X1        1   4.6   262   194    8382    (-,-) 
  core_alu_lt_26_29/g891/Y            -       A0->Y  F     OAI22X1        2   7.1   156   128    8509    (-,-) 
  core_alu_lt_26_29/g890/Y            -       A0N->Y F     AOI2BB1XL      1   4.4   122   268    8777    (-,-) 
  core_alu_lt_26_29/g889/Y            -       B0->Y  R     AOI21X1        1   4.6   217   150    8927    (-,-) 
  core_alu_lt_26_29/g888/Y            -       A0->Y  F     OAI22X1        1   4.7   151   110    9037    (-,-) 
  core_alu_lt_26_29/g887/Y            -       A0->Y  R     AOI22X1        1   4.6   261   165    9202    (-,-) 
  core_alu_lt_26_29/g886/Y            -       A0->Y  F     OAI22X1        1   4.7   151   114    9316    (-,-) 
  core_alu_lt_26_29/g885/Y            -       A0->Y  R     AOI22X1        1   4.6   261   165    9481    (-,-) 
  core_alu_lt_26_29/g884/Y            -       A0->Y  F     OAI22X1        2   7.1   169   128    9609    (-,-) 
  core_alu_lt_26_29/g883/Y            -       A0N->Y F     AOI2BB1XL      1   4.4   122   271    9880    (-,-) 
  core_alu_lt_26_29/g882/Y            -       B0->Y  R     AOI21X1        1   4.6   216   150   10030    (-,-) 
  core_alu_lt_26_29/g881/Y            -       A0->Y  F     OAI22X1        1   4.7   150   109   10140    (-,-) 
  core_alu_lt_26_29/g880/Y            -       A0->Y  R     AOI22X1        1   4.6   261   165   10304    (-,-) 
  core_alu_lt_26_29/g879/Y            -       A0->Y  F     OAI22X1        1   4.7   150   114   10419    (-,-) 
  core_alu_lt_26_29/g878/Y            -       A0->Y  R     AOI22X1        1   4.6   261   165   10584    (-,-) 
  core_alu_lt_26_29/g877/Y            -       A0->Y  F     OAI22X1        1   4.7   153   114   10698    (-,-) 
  core_alu_lt_26_29/g876/Y            -       A0->Y  R     AOI22X1        1   4.6   261   165   10864    (-,-) 
  core_alu_lt_26_29/g875/Y            -       A0->Y  F     OAI22X1        1   4.7   153   114   10978    (-,-) 
  core_alu_lt_26_29/g874/Y            -       A0->Y  R     AOI22X1        1   4.6   261   165   11144    (-,-) 
  core_alu_lt_26_29/g873/Y            -       A0->Y  F     OAI22X1        1   4.7   153   114   11258    (-,-) 
  core_alu_lt_26_29/g872/Y            -       A0->Y  R     AOI22X1        1   4.6   261   165   11424    (-,-) 
  core_alu_lt_26_29/g871/Y            -       A0->Y  F     OAI22X1        2   6.5   166   124   11548    (-,-) 
  core_alu_lt_26_29/g870/Y            -       A->Y   R     NOR2X1         1   4.6   185   135   11683    (-,-) 
  core_alu_lt_26_29/g869/Y            -       B0->Y  F     OAI2BB2X1      1   4.7   131    95   11778    (-,-) 
  core_alu_lt_26_29/g868/Y            -       A0->Y  R     AOI22X1        1   4.6   261   160   11939    (-,-) 
  core_alu_lt_26_29/g867/Y            -       A0->Y  F     OAI22X1        1   4.7   153   114   12053    (-,-) 
  core_alu_lt_26_29/g866/Y            -       A0->Y  R     AOI22X1        1   3.6   244   155   12208    (-,-) 
  core_alu_lt_26_29/g865/Y            -       A0->Y  F     OAI222XL       1   3.0   214   198   12406    (-,-) 
  core_alu_lt_26_29/g864/Y            -       B0->Y  R     OAI21XL        1   3.4   254   128   12534    (-,-) 
  core_alu_lt_26_29/g863/Y            -       B0->Y  F     OAI2BB1X1      1   3.0    89    73   12607    (-,-) 
  core_alu_lt_26_29/g862/Y            -       B0->Y  R     OAI21XL        3  12.6   478   186   12793    (-,-) 
  core_control/g2250/Y                -       A0->Y  F     OAI22X1        1   4.4   149   137   12930    (-,-) 
  core_control/g3970/Y                -       B0->Y  R     AOI31X1        1   4.8   249   190   13119    (-,-) 
  core_control/g2246/Y                -       A->Y   F     NAND3X1       32 103.1  1029   655   13774    (-,-) 
  g9504/Y                             -       A->Y   F     AND2X2         2   5.6    81   346   14120    (-,-) 
  pc_adder_add_4_17/g783/Y            -       A->Y   F     AND2X2         2  10.3    77   167   14287    (-,-) 
  pc_adder_add_4_17/g780/CO           -       CI->CO F     ADDFX1         1   6.2   142   313   14600    (-,-) 
  pc_adder_add_4_17/g779/CO           -       CI->CO F     ADDFX1         1   6.2   142   330   14930    (-,-) 
  pc_adder_add_4_17/g778/CO           -       CI->CO F     ADDFX1         1   6.2   142   330   15260    (-,-) 
  pc_adder_add_4_17/g777/CO           -       CI->CO F     ADDFX1         1   6.2   142   330   15590    (-,-) 
  pc_adder_add_4_17/g776/CO           -       CI->CO F     ADDFX1         1   6.2   142   330   15920    (-,-) 
  pc_adder_add_4_17/g775/CO           -       CI->CO F     ADDFX1         1   6.2   142   330   16250    (-,-) 
  pc_adder_add_4_17/g774/CO           -       CI->CO F     ADDFX1         1   6.2   142   330   16580    (-,-) 
  pc_adder_add_4_17/g773/CO           -       CI->CO F     ADDFX1         1   6.2   142   330   16910    (-,-) 
  pc_adder_add_4_17/g772/CO           -       CI->CO F     ADDFX1         1   6.2   142   330   17240    (-,-) 
  pc_adder_add_4_17/g771/CO           -       CI->CO F     ADDFX1         1   6.2   142   330   17570    (-,-) 
  pc_adder_add_4_17/g770/CO           -       CI->CO F     ADDFX1         1   6.2   142   330   17900    (-,-) 
  pc_adder_add_4_17/g769/CO           -       CI->CO F     ADDFX1         1   6.2   142   330   18230    (-,-) 
  pc_adder_add_4_17/g768/CO           -       CI->CO F     ADDFX1         1   6.2   142   330   18560    (-,-) 
  pc_adder_add_4_17/g767/CO           -       CI->CO F     ADDFX1         1   6.2   142   330   18890    (-,-) 
  pc_adder_add_4_17/g766/CO           -       CI->CO F     ADDFX1         1   6.2   142   330   19220    (-,-) 
  pc_adder_add_4_17/g765/CO           -       CI->CO F     ADDFX1         1   6.2   142   330   19550    (-,-) 
  pc_adder_add_4_17/g764/CO           -       CI->CO F     ADDFX1         1   6.2   142   330   19880    (-,-) 
  pc_adder_add_4_17/g763/CO           -       CI->CO F     ADDFX1         1   6.2   142   330   20210    (-,-) 
  pc_adder_add_4_17/g762/CO           -       CI->CO F     ADDFX1         1   6.2   142   330   20540    (-,-) 
  pc_adder_add_4_17/g761/CO           -       CI->CO F     ADDFX1         1   6.2   142   330   20870    (-,-) 
  pc_adder_add_4_17/g760/CO           -       CI->CO F     ADDFX1         1   6.2   142   330   21200    (-,-) 
  pc_adder_add_4_17/g759/CO           -       CI->CO F     ADDFX1         1   6.2   142   330   21530    (-,-) 
  pc_adder_add_4_17/g758/CO           -       CI->CO F     ADDFX1         1   6.2   142   330   21860    (-,-) 
  pc_adder_add_4_17/g757/CO           -       CI->CO F     ADDFX1         1   6.2   142   330   22190    (-,-) 
  pc_adder_add_4_17/g756/CO           -       CI->CO F     ADDFX1         1   6.2   142   330   22520    (-,-) 
  pc_adder_add_4_17/g755/CO           -       CI->CO F     ADDFX1         1   6.2   142   330   22850    (-,-) 
  pc_adder_add_4_17/g754/CO           -       CI->CO F     ADDFX1         1   6.2   142   330   23180    (-,-) 
  pc_adder_add_4_17/g753/CO           -       CI->CO F     ADDFX1         1   6.2   142   330   23510    (-,-) 
  pc_adder_add_4_17/g752/CO           -       CI->CO F     ADDFX1         1   6.2   142   330   23840    (-,-) 
  pc_adder_add_4_17/g751/CO           -       CI->CO F     ADDFX1         2   6.8   146   334   24174    (-,-) 
  pc_adder_add_4_17/g750/Y            -       B0->Y  R     OAI2BB2X1      2   8.3   292   213   24387    (-,-) 
  g38847/Y                            -       A0->Y  F     OAI221XL       1   4.8   230   179   24566    (-,-) 
  g38697/Y                            -       A0->Y  R     OAI31X1       31 133.3  3253  1911   26477    (-,-) 
  register_file/g29045/Y              -       B0->Y  F     AOI22X1        1   2.6   513   258   26735    (-,-) 
  register_file/g28549/Y              -       A->Y   R     INVXL          1   2.1   135   142   26878    (-,-) 
  register_file/regFile_reg[31][31]/D <<<     -      R     DFFHQX1        1     -     -     0   26878    (-,-) 
#--------------------------------------------------------------------------------------------------------------

@genus:root: 8> report power
============================================================
  Generated by:           Genus(TM) Synthesis Solution 17.21-s010_1
  Generated on:           Apr 28 2021  07:47:37 pm
  Module:                 core
  Operating conditions:   slow (balanced_tree)
  Wireload mode:          enclosed
  Area mode:              timing library
============================================================

                                     Leakage    Dynamic      Total    
           Instance           Cells Power(nW)  Power(nW)   Power(nW)  
----------------------------------------------------------------------
core                           9524  5393.961 2241591.266 2246985.227 
  register_file                4526  2849.073 1617057.489 1619906.562 
  crypto_fu                    1793   954.351  109732.750  110687.101 
    i_riscv_crypto_fu_ssha512   358   184.024       0.000     184.024 
    i_riscv_cr.._aes_sbox_fwd   142   102.241       0.000     102.241 
      mid                        62    42.949       0.000      42.949 
      out                        42    37.355       0.000      37.355 
      top                        38    21.937       0.000      21.937 
    i_riscv_cr.._aes_sbox_inv   126   101.550       0.000     101.550 
      mid                        62    41.787       0.000      41.787 
      out                        36    35.926       0.000      35.926 
      top                        28    23.836       0.000      23.836 
    i_riscv_cr..m4_i_sm4_sbox   135    98.178       0.000      98.178 
      mid                        63    40.986       0.000      40.986 
      bot                        38    35.820       0.000      35.820 
      top                        34    21.372       0.000      21.372 
  bitmanip_fu_i_rvb_clmul       778   456.630   52272.672   52729.302 
  core_alu_s..alu_add_41_29      66   145.901   23758.860   23904.762 
  pc_adder_add_4_17              34   112.520   22030.939   22143.459 
  core_control                  219    90.329   41921.295   42011.625 
  core_alu_srl_47_28            159    50.938   32016.394   32067.332 
  core_alu_sll_43_28            159    50.598   32186.182   32236.780 
  pc_latch                       32    48.970   37892.463   37941.433 
  core_alu_lt_27_20              90    31.396    6357.577    6388.973 
  core_alu_lt_26_29              90    31.375    6449.293    6480.667 
  reg_to_mem                     71    20.238    4472.019    4492.257 
  bitmanip_f.._fu_sll_61_43      69    18.033    2838.156    2856.189 
  bitmanip_fu_srl_62_35          32    15.542    1919.735    1935.277 
  stall_unit                      8    14.667    5076.860    5091.527 

@genus:root: 9> exit
Normal exit.