Cadence Genus(TM) Synthesis Solution.
Copyright 2017 Cadence Design Systems, Inc. All rights reserved worldwide.
Cadence and the Cadence logo are registered trademarks and Genus is a trademark
of Cadence Design Systems, Inc. in the United States and other countries.

Version: 17.21-s010_1, built Wed Feb 07 2018
Options: 
Date:    Wed Apr 28 19:09:23 2021
Host:    cad54 (x86_64 w/Linux 2.6.32-71.el6.x86_64) (2cores*4cpus*1physical cpu*Intel(R) Core(TM) i3-2120 CPU @ 3.30GHz 3072KB) (7955092KB)
OS:      Red Hat Enterprise Linux Server release 6.0 (Santiago)

Checking out license: Genus_Synthesis

Loading tool scripts...

Finished loading tool scripts (25 seconds elapsed).

WARNING: This version of the tool is 1176 days old.
@genus:root: 1> set_db library slow.lib

Threads Configured:3

  Message Summary for Library slow.lib:
  *************************************
  Could not find an attribute in the library. [LBR-436]: 639
  Missing a function attribute in the output pin definition. [LBR-518]: 1
  An unsupported construct was detected in this library. [LBR-40]: 1
  *************************************
 
Info    : Created nominal operating condition. [LBR-412]
        : Operating condition '_nominal_' was created for the PVT values (1.000000, 1.620000, 125.000000) in library 'slow.lib'.
        : The nominal operating condition represents either the nominal PVT values if specified in the library source, or the default PVT values (1.0, 1.0, 1.0).
  Setting attribute of root '/': 'library' = slow.lib
1 slow.lib
@genus:root: 2> read_hdl {add32.v alu.v control_unit.v data_mem.v imm_sx.v insn_mem.v load_stall.v mbr_sx_load.v mbr_sx_store.v mux32four.v mux32three.v mux32two.v program_counter.v register_bank.v riscv_crypto_fu_saes32_32.v riscv_crypto_fu_sboxes_aes_32.v riscv_crypto_fu_sboxes_sm4_32.v riscv_crypto_fu_ssha256_32.v riscv_crypto_fu_ssha512_32.v riscv_crypto_fu_ssm3_32.v riscv_crypto_fu_ssm4_32.v riscv_crypto_fu_32.v rvb_clmul.v rvb_xperm.v bitmanip_top.v core_top.v core.v}
@genus:root: 3> elaborate core
Info    : Elaborating Design. [ELAB-1]
        : Elaborating top-level block 'core' from file 'core.v'.
Warning : Using default parameter value for module elaboration. [CDFG-818]
        : Elaborating block 'core' with default parameters value.
Warning : Referenced signal not in sensitivity list.  This may cause simulation mismatches between the original and synthesized designs. [CDFG-360]
        : Signal 'sz' in module 'rvb_xperm' in file 'rvb_xperm.v' on line 15.
Warning : Referenced signal not in sensitivity list.  This may cause simulation mismatches between the original and synthesized designs. [CDFG-360]
        : Signal 'rs2' in module 'rvb_xperm' in file 'rvb_xperm.v' on line 15.
Warning : Referenced signal not in sensitivity list.  This may cause simulation mismatches between the original and synthesized designs. [CDFG-360]
        : Signal 'mask' in module 'rvb_xperm' in file 'rvb_xperm.v' on line 15.
Warning : Referenced signal not in sensitivity list.  This may cause simulation mismatches between the original and synthesized designs. [CDFG-360]
        : Signal 'sz_log2' in module 'rvb_xperm' in file 'rvb_xperm.v' on line 15.
Warning : Referenced signal not in sensitivity list.  This may cause simulation mismatches between the original and synthesized designs. [CDFG-360]
        : Signal 'rs1' in module 'rvb_xperm' in file 'rvb_xperm.v' on line 15.
Warning : Referenced signal not in sensitivity list.  This may cause simulation mismatches between the original and synthesized designs. [CDFG-360]
        : Signal 'res' in module 'rvb_xperm' in file 'rvb_xperm.v' on line 15.
Warning : Connected signal is wider than input port. [CDFG-464]
        : Signal width (23) does not match width of port 'instruction' (21) of instance 'bitmanip_fu' of module 'bitmanip_top' in file 'core.v' on line 193.
        : This may cause simulation mismatches between the original and synthesized designs.
Info    : Done Elaborating Design. [ELAB-3]
        : Done elaborating 'core'.
Checking for analog nets...
Check completed for analog nets.
Checking for source RTL...
Check completed for source RTL.
UM:  flow.cputime  flow.realtime  timing.setup.tns  timing.setup.wns  snapshot
UM:            14             58                                      elaborate
design:core
@genus:root: 4> read_sdc counter_constraints.g
Statistics for commands executed by read_sdc:
 "create_clock"             - successful      1 , failed      0 (runtime  0.00)
 "get_clocks"               - successful      2 , failed      0 (runtime  0.00)
 "get_ports"                - successful      2 , failed      0 (runtime  0.00)
 "set_clock_transition"     - successful      2 , failed      0 (runtime  0.00)
 "set_clock_uncertainty"    - successful      1 , failed      0 (runtime  0.00)
Total runtime 0
@genus:root: 5> synthesize -to_mapped -effort medium
Warning : This command will be obsolete in a next major release. [TUI-37]
        : command: 'synthesize'
        : The synthesize command is obsolete. Use the syn_gen, syn_map or syn_opt commands instead.
Info    : Synthesizing. [SYNTH-1]
        : Synthesizing 'core' to generic gates using 'medium' effort.
Info    : Deleting instances not driving any primary outputs. [GLO-34]
        : Deleting 31 sequential instances.
        : Optimizations such as constant propagation or redundancy removal could change the connections so a hierarchical instance does not drive any primary outputs anymore. To see the list of deleted hierarchical instances, set the 'information_level' attribute to 2 or above. If the message is truncated set the message attribute 'truncate' to false to see the complete list. To prevent this optimization, set the 'delete_unloaded_insts' root/subdesign attribute to 'false' or 'preserve' instance attribute to 'true'.
Info    : Deleting instances not driving any primary outputs. [GLO-34]
        : Deleting 34 hierarchical instances.
Info    : Pre-processed datapath logic. [DPOPT-6]
        : No pre-processing optimizations applied to datapath logic in 'core'.
Info    : Optimizing datapath logic. [DPOPT-1]
        : Optimizing datapath logic in 'core'.
Info    : Implementing datapath configurations. [DPOPT-3]
        : Implementing datapath configurations for 'CDN_DP_region_4565'
Info    : Done implementing datapath configurations. [DPOPT-4]
        : Selected 'very_fast' configuration 4 for module 'CDN_DP_region_4565'.
          Optimizations applied to 'very_fast' configuration:
            rewriting(0), factoring(0), sharing(0), cmultcse(0), downsizing(0), speculation(0)
Info    : Implementing datapath configurations. [DPOPT-3]
        : Implementing datapath configurations for 'CDN_DP_region_4570'
Info    : Done implementing datapath configurations. [DPOPT-4]
        : Selected 'very_fast' configuration 4 for module 'CDN_DP_region_4570'.
          Optimizations applied to 'very_fast' configuration:
            rewriting(0), factoring(0), sharing(0), cmultcse(0), downsizing(0), speculation(0)
Info    : Implementing datapath configurations. [DPOPT-3]
        : Implementing datapath configurations for 'CDN_DP_region_4566'
Info    : Done implementing datapath configurations. [DPOPT-4]
        : Selected 'very_fast' configuration 4 for module 'CDN_DP_region_4566'.
          Optimizations applied to 'very_fast' configuration:
            rewriting(0), factoring(0), sharing(0), cmultcse(0), downsizing(0), speculation(0)
Info    : Implementing datapath configurations. [DPOPT-3]
        : Implementing datapath configurations for 'CDN_DP_region_4562'
Info    : Accepted resource sharing opportunity. [RTLOPT-30]
        : Merged the following sets of instances in 'CDN_DP_region_4562_c1 in core':
	  (bitmanip_fu_sll_62_35, bitmanip_fu_sll_61_43)
	  (core_alu_sub_42_28, core_alu_add_41_29)

Info    : Accepted resource sharing opportunity. [RTLOPT-30]
        : Merged the following sets of instances in 'CDN_DP_region_4562_c2 in core':
	  (bitmanip_fu_sll_62_35, bitmanip_fu_sll_61_43)
	  (core_alu_sub_42_28, core_alu_add_41_29)

Info    : Accepted resource sharing opportunity. [RTLOPT-30]
        : Merged the following sets of instances in 'CDN_DP_region_4562_c3 in core':
	  (bitmanip_fu_sll_62_35, bitmanip_fu_sll_61_43)
	  (core_alu_sub_42_28, core_alu_add_41_29)

Info    : Accepted resource sharing opportunity. [RTLOPT-30]
        : Merged the following sets of instances in 'CDN_DP_region_4562_c4 in core':
	  (bitmanip_fu_sll_62_35, bitmanip_fu_sll_61_43)
	  (core_alu_sub_42_28, core_alu_add_41_29)

Info    : Done implementing datapath configurations. [DPOPT-4]
        : Selected 'very_fast' configuration 4 for module 'CDN_DP_region_4562'.
          Optimizations applied to 'very_fast' configuration:
            rewriting(0), factoring(0), sharing(2), cmultcse(0), downsizing(0), speculation(0)
Info    : Implementing datapath configurations. [DPOPT-3]
        : Implementing datapath configurations for 'CDN_DP_region_4569'
Info    : Done implementing datapath configurations. [DPOPT-4]
        : Selected 'very_fast' configuration 4 for module 'CDN_DP_region_4569'.
          Optimizations applied to 'very_fast' configuration:
            rewriting(0), factoring(0), sharing(0), cmultcse(0), downsizing(0), speculation(0)
Info    : Implementing datapath configurations. [DPOPT-3]
        : Implementing datapath configurations for 'CDN_DP_region_4568'
Info    : Done implementing datapath configurations. [DPOPT-4]
        : Selected 'very_fast' configuration 4 for module 'CDN_DP_region_4568'.
          Optimizations applied to 'very_fast' configuration:
            rewriting(0), factoring(0), sharing(0), cmultcse(0), downsizing(0), speculation(0)
Info    : Implementing datapath configurations. [DPOPT-3]
        : Implementing datapath configurations for 'CDN_DP_region_4567'
Info    : Done implementing datapath configurations. [DPOPT-4]
        : Selected 'very_fast' configuration 4 for module 'CDN_DP_region_4567'.
          Optimizations applied to 'very_fast' configuration:
            rewriting(0), factoring(0), sharing(0), cmultcse(0), downsizing(0), speculation(0)
Info    : Implementing datapath configurations. [DPOPT-3]
        : Implementing datapath configurations for 'CDN_DP_region'
Info    : Done implementing datapath configurations. [DPOPT-4]
        : Selected 'very_fast' configuration 4 for module 'CDN_DP_region'.
          Optimizations applied to 'very_fast' configuration:
            rewriting(0), factoring(0), sharing(0), cmultcse(0), downsizing(0), speculation(0)
Info    : Implementing datapath configurations. [DPOPT-3]
        : Implementing datapath configurations for 'CDN_DP_region_4564'
Info    : Done implementing datapath configurations. [DPOPT-4]
        : Selected 'very_fast' configuration 4 for module 'CDN_DP_region_4564'.
          Optimizations applied to 'very_fast' configuration:
            rewriting(0), factoring(0), sharing(0), cmultcse(0), downsizing(0), speculation(0)
Info    : Implementing datapath configurations. [DPOPT-3]
        : Implementing datapath configurations for 'CDN_DP_region_4563'
Info    : Done implementing datapath configurations. [DPOPT-4]
        : Selected 'very_fast' configuration 4 for module 'CDN_DP_region_4563'.
          Optimizations applied to 'very_fast' configuration:
            rewriting(0), factoring(0), sharing(0), cmultcse(0), downsizing(0), speculation(0)
Info    : Done optimizing datapath logic. [DPOPT-2]
        : Done optimizing datapath logic in 'core'.
Warning : Not obtained requested number of super thread servers. [ST-136]
        : The tool is running on a 4 cpu machine.
        : The requested number of cpus are not available on machine.
Info    : Deleting instances not driving any primary outputs. [GLO-34]
        : Deleting 32 sequential instances.
Info    : Deleting instances not driving any primary outputs. [GLO-34]
        : Deleting 1 sequential instance.
Info    : Done synthesizing. [SYNTH-2]
        : Done synthesizing 'core' to generic gates.
Info    : Mapping. [SYNTH-4]
        : Mapping 'core' using 'medium' effort.
Mapper: Libraries have:
	domain _default_: 278 combo usable cells and 172 sequential usable cells
Warning : Not obtained requested number of super thread servers. [ST-136]
        : The tool is running on a 4 cpu machine.
Multi-threaded constant propagation [1|0] ...
Info    : Replacing the synchronous part of an always feeding back flip-flop with a logic constant. [GLO-45]
        : The instance is 'bitmanip_fu_i_rvb_xperm/res_reg[3]'. The constant is '1'.
        : To prevent this optimization, set 'optimize_constant_feedback_seqs' root attribute to 'false'. The instance attribute 'optimize_constant_feedback_seq' controls this optimization. 
Info    : Replacing the synchronous part of an always feeding back flip-flop with a logic constant. [GLO-45]
        : The instance is 'bitmanip_fu_i_rvb_xperm/res_reg[2]'. The constant is '1'.
Info    : Replacing the synchronous part of an always feeding back flip-flop with a logic constant. [GLO-45]
        : The instance is 'bitmanip_fu_i_rvb_xperm/res_reg[1]'. The constant is '1'.
Info    : Replacing the synchronous part of an always feeding back flip-flop with a logic constant. [GLO-45]
        : The instance is 'bitmanip_fu_i_rvb_xperm/res_reg[0]'. The constant is '1'.
Info    : Replacing the synchronous part of an always feeding back flip-flop with a logic constant. [GLO-45]
        : The instance is 'bitmanip_fu_i_rvb_xperm/res_reg[7]'. The constant is '1'.
Info    : Replacing the synchronous part of an always feeding back flip-flop with a logic constant. [GLO-45]
        : The instance is 'bitmanip_fu_i_rvb_xperm/res_reg[6]'. The constant is '1'.
Info    : Replacing the synchronous part of an always feeding back flip-flop with a logic constant. [GLO-45]
        : The instance is 'bitmanip_fu_i_rvb_xperm/res_reg[5]'. The constant is '1'.
Info    : Replacing the synchronous part of an always feeding back flip-flop with a logic constant. [GLO-45]
        : The instance is 'bitmanip_fu_i_rvb_xperm/res_reg[4]'. The constant is '1'.
Info    : Replacing the synchronous part of an always feeding back flip-flop with a logic constant. [GLO-45]
        : The instance is 'bitmanip_fu_i_rvb_xperm/res_reg[11]'. The constant is '1'.
Info    : Replacing the synchronous part of an always feeding back flip-flop with a logic constant. [GLO-45]
        : The instance is 'bitmanip_fu_i_rvb_xperm/res_reg[10]'. The constant is '1'.
Info    : Replacing the synchronous part of an always feeding back flip-flop with a logic constant. [GLO-45]
        : The instance is 'bitmanip_fu_i_rvb_xperm/res_reg[9]'. The constant is '1'.
Info    : Replacing the synchronous part of an always feeding back flip-flop with a logic constant. [GLO-45]
        : The instance is 'bitmanip_fu_i_rvb_xperm/res_reg[8]'. The constant is '1'.
Info    : Replacing the synchronous part of an always feeding back flip-flop with a logic constant. [GLO-45]
        : The instance is 'bitmanip_fu_i_rvb_xperm/res_reg[19]'. The constant is '1'.
Info    : Replacing the synchronous part of an always feeding back flip-flop with a logic constant. [GLO-45]
        : The instance is 'bitmanip_fu_i_rvb_xperm/res_reg[18]'. The constant is '1'.
Info    : Replacing the synchronous part of an always feeding back flip-flop with a logic constant. [GLO-45]
        : The instance is 'bitmanip_fu_i_rvb_xperm/res_reg[17]'. The constant is '1'.
Info    : Replacing the synchronous part of an always feeding back flip-flop with a logic constant. [GLO-45]
        : The instance is 'bitmanip_fu_i_rvb_xperm/res_reg[16]'. The constant is '1'.
Info    : Replacing the synchronous part of an always feeding back flip-flop with a logic constant. [GLO-45]
        : The instance is 'bitmanip_fu_i_rvb_xperm/res_reg[12]'. The constant is '1'.
Info    : Replacing the synchronous part of an always feeding back flip-flop with a logic constant. [GLO-45]
        : The instance is 'bitmanip_fu_i_rvb_xperm/res_reg[13]'. The constant is '1'.
Info    : Replacing the synchronous part of an always feeding back flip-flop with a logic constant. [GLO-45]
        : The instance is 'bitmanip_fu_i_rvb_xperm/res_reg[14]'. The constant is '1'.
Info    : Replacing the synchronous part of an always feeding back flip-flop with a logic constant. [GLO-45]
        : The instance is 'bitmanip_fu_i_rvb_xperm/res_reg[15]'. The constant is '1'.
Info    : Replacing the synchronous part of an always feeding back flip-flop with a logic constant. [GLO-45]
        : The instance is 'bitmanip_fu_i_rvb_xperm/res_reg[20]'. The constant is '1'.
Info    : Replacing the synchronous part of an always feeding back flip-flop with a logic constant. [GLO-45]
        : The instance is 'bitmanip_fu_i_rvb_xperm/res_reg[21]'. The constant is '1'.
Info    : Replacing the synchronous part of an always feeding back flip-flop with a logic constant. [GLO-45]
        : The instance is 'bitmanip_fu_i_rvb_xperm/res_reg[22]'. The constant is '1'.
Info    : Replacing the synchronous part of an always feeding back flip-flop with a logic constant. [GLO-45]
        : The instance is 'bitmanip_fu_i_rvb_xperm/res_reg[23]'. The constant is '1'.
Info    : Deleting instances not driving any primary outputs. [GLO-34]
        : Deleting 5 hierarchical instances.
Info    : Replacing a flip-flop with a logic constant 0. [GLO-12]
        : The instance is 'bitmanip_fu_i_rvb_clmul/state_reg[3]'.
        : To prevent this optimization, set the 'optimize_constant_0_flops' root attribute to 'false' or 'optimize_constant_0_seq' instance attribute to 'false'.
Info    : Replacing a latch with a logic constant 1. [GLO-15]
        : The instance is 'bitmanip_fu_i_rvb_xperm/res_reg[0]'.
        : This optimization was enabled by the root attribute 'optimize_constant_latches'.
Info    : Replacing a latch with a logic constant 1. [GLO-15]
        : The instance is 'bitmanip_fu_i_rvb_xperm/res_reg[1]'.
Info    : Replacing a latch with a logic constant 1. [GLO-15]
        : The instance is 'bitmanip_fu_i_rvb_xperm/res_reg[2]'.
Info    : Replacing a latch with a logic constant 1. [GLO-15]
        : The instance is 'bitmanip_fu_i_rvb_xperm/res_reg[3]'.
Info    : Replacing a latch with a logic constant 1. [GLO-15]
        : The instance is 'bitmanip_fu_i_rvb_xperm/res_reg[4]'.
Info    : Replacing a latch with a logic constant 1. [GLO-15]
        : The instance is 'bitmanip_fu_i_rvb_xperm/res_reg[5]'.
Info    : Replacing a latch with a logic constant 1. [GLO-15]
        : The instance is 'bitmanip_fu_i_rvb_xperm/res_reg[6]'.
Info    : Replacing a latch with a logic constant 1. [GLO-15]
        : The instance is 'bitmanip_fu_i_rvb_xperm/res_reg[7]'.
Info    : Replacing a latch with a logic constant 1. [GLO-15]
        : The instance is 'bitmanip_fu_i_rvb_xperm/res_reg[8]'.
Info    : Replacing a latch with a logic constant 1. [GLO-15]
        : The instance is 'bitmanip_fu_i_rvb_xperm/res_reg[9]'.
Info    : Replacing a latch with a logic constant 1. [GLO-15]
        : The instance is 'bitmanip_fu_i_rvb_xperm/res_reg[10]'.
Info    : Replacing a latch with a logic constant 1. [GLO-15]
        : The instance is 'bitmanip_fu_i_rvb_xperm/res_reg[11]'.
Info    : Replacing a latch with a logic constant 1. [GLO-15]
        : The instance is 'bitmanip_fu_i_rvb_xperm/res_reg[12]'.
Info    : Replacing a latch with a logic constant 1. [GLO-15]
        : The instance is 'bitmanip_fu_i_rvb_xperm/res_reg[13]'.
Info    : Replacing a latch with a logic constant 1. [GLO-15]
        : The instance is 'bitmanip_fu_i_rvb_xperm/res_reg[14]'.
Info    : Replacing a latch with a logic constant 1. [GLO-15]
        : The instance is 'bitmanip_fu_i_rvb_xperm/res_reg[15]'.
Info    : Replacing a latch with a logic constant 1. [GLO-15]
        : The instance is 'bitmanip_fu_i_rvb_xperm/res_reg[16]'.
Info    : Replacing a latch with a logic constant 1. [GLO-15]
        : The instance is 'bitmanip_fu_i_rvb_xperm/res_reg[17]'.
Info    : Replacing a latch with a logic constant 1. [GLO-15]
        : The instance is 'bitmanip_fu_i_rvb_xperm/res_reg[18]'.
Info    : Replacing a latch with a logic constant 1. [GLO-15]
        : The instance is 'bitmanip_fu_i_rvb_xperm/res_reg[19]'.
Info    : Replacing a latch with a logic constant 1. [GLO-15]
        : The instance is 'bitmanip_fu_i_rvb_xperm/res_reg[20]'.
Info    : Replacing a latch with a logic constant 1. [GLO-15]
        : The instance is 'bitmanip_fu_i_rvb_xperm/res_reg[21]'.
Info    : Replacing a latch with a logic constant 1. [GLO-15]
        : The instance is 'bitmanip_fu_i_rvb_xperm/res_reg[22]'.
Info    : Replacing a latch with a logic constant 1. [GLO-15]
        : The instance is 'bitmanip_fu_i_rvb_xperm/res_reg[23]'.
Info    : Replacing a latch with a logic constant 1. [GLO-15]
        : The instance is 'bitmanip_fu_i_rvb_xperm/res_reg[24]'.
Info    : Replacing a latch with a logic constant 1. [GLO-15]
        : The instance is 'bitmanip_fu_i_rvb_xperm/res_reg[25]'.
Info    : Replacing a latch with a logic constant 1. [GLO-15]
        : The instance is 'bitmanip_fu_i_rvb_xperm/res_reg[26]'.
Info    : Replacing a latch with a logic constant 1. [GLO-15]
        : The instance is 'bitmanip_fu_i_rvb_xperm/res_reg[27]'.
Info    : Replacing a latch with a logic constant 1. [GLO-15]
        : The instance is 'bitmanip_fu_i_rvb_xperm/res_reg[28]'.
Info    : Replacing a latch with a logic constant 1. [GLO-15]
        : The instance is 'bitmanip_fu_i_rvb_xperm/res_reg[29]'.
Info    : Replacing a latch with a logic constant 1. [GLO-15]
        : The instance is 'bitmanip_fu_i_rvb_xperm/res_reg[30]'.
Info    : Replacing a latch with a logic constant 1. [GLO-15]
        : The instance is 'bitmanip_fu_i_rvb_xperm/res_reg[31]'.
Info    : Deleting instances not driving any primary outputs. [GLO-34]
        : Deleting 1 sequential instance.
Info    : Deleting instances not driving any primary outputs. [GLO-34]
        : Deleting 3 hierarchical instances.
Info    : Deleting instances not driving any primary outputs. [GLO-34]
        : Deleting 1 hierarchical instance.
Multi-threaded Virtual Mapping    (4 threads per ST process, 4 of 4 CPUs usable)
 
Global mapping target info
==========================
Cost Group 'clk' target slack:  1192 ps
Target path end-point (Pin: register_file/regFile_reg[31][30]/d)

Multi-threaded Technology Mapping (4 threads per ST process, 4 of 4 CPUs usable)
 
Global mapping status
=====================
                                   Group   
                                  Tot Wrst 
                           Total  Weighted 
Operation                   Area   Slacks  
-------------------------------------------------------------------------------
 global_map               192848        0 

    Cost Group            Target    Slack    Diff.  Constr.
-----------------------------------------------------------
           clk              1192    15708             40000 

 
Global incremental target info
==============================
Cost Group 'clk' target slack:   795 ps
Target path end-point (Pin: register_file/regFile_reg[31][31]/D (DFFHQX1/D))

 
Global incremental optimization status
======================================
                                   Group   
                                  Tot Wrst 
                           Total  Weighted 
Operation                   Area   Slacks  
-------------------------------------------------------------------------------
 global_incr              190719        0 

    Cost Group            Target    Slack    Diff.  Constr.
-----------------------------------------------------------
           clk               795    14734             40000 

Info    : Done mapping. [SYNTH-5]
        : Done mapping 'core'.
Info    : Incrementally optimizing. [SYNTH-7]
        : Incrementally optimizing 'core' using 'medium' effort.
 
Incremental optimization status
===============================
                                   Group   
                                  Tot Wrst     Total - - DRC Totals - -
                           Total  Weighted      Neg      Max       Max 
Operation                   Area   Slacks      Slack    Trans      Cap 
-------------------------------------------------------------------------------
 init_iopt                190719        0         0         0        0
 const_prop               190719        0         0         0        0
 
Incremental optimization status
===============================
                                   Group   
                                  Tot Wrst     Total - - DRC Totals - -
                           Total  Weighted      Neg      Max       Max 
Operation                   Area   Slacks      Slack    Trans      Cap 
-------------------------------------------------------------------------------
 init_delay               190686        0         0         0        0

           Trick     Calls     Accepts   Attempts    Time(secs) 
-----------------------------------------------------------
       crit_upsz         0  (        0 /        0 )  0.00
    plc_bal_star         0  (        0 /        0 )  0.00
     drc_buftimb         0  (        0 /        0 )  0.00
          plc_st         0  (        0 /        0 )  0.00
       plc_lo_st         0  (        0 /        0 )  0.00
        plc_star         0  (        0 /        0 )  0.00
     drc_buftims         0  (        0 /        0 )  0.00
       plc_lo_st         0  (        0 /        0 )  0.00
            fopt         0  (        0 /        0 )  0.00
       crit_dnsz         0  (        0 /        0 )  0.00
             dup         0  (        0 /        0 )  0.00
            fopt         0  (        0 /        0 )  0.00
        setup_dn         0  (        0 /        0 )  0.00
         buf2inv         0  (        0 /        0 )  0.00
             exp         0  (        0 /        0 )  0.00
       gate_deco         0  (        0 /        0 )  0.00
       gcomp_tim         0  (        0 /        0 )  0.00
  inv_pair_2_buf         0  (        0 /        0 )  0.00

 init_drc                 190686        0         0         0        0

           Trick     Calls     Accepts   Attempts    Time(secs) 
-----------------------------------------------------------
          plc_st         0  (        0 /        0 )  0.00
        plc_star         0  (        0 /        0 )  0.00
        drc_bufs         0  (        0 /        0 )  0.00
        drc_fopt         0  (        0 /        0 )  0.00
        drc_bufb         0  (        0 /        0 )  0.00
      simple_buf         0  (        0 /        0 )  0.00
             dup         0  (        0 /        0 )  0.00
       crit_dnsz         0  (        0 /        0 )  0.00
       crit_upsz         0  (        0 /        0 )  0.00


           Trick     Calls     Accepts   Attempts    Time(secs) 
-----------------------------------------------------------
          plc_st         0  (        0 /        0 )  0.00
        plc_star         0  (        0 /        0 )  0.00
      drc_buf_sp         0  (        0 /        0 )  0.00
        drc_bufs         0  (        0 /        0 )  0.00
        drc_fopt         0  (        0 /        0 )  0.00
        drc_bufb         0  (        0 /        0 )  0.00
      simple_buf         0  (        0 /        0 )  0.00
             dup         0  (        0 /        0 )  0.00
       crit_dnsz         0  (        0 /        0 )  0.00
       crit_upsz         0  (        0 /        0 )  0.00


           Trick     Calls     Accepts   Attempts    Time(secs) 
-----------------------------------------------------------
          plc_st         0  (        0 /        0 )  0.00
        plc_star         0  (        0 /        0 )  0.00
      drc_buf_sp         0  (        0 /        0 )  0.00
        drc_bufs         0  (        0 /        0 )  0.00
        drc_fopt         0  (        0 /        0 )  0.00
        drc_bufb         0  (        0 /        0 )  0.00
             dup         0  (        0 /        0 )  0.00
       crit_dnsz         0  (        0 /        0 )  0.00
       crit_upsz         0  (        0 /        0 )  0.00

 init_tns                 190686        0         0         0        0

           Trick     Calls     Accepts   Attempts    Time(secs) 
-----------------------------------------------------------
    plc_bal_star         0  (        0 /        0 )  0.00
     drc_buftimb         0  (        0 /        0 )  0.00
     drc_buftims         0  (        0 /        0 )  0.00
       crit_upsz         0  (        0 /        0 )  0.00
       plc_lo_st         0  (        0 /        0 )  0.00
            fopt         0  (        0 /        0 )  0.00
       crit_dnsz         0  (        0 /        0 )  0.00
             dup         0  (        0 /        0 )  0.00
        setup_dn         0  (        0 /        0 )  0.00
         buf2inv         0  (        0 /        0 )  0.00

 init_area                190686        0         0         0        0
 glob_area                190503        0         0         0        0
 area_down                190416        0         0         0        0

           Trick     Calls     Accepts   Attempts    Time(secs) 
-----------------------------------------------------------
           undup         1  (        1 /        1 )  0.04
         rem_buf         1  (        1 /        1 )  0.01
         rem_inv         2  (        2 /        2 )  0.05
        merge_bi         1  (        1 /        1 )  0.06
      rem_inv_qb         0  (        0 /        0 )  0.00
        io_phase         8  (        1 /        1 )  0.07
       gate_comp       569  (        1 /        1 )  1.97
       gcomp_mog         4  (        0 /        0 )  0.49
       glob_area        55  (        3 /       55 )  0.06
       area_down        15  (       10 /       10 )  0.35
      size_n_buf         0  (        0 /        0 )  0.03
  gate_deco_area         0  (        0 /        0 )  0.01
         rem_buf         0  (        0 /        0 )  0.00
         rem_inv         0  (        0 /        0 )  0.00
        merge_bi         0  (        0 /        0 )  0.02
      rem_inv_qb         0  (        0 /        0 )  0.00

 
Incremental optimization status
===============================
                                   Group   
                                  Tot Wrst     Total - - DRC Totals - -
                           Total  Weighted      Neg      Max       Max 
Operation                   Area   Slacks      Slack    Trans      Cap 
-------------------------------------------------------------------------------
 init_delay               190416        0         0         0        0

           Trick     Calls     Accepts   Attempts    Time(secs) 
-----------------------------------------------------------
       crit_upsz         0  (        0 /        0 )  0.00
    plc_bal_star         0  (        0 /        0 )  0.00
     drc_buftimb         0  (        0 /        0 )  0.00
          plc_st         0  (        0 /        0 )  0.00
       plc_lo_st         0  (        0 /        0 )  0.00
        plc_star         0  (        0 /        0 )  0.00
     drc_buftims         0  (        0 /        0 )  0.00
       plc_lo_st         0  (        0 /        0 )  0.00
            fopt         0  (        0 /        0 )  0.00
       crit_dnsz         0  (        0 /        0 )  0.00
             dup         0  (        0 /        0 )  0.00
            fopt         0  (        0 /        0 )  0.00
        setup_dn         0  (        0 /        0 )  0.00
         buf2inv         0  (        0 /        0 )  0.00
             exp         0  (        0 /        0 )  0.00
       gate_deco         0  (        0 /        0 )  0.00
       gcomp_tim         0  (        0 /        0 )  0.00
  inv_pair_2_buf         0  (        0 /        0 )  0.00

 init_drc                 190416        0         0         0        0

           Trick     Calls     Accepts   Attempts    Time(secs) 
-----------------------------------------------------------
          plc_st         0  (        0 /        0 )  0.00
        plc_star         0  (        0 /        0 )  0.00
        drc_bufs         0  (        0 /        0 )  0.00
        drc_fopt         0  (        0 /        0 )  0.00
        drc_bufb         0  (        0 /        0 )  0.00
      simple_buf         0  (        0 /        0 )  0.00
             dup         0  (        0 /        0 )  0.00
       crit_dnsz         0  (        0 /        0 )  0.00
       crit_upsz         0  (        0 /        0 )  0.00


           Trick     Calls     Accepts   Attempts    Time(secs) 
-----------------------------------------------------------
          plc_st         0  (        0 /        0 )  0.00
        plc_star         0  (        0 /        0 )  0.00
        drc_bufs         0  (        0 /        0 )  0.00
        drc_fopt         0  (        0 /        0 )  0.00
        drc_bufb         0  (        0 /        0 )  0.00
      simple_buf         0  (        0 /        0 )  0.00
             dup         0  (        0 /        0 )  0.00
       crit_dnsz         0  (        0 /        0 )  0.00
       crit_upsz         0  (        0 /        0 )  0.00


           Trick     Calls     Accepts   Attempts    Time(secs) 
-----------------------------------------------------------
          plc_st         0  (        0 /        0 )  0.00
        plc_star         0  (        0 /        0 )  0.00
        drc_bufs         0  (        0 /        0 )  0.00
        drc_fopt         0  (        0 /        0 )  0.00
        drc_bufb         0  (        0 /        0 )  0.00
             dup         0  (        0 /        0 )  0.00
       crit_dnsz         0  (        0 /        0 )  0.00
       crit_upsz         0  (        0 /        0 )  0.00

 init_area                190416        0         0         0        0
 area_down                190353        0         0         0        0

           Trick     Calls     Accepts   Attempts    Time(secs) 
-----------------------------------------------------------
           undup         0  (        0 /        0 )  0.02
         rem_buf         0  (        0 /        0 )  0.00
         rem_inv         0  (        0 /        0 )  0.00
        merge_bi         0  (        0 /        0 )  0.02
      rem_inv_qb         0  (        0 /        0 )  0.00
        io_phase         7  (        0 /        0 )  0.06
       gate_comp       568  (        0 /        0 )  1.98
       gcomp_mog         4  (        0 /        0 )  0.49
       glob_area        50  (        0 /       50 )  0.03
       area_down        12  (        8 /        8 )  0.22
      size_n_buf         0  (        0 /        0 )  0.03
  gate_deco_area         0  (        0 /        0 )  0.00

Info    : Done incrementally optimizing. [SYNTH-8]
        : Done incrementally optimizing 'core'.
     flow.cputime  flow.realtime  timing.setup.tns  timing.setup.wns  snapshot
UM:           159            149                                      synthesize
@genus:root: 6> report area
============================================================
  Generated by:           Genus(TM) Synthesis Solution 17.21-s010_1
  Generated on:           Apr 28 2021  07:13:02 pm
  Module:                 core
  Technology library:     tsmc18 1.0
  Operating conditions:   slow (balanced_tree)
  Wireload mode:          enclosed
  Area mode:              timing library
============================================================

                    Instance                                  Module                Cell Count  Cell Area  Net Area   Total Area  Wireload     
-----------------------------------------------------------------------------------------------------------------------------------------------
core                                                                                      9570 190353.241     0.000   190353.241    <none> (D) 
  register_file                                 register_bank                             4576 100623.601     0.000   100623.601    <none> (D) 
  crypto_fu                                     riscv_crypto_fu                           1790  31916.808     0.000    31916.808    <none> (D) 
    i_riscv_crypto_fu_ssha512                   riscv_crypto_fu_ssha512                    355   6350.098     0.000     6350.098    <none> (D) 
    i_riscv_crypto_fu_ssm4_i_sm4_sbox           riscv_crypto_sm4_sbox                      136   2677.752     0.000     2677.752    <none> (D) 
      mid                                       riscv_crypto_sbox_inv_mid                   64   1101.038     0.000     1101.038    <none> (D) 
      bot                                       riscv_crypto_sbox_sm4_out                   38    924.739     0.000      924.739    <none> (D) 
      top                                       riscv_crypto_sbox_sm4_top                   34    651.974     0.000      651.974    <none> (D) 
    i_riscv_crypto_fu_aes32_i_aes_sbox_inv      riscv_crypto_aes_inv_sbox                  130   2671.099     0.000     2671.099    <none> (D) 
      mid                                       riscv_crypto_sbox_inv_mid_4580              65   1130.976     0.000     1130.976    <none> (D) 
      out                                       riscv_crypto_sbox_aesi_out                  37    911.434     0.000      911.434    <none> (D) 
      top                                       riscv_crypto_sbox_aesi_top                  28    628.690     0.000      628.690    <none> (D) 
    i_riscv_crypto_fu_aes32_i_aes_sbox_fwd      riscv_crypto_aes_fwd_sbox                  135   2661.120     0.000     2661.120    <none> (D) 
      mid                                       riscv_crypto_sbox_inv_mid_4581              62   1120.997     0.000     1120.997    <none> (D) 
      out                                       riscv_crypto_sbox_aes_out                   42    934.718     0.000      934.718    <none> (D) 
      top                                       riscv_crypto_sbox_aes_top                   31    605.405     0.000      605.405    <none> (D) 
  bitmanip_fu_i_rvb_clmul                       rvb_clmul                                  778  16558.819     0.000    16558.819    <none> (D) 
  core_control                                  control_unit                               219   2980.454     0.000     2980.454    <none> (D) 
  core_alu_sub_42_28_Y_core_alu_add_41_29       addsub_unsigned_367                         66   2963.822     0.000     2963.822    <none> (D) 
  core_alu_srl_47_28                            shift_right_vlog_unsigned                  159   2574.634     0.000     2574.634    <none> (D) 
  core_alu_sll_43_28                            shift_left_vlog_unsigned_2455              159   2574.634     0.000     2574.634    <none> (D) 
  pc_adder_add_4_17                             add_unsigned                                34   2175.466     0.000     2175.466    <none> (D) 
  pc_latch                                      program_counter                             32   1809.562     0.000     1809.562    <none> (D) 
  core_alu_lt_27_20                             lt_unsigned_2060                            91   1174.219     0.000     1174.219    <none> (D) 
  core_alu_lt_26_29                             lt_signed_2062                              91   1174.219     0.000     1174.219    <none> (D) 
  reg_to_mem                                    mbr_sx_store                                71    878.170     0.000      878.170    <none> (D) 
  bitmanip_fu_sll_62_35_Y_bitmanip_fu_sll_61_43 shift_left_vlog_unsigned_2455_4599          69    848.232     0.000      848.232    <none> (D) 
  bitmanip_fu_srl_62_35                         shift_right_vlog_unsigned_4600              32    439.085     0.000      439.085    <none> (D) 
  stall_unit                                    load_stall                                   8    429.106     0.000      429.106    <none> (D) 

 (D) = wireload is default in technology library
@genus:root: 7> report timing
Warning : Possible timing problems have been detected in this design. [TIM-11]
        : The design is 'core'.
        : Use 'report timing -lint' for more information.
============================================================
  Generated by:           Genus(TM) Synthesis Solution 17.21-s010_1
  Generated on:           Apr 28 2021  07:13:09 pm
  Module:                 core
  Operating conditions:   slow (balanced_tree)
  Wireload mode:          enclosed
  Area mode:              timing library
============================================================


Path 1: MET (13246 ps) Setup Check with Pin register_file/regFile_reg[31][31]/CK->D
          Group: clk
     Startpoint: (R) stall_unit/delayed_load_reg/CK
          Clock: (R) clk
       Endpoint: (R) register_file/regFile_reg[31][31]/D
          Clock: (R) clk

                     Capture       Launch     
        Clock Edge:+   40000            0     
       Src Latency:+       0            0     
       Net Latency:+       0 (I)        0 (I) 
           Arrival:=   40000            0     
                                              
             Setup:-     159                  
       Uncertainty:-     100                  
     Required Time:=   39741                  
      Launch Clock:-       0                  
         Data Path:-   26496                  
             Slack:=   13246                  

#--------------------------------------------------------------------------------------------------------------
#            Timing Point             Flags    Arc   Edge   Cell     Fanout  Load Trans Delay Arrival Instance 
#                                                                            (fF)  (ps)  (ps)   (ps)  Location 
#--------------------------------------------------------------------------------------------------------------
  stall_unit/delayed_load_reg/CK      -       -      R     (arrival)   1135     -   100     -       0    (-,-) 
  stall_unit/delayed_load_reg/Q       -       CK->Q  R     DFFTRX1       24  95.2  1198   997     997    (-,-) 
  g9547/Y                             -       A->Y   F     INVX1         18  59.0   555   492    1489    (-,-) 
  g9534/Y                             -       A->Y   F     AND2X2        17  63.0   236   404    1893    (-,-) 
  register_file/g36858/Y              -       AN->Y  F     NAND2BX1       7  26.3   338   336    2229    (-,-) 
  register_file/g36793/Y              -       B->Y   R     NOR2X1        32 121.8  2274  1373    3602    (-,-) 
  register_file/g36170/Y              -       B0->Y  F     AOI22XL        1   4.7   482   333    3936    (-,-) 
  register_file/g35671/Y              -       B->Y   R     NAND4X1        1   3.4   210   205    4140    (-,-) 
  register_file/g35544/Y              -       A->Y   R     OR2X2          1   3.5    70   147    4288    (-,-) 
  register_file/g35505/Y              -       B0->Y  F     AOI211XL       1   4.8   249    71    4358    (-,-) 
  register_file/g35444/Y              -       A->Y   R     NAND4X1       13  45.7   663   407    4766    (-,-) 
  g11705/Y                            -       A->Y   R     MX2X1         72 300.0  3668  2246    7012    (-,-) 
  core_alu_lt_26_29/g899/Y            -       A1->Y  F     AOI21X1        1   4.4   524   119    7131    (-,-) 
  core_alu_lt_26_29/g898/Y            -       B0->Y  R     AOI21X1        1   4.6   236   234    7365    (-,-) 
  core_alu_lt_26_29/g897/Y            -       A0->Y  F     OAI22X1        1   4.7   378   112    7477    (-,-) 
  core_alu_lt_26_29/g896/Y            -       A0->Y  R     AOI22X1        1   4.6   261   215    7692    (-,-) 
  core_alu_lt_26_29/g895/Y            -       A0->Y  F     OAI22X1        1   4.7   281   114    7806    (-,-) 
  core_alu_lt_26_29/g894/Y            -       A0->Y  R     AOI22X1        1   4.6   262   194    8000    (-,-) 
  core_alu_lt_26_29/g893/Y            -       A0->Y  F     OAI22X1        2   7.1   156   128    8128    (-,-) 
  core_alu_lt_26_29/g892/Y            -       A0N->Y F     AOI2BB1XL      1   4.4   122   268    8395    (-,-) 
  core_alu_lt_26_29/g891/Y            -       B0->Y  R     AOI21X1        1   4.6   216   150    8546    (-,-) 
  core_alu_lt_26_29/g890/Y            -       A0->Y  F     OAI22X1        1   4.7   151   110    8655    (-,-) 
  core_alu_lt_26_29/g889/Y            -       A0->Y  R     AOI22X1        1   4.6   261   165    8820    (-,-) 
  core_alu_lt_26_29/g888/Y            -       A0->Y  F     OAI22X1        1   4.7   151   114    8934    (-,-) 
  core_alu_lt_26_29/g887/Y            -       A0->Y  R     AOI22X1        1   4.6   261   165    9099    (-,-) 
  core_alu_lt_26_29/g886/Y            -       A0->Y  F     OAI22X1        2   7.1   169   128    9227    (-,-) 
  core_alu_lt_26_29/g885/Y            -       A0N->Y F     AOI2BB1XL      1   4.4   122   271    9498    (-,-) 
  core_alu_lt_26_29/g884/Y            -       B0->Y  R     AOI21X1        1   4.6   216   150    9648    (-,-) 
  core_alu_lt_26_29/g883/Y            -       A0->Y  F     OAI22X1        1   4.7   150   109    9758    (-,-) 
  core_alu_lt_26_29/g882/Y            -       A0->Y  R     AOI22X1        1   4.6   261   165    9923    (-,-) 
  core_alu_lt_26_29/g881/Y            -       A0->Y  F     OAI22X1        1   4.7   150   114   10037    (-,-) 
  core_alu_lt_26_29/g880/Y            -       A0->Y  R     AOI22X1        1   4.6   261   165   10202    (-,-) 
  core_alu_lt_26_29/g879/Y            -       A0->Y  F     OAI22X1        1   4.7   153   114   10317    (-,-) 
  core_alu_lt_26_29/g878/Y            -       A0->Y  R     AOI22X1        1   4.6   261   165   10482    (-,-) 
  core_alu_lt_26_29/g877/Y            -       A0->Y  F     OAI22X1        1   4.7   153   114   10596    (-,-) 
  core_alu_lt_26_29/g876/Y            -       A0->Y  R     AOI22X1        1   4.6   261   165   10762    (-,-) 
  core_alu_lt_26_29/g875/Y            -       A0->Y  F     OAI22X1        1   4.7   153   114   10876    (-,-) 
  core_alu_lt_26_29/g874/Y            -       A0->Y  R     AOI22X1        1   4.6   261   165   11042    (-,-) 
  core_alu_lt_26_29/g873/Y            -       A0->Y  F     OAI22X1        2   6.5   166   124   11166    (-,-) 
  core_alu_lt_26_29/g872/Y            -       A->Y   R     NOR2X1         1   4.6   186   135   11301    (-,-) 
  core_alu_lt_26_29/g871/Y            -       B0->Y  F     OAI2BB2X1      1   4.7   131    95   11397    (-,-) 
  core_alu_lt_26_29/g870/Y            -       A0->Y  R     AOI22X1        1   4.6   262   160   11557    (-,-) 
  core_alu_lt_26_29/g869/Y            -       A0->Y  F     OAI22X1        1   4.7   153   114   11672    (-,-) 
  core_alu_lt_26_29/g868/Y            -       A0->Y  R     AOI22X1        1   3.6   244   155   11827    (-,-) 
  core_alu_lt_26_29/g867/Y            -       A0->Y  F     OAI222XL       1   3.0   214   198   12025    (-,-) 
  core_alu_lt_26_29/g866/Y            -       B0->Y  R     OAI21XL        1   3.4   254   128   12153    (-,-) 
  core_alu_lt_26_29/g865/Y            -       B0->Y  F     OAI2BB1X1      1   3.0    89    73   12225    (-,-) 
  core_alu_lt_26_29/g864/Y            -       B0->Y  R     OAI21XL        3  12.6   478   186   12412    (-,-) 
  core_control/g2246/Y                -       A0->Y  F     OAI22X1        1   4.4   149   137   12548    (-,-) 
  core_control/g3942/Y                -       B0->Y  R     AOI31X1        1   4.8   247   190   12738    (-,-) 
  core_control/g2242/Y                -       A->Y   F     NAND3X1       32 103.1  1029   654   13392    (-,-) 
  g9504/Y                             -       A->Y   F     AND2X2         2   5.6    81   346   13738    (-,-) 
  pc_adder_add_4_17/g783/Y            -       A->Y   F     AND2X2         2  10.3    77   167   13905    (-,-) 
  pc_adder_add_4_17/g780/CO           -       CI->CO F     ADDFX1         1   6.2   142   313   14218    (-,-) 
  pc_adder_add_4_17/g779/CO           -       CI->CO F     ADDFX1         1   6.2   142   330   14548    (-,-) 
  pc_adder_add_4_17/g778/CO           -       CI->CO F     ADDFX1         1   6.2   142   330   14878    (-,-) 
  pc_adder_add_4_17/g777/CO           -       CI->CO F     ADDFX1         1   6.2   142   330   15208    (-,-) 
  pc_adder_add_4_17/g776/CO           -       CI->CO F     ADDFX1         1   6.2   142   330   15538    (-,-) 
  pc_adder_add_4_17/g775/CO           -       CI->CO F     ADDFX1         1   6.2   142   330   15868    (-,-) 
  pc_adder_add_4_17/g774/CO           -       CI->CO F     ADDFX1         1   6.2   142   330   16198    (-,-) 
  pc_adder_add_4_17/g773/CO           -       CI->CO F     ADDFX1         1   6.2   142   330   16528    (-,-) 
  pc_adder_add_4_17/g772/CO           -       CI->CO F     ADDFX1         1   6.2   142   330   16858    (-,-) 
  pc_adder_add_4_17/g771/CO           -       CI->CO F     ADDFX1         1   6.2   142   330   17188    (-,-) 
  pc_adder_add_4_17/g770/CO           -       CI->CO F     ADDFX1         1   6.2   142   330   17518    (-,-) 
  pc_adder_add_4_17/g769/CO           -       CI->CO F     ADDFX1         1   6.2   142   330   17848    (-,-) 
  pc_adder_add_4_17/g768/CO           -       CI->CO F     ADDFX1         1   6.2   142   330   18178    (-,-) 
  pc_adder_add_4_17/g767/CO           -       CI->CO F     ADDFX1         1   6.2   142   330   18508    (-,-) 
  pc_adder_add_4_17/g766/CO           -       CI->CO F     ADDFX1         1   6.2   142   330   18838    (-,-) 
  pc_adder_add_4_17/g765/CO           -       CI->CO F     ADDFX1         1   6.2   142   330   19168    (-,-) 
  pc_adder_add_4_17/g764/CO           -       CI->CO F     ADDFX1         1   6.2   142   330   19498    (-,-) 
  pc_adder_add_4_17/g763/CO           -       CI->CO F     ADDFX1         1   6.2   142   330   19828    (-,-) 
  pc_adder_add_4_17/g762/CO           -       CI->CO F     ADDFX1         1   6.2   142   330   20158    (-,-) 
  pc_adder_add_4_17/g761/CO           -       CI->CO F     ADDFX1         1   6.2   142   330   20488    (-,-) 
  pc_adder_add_4_17/g760/CO           -       CI->CO F     ADDFX1         1   6.2   142   330   20818    (-,-) 
  pc_adder_add_4_17/g759/CO           -       CI->CO F     ADDFX1         1   6.2   142   330   21148    (-,-) 
  pc_adder_add_4_17/g758/CO           -       CI->CO F     ADDFX1         1   6.2   142   330   21478    (-,-) 
  pc_adder_add_4_17/g757/CO           -       CI->CO F     ADDFX1         1   6.2   142   330   21808    (-,-) 
  pc_adder_add_4_17/g756/CO           -       CI->CO F     ADDFX1         1   6.2   142   330   22138    (-,-) 
  pc_adder_add_4_17/g755/CO           -       CI->CO F     ADDFX1         1   6.2   142   330   22468    (-,-) 
  pc_adder_add_4_17/g754/CO           -       CI->CO F     ADDFX1         1   6.2   142   330   22798    (-,-) 
  pc_adder_add_4_17/g753/CO           -       CI->CO F     ADDFX1         1   6.2   142   330   23128    (-,-) 
  pc_adder_add_4_17/g752/CO           -       CI->CO F     ADDFX1         1   6.2   142   330   23458    (-,-) 
  pc_adder_add_4_17/g751/CO           -       CI->CO F     ADDFX1         2   6.8   146   334   23792    (-,-) 
  pc_adder_add_4_17/g750/Y            -       B0->Y  R     OAI2BB2X1      2   8.3   292   213   24005    (-,-) 
  g38692/Y                            -       A0->Y  F     OAI221XL       1   4.8   230   179   24184    (-,-) 
  g38538/Y                            -       A0->Y  R     OAI31X1       31 133.3  3253  1911   26095    (-,-) 
  register_file/g29045/Y              -       B0->Y  F     AOI22X1        1   2.6   513   258   26353    (-,-) 
  register_file/g28549/Y              -       A->Y   R     INVXL          1   2.1   135   142   26496    (-,-) 
  register_file/regFile_reg[31][31]/D <<<     -      R     DFFHQX1        1     -     -     0   26496    (-,-) 
#--------------------------------------------------------------------------------------------------------------

@genus:root: 8> report power
============================================================
  Generated by:           Genus(TM) Synthesis Solution 17.21-s010_1
  Generated on:           Apr 28 2021  07:13:13 pm
  Module:                 core
  Operating conditions:   slow (balanced_tree)
  Wireload mode:          enclosed
  Area mode:              timing library
============================================================

                                     Leakage    Dynamic      Total    
           Instance           Cells Power(nW)  Power(nW)   Power(nW)  
----------------------------------------------------------------------
core                           9570  5399.520 8236134.263 8241533.783 
  register_file                4576  2852.380 3736553.283 3739405.663 
  crypto_fu                    1790   959.799  661272.464  662232.263 
    i_riscv_crypto_fu_ssha512   355   187.462       0.000     187.462 
    i_riscv_cr.._aes_sbox_fwd   135   105.980       0.000     105.980 
      mid                        62    42.917       0.000      42.917 
      out                        42    37.021       0.000      37.021 
      top                        31    26.042       0.000      26.042 
    i_riscv_cr.._aes_sbox_inv   130   102.667       0.000     102.667 
      mid                        65    41.408       0.000      41.408 
      out                        37    37.423       0.000      37.423 
      top                        28    23.836       0.000      23.836 
    i_riscv_cr..m4_i_sm4_sbox   136    95.309       0.000      95.309 
      mid                        64    38.117       0.000      38.117 
      bot                        38    35.820       0.000      35.820 
      top                        34    21.372       0.000      21.372 
  bitmanip_fu_i_rvb_clmul       778   456.630  914437.628  914894.257 
  core_alu_s..alu_add_41_29      66   145.901  243063.958  243209.859 
  pc_adder_add_4_17              34   112.520   82600.758   82713.278 
  core_control                  219    90.375   46979.872   47070.247 
  core_alu_srl_47_28            159    51.096  236926.701  236977.797 
  core_alu_sll_43_28            159    50.672  233576.457  233627.130 
  pc_latch                       32    48.970  124761.486  124810.457 
  core_alu_lt_27_20              91    31.124   82741.810   82772.934 
  core_alu_lt_26_29              91    31.102   82273.226   82304.328 
  reg_to_mem                     71    20.238   22120.744   22140.982 
  bitmanip_f.._fu_sll_61_43      69    17.986   46601.462   46619.448 
  bitmanip_fu_srl_62_35          32    15.380   30381.722   30397.103 
  stall_unit                      8    14.667   25034.118   25048.784 

@genus:root: 9> exit
Normal exit.